#
# There is insufficient memory for the Java Runtime Environment to continue.
# Native memory allocation (malloc) failed to allocate 204016 bytes for Chunk::new
# Possible reasons:
#   The system is out of physical RAM or swap space
#   The process is running with CompressedOops enabled, and the Java Heap may be blocking the growth of the native heap
# Possible solutions:
#   Reduce memory load on the system
#   Increase physical memory or swap space
#   Check if swap backing store is full
#   Decrease Java heap size (-Xmx/-Xms)
#   Decrease number of Java threads
#   Decrease Java thread stack sizes (-Xss)
#   Set larger code cache with -XX:ReservedCodeCacheSize=
#   JVM is running with Zero Based Compressed Oops mode in which the Java heap is
#     placed in the first 32GB address space. The Java Heap base address is the
#     maximum limit for the native heap growth. Please use -XX:HeapBaseMinAddress
#     to set the Java Heap base and to place the Java Heap above 32GB virtual address.
# This output file may be truncated or incomplete.
#
#  Out of Memory Error (c:/BuildAgent/work/5ff2f6c26000d570/src/hotspot/share/memory/arena.cpp:197), pid=12552, tid=23180
#
# JRE version: OpenJDK Runtime Environment (11.0.3+12) (build 11.0.3+12-b304.56)
# Java VM: OpenJDK 64-Bit Server VM (11.0.3+12-b304.56, mixed mode, sharing, tiered, compressed oops, g1 gc, windows-amd64)
# No core dump will be written. Minidumps are not enabled by default on client versions of Windows
#

---------------  S U M M A R Y ------------

Command Line: --add-opens=java.base/java.util=ALL-UNNAMED --add-opens=java.base/java.lang=ALL-UNNAMED --add-opens=java.base/java.lang.invoke=ALL-UNNAMED --add-opens=java.prefs/java.util.prefs=ALL-UNNAMED -Xmx3G -Dfile.encoding=windows-1254 -Duser.country=TR -Duser.language=tr -Duser.variant org.gradle.launcher.daemon.bootstrap.GradleDaemon 6.8.1

Host: Intel(R) Core(TM) i7-9750H CPU @ 2.60GHz, 12 cores, 15G,  Windows 10 , 64 bit Build 19041 (10.0.19041.1645)
Time: Thu May 19 02:28:16 2022 T¸rkiye Standart Saati elapsed time: 79 seconds (0d 0h 1m 19s)

---------------  T H R E A D  ---------------

Current thread (0x00000168a6e50800):  JavaThread "C2 CompilerThread0" daemon [_thread_in_native, id=23180, stack(0x00000065b7f00000,0x00000065b8000000)]


Current CompileTask:
C2:  79356 7869   !   4       java.util.concurrent.LinkedBlockingQueue::poll (128 bytes)

Stack: [0x00000065b7f00000,0x00000065b8000000]
Native frames: (J=compiled Java code, j=interpreted, Vv=VM code, C=native code)
V  [jvm.dll+0x5da77a]
V  [jvm.dll+0x70b9c9]
V  [jvm.dll+0x70cee8]
V  [jvm.dll+0x70d5b3]
V  [jvm.dll+0x23ddc8]
V  [jvm.dll+0xb931c]
V  [jvm.dll+0xb981c]
V  [jvm.dll+0x2b1ae4]
V  [jvm.dll+0x4ffd52]
V  [jvm.dll+0x1f9073]
V  [jvm.dll+0x1f6aaf]
V  [jvm.dll+0x17fadb]
V  [jvm.dll+0x204e17]
V  [jvm.dll+0x2036b2]
V  [jvm.dll+0x6d885f]
V  [jvm.dll+0x6d165d]
V  [jvm.dll+0x5d9a56]
C  [ucrtbase.dll+0x21bb2]
C  [KERNEL32.DLL+0x17034]
C  [ntdll.dll+0x52651]


---------------  P R O C E S S  ---------------

Threads class SMR info:
_java_thread_list=0x00000168a79ad740, length=73, elements={
0x0000016888b61000, 0x00000168a6e29800, 0x00000168a6e2e800, 0x00000168a6e4d800,
0x00000168a6e4f800, 0x00000168a6e50800, 0x00000168a6e53800, 0x00000168a6e5d000,
0x00000168a6faa000, 0x00000168a6fad800, 0x00000168a907b800, 0x00000168a71be800,
0x00000168a867e000, 0x00000168a8810800, 0x00000168a81f6800, 0x00000168a8130000,
0x00000168a88a1000, 0x00000168a9658800, 0x00000168a9026800, 0x00000168a8754800,
0x00000168a8899000, 0x00000168a889c800, 0x00000168a889d800, 0x00000168a889f800,
0x00000168a889e000, 0x00000168a889b800, 0x00000168a889f000, 0x00000168a889a000,
0x00000168ac411800, 0x00000168ac416000, 0x00000168ac417000, 0x00000168ac414800,
0x00000168ac418000, 0x00000168ac413000, 0x00000168ac412000, 0x00000168ac419800,
0x00000168ac418800, 0x00000168ac413800, 0x00000168ac41b000, 0x00000168ac41e800,
0x00000168ac41c000, 0x00000168ac420000, 0x00000168acb5f800, 0x00000168acb5a000,
0x00000168acb60800, 0x00000168acb61800, 0x00000168acb5b800, 0x00000168acb66000,
0x00000168acb62000, 0x00000168acb64000, 0x00000168acb64800, 0x00000168acb65800,
0x00000168acb63000, 0x00000168a8eeb000, 0x00000168a8ee6800, 0x00000168a8ee6000,
0x00000168a8eeb800, 0x00000168a8eea000, 0x00000168a8eee000, 0x00000168a8eec800,
0x00000168a8ee8800, 0x00000168a8eed800, 0x00000168a8eef000, 0x00000168a8ee9000,
0x00000168a8ef0800, 0x00000168a8eef800, 0x00000168a8ef2000, 0x00000168a8ef1800,
0x00000168a8ef3000, 0x00000168a8ef4000, 0x00000168ac433000, 0x00000168ac431800,
0x00000168ac438800
}

Java Threads: ( => current thread )
  0x0000016888b61000 JavaThread "main" [_thread_blocked, id=24172, stack(0x00000065b7400000,0x00000065b7500000)]
  0x00000168a6e29800 JavaThread "Reference Handler" daemon [_thread_blocked, id=10148, stack(0x00000065b7b00000,0x00000065b7c00000)]
  0x00000168a6e2e800 JavaThread "Finalizer" daemon [_thread_blocked, id=24996, stack(0x00000065b7c00000,0x00000065b7d00000)]
  0x00000168a6e4d800 JavaThread "Signal Dispatcher" daemon [_thread_blocked, id=7996, stack(0x00000065b7d00000,0x00000065b7e00000)]
  0x00000168a6e4f800 JavaThread "Attach Listener" daemon [_thread_blocked, id=16028, stack(0x00000065b7e00000,0x00000065b7f00000)]
=>0x00000168a6e50800 JavaThread "C2 CompilerThread0" daemon [_thread_in_native, id=23180, stack(0x00000065b7f00000,0x00000065b8000000)]
  0x00000168a6e53800 JavaThread "C1 CompilerThread0" daemon [_thread_blocked, id=23052, stack(0x00000065b8000000,0x00000065b8100000)]
  0x00000168a6e5d000 JavaThread "Sweeper thread" daemon [_thread_blocked, id=25048, stack(0x00000065b8100000,0x00000065b8200000)]
  0x00000168a6faa000 JavaThread "Common-Cleaner" daemon [_thread_blocked, id=16892, stack(0x00000065b8200000,0x00000065b8300000)]
  0x00000168a6fad800 JavaThread "Service Thread" daemon [_thread_blocked, id=24916, stack(0x00000065b8300000,0x00000065b8400000)]
  0x00000168a907b800 JavaThread "Daemon health stats" [_thread_blocked, id=23952, stack(0x00000065b8c00000,0x00000065b8d00000)]
  0x00000168a71be800 JavaThread "Incoming local TCP Connector on port 59421" [_thread_in_native, id=25564, stack(0x00000065b8d00000,0x00000065b8e00000)]
  0x00000168a867e000 JavaThread "Daemon periodic checks" [_thread_blocked, id=20020, stack(0x00000065b8e00000,0x00000065b8f00000)]
  0x00000168a8810800 JavaThread "Daemon" [_thread_blocked, id=25148, stack(0x00000065b8f00000,0x00000065b9000000)]
  0x00000168a81f6800 JavaThread "Handler for socket connection from /127.0.0.1:59421 to /127.0.0.1:59422" [_thread_in_native, id=16376, stack(0x00000065b9000000,0x00000065b9100000)]
  0x00000168a8130000 JavaThread "Cancel handler" [_thread_blocked, id=3568, stack(0x00000065b9100000,0x00000065b9200000)]
  0x00000168a88a1000 JavaThread "Daemon worker" [_thread_blocked, id=19388, stack(0x00000065b9200000,0x00000065b9300000)]
  0x00000168a9658800 JavaThread "Asynchronous log dispatcher for DefaultDaemonConnection: socket connection from /127.0.0.1:59421 to /127.0.0.1:59422" [_thread_blocked, id=3496, stack(0x00000065b9300000,0x00000065b9400000)]
  0x00000168a9026800 JavaThread "Stdin handler" [_thread_blocked, id=9424, stack(0x00000065b9400000,0x00000065b9500000)]
  0x00000168a8754800 JavaThread "Daemon client event forwarder" [_thread_blocked, id=13328, stack(0x00000065b9500000,0x00000065b9600000)]
  0x00000168a8899000 JavaThread "Cache worker for file hash cache (C:\Users\uygar\.gradle\caches\6.8.1\fileHashes)" [_thread_blocked, id=21812, stack(0x00000065b9600000,0x00000065b9700000)]
  0x00000168a889c800 JavaThread "File lock request listener" [_thread_in_native, id=22088, stack(0x00000065b9700000,0x00000065b9800000)]
  0x00000168a889d800 JavaThread "Cache worker for journal cache (C:\Users\uygar\.gradle\caches\journal-1)" [_thread_blocked, id=21620, stack(0x00000065b9800000,0x00000065b9900000)]
  0x00000168a889f800 JavaThread "Cache worker for file hash cache (C:\Users\uygar\OneDrive\Masa√ºst√º\myMod\Darg\.gradle\6.8.1\fileHashes)" [_thread_blocked, id=24792, stack(0x00000065b9b00000,0x00000065b9c00000)]
  0x00000168a889e000 JavaThread "Cache worker for checksums cache (C:\Users\uygar\OneDrive\Masa√ºst√º\myMod\Darg\.gradle\checksums)" [_thread_blocked, id=172, stack(0x00000065b9c00000,0x00000065b9d00000)]
  0x00000168a889b800 JavaThread "Cache worker for cache directory md-supplier (C:\Users\uygar\.gradle\caches\6.8.1\md-supplier)" [_thread_blocked, id=12628, stack(0x00000065b9d00000,0x00000065b9e00000)]
  0x00000168a889f000 JavaThread "Cache worker for cache directory md-rule (C:\Users\uygar\.gradle\caches\6.8.1\md-rule)" [_thread_blocked, id=2196, stack(0x00000065ba200000,0x00000065ba300000)]
  0x00000168a889a000 JavaThread "Cache worker for execution history cache (C:\Users\uygar\.gradle\caches\6.8.1\executionHistory)" [_thread_blocked, id=4604, stack(0x00000065ba300000,0x00000065ba400000)]
  0x00000168ac411800 JavaThread "Cache worker for file content cache (C:\Users\uygar\.gradle\caches\6.8.1\fileContent)" [_thread_blocked, id=19984, stack(0x00000065ba700000,0x00000065ba800000)]
  0x00000168ac416000 JavaThread "Cache worker for Build Output Cleanup Cache (C:\Users\uygar\OneDrive\Masa√ºst√º\myMod\Darg\.gradle\buildOutputCleanup)" [_thread_blocked, id=12012, stack(0x00000065ba800000,0x00000065ba900000)]
  0x00000168ac417000 JavaThread "Build operations" [_thread_blocked, id=5208, stack(0x00000065ba900000,0x00000065baa00000)]
  0x00000168ac414800 JavaThread "Build operations Thread 2" [_thread_blocked, id=15988, stack(0x00000065baa00000,0x00000065bab00000)]
  0x00000168ac418000 JavaThread "Build operations Thread 3" [_thread_blocked, id=20956, stack(0x00000065bab00000,0x00000065bac00000)]
  0x00000168ac413000 JavaThread "Build operations Thread 4" [_thread_blocked, id=25124, stack(0x00000065bac00000,0x00000065bad00000)]
  0x00000168ac412000 JavaThread "Build operations Thread 5" [_thread_blocked, id=24828, stack(0x00000065bad00000,0x00000065bae00000)]
  0x00000168ac419800 JavaThread "Build operations Thread 6" [_thread_blocked, id=2212, stack(0x00000065bae00000,0x00000065baf00000)]
  0x00000168ac418800 JavaThread "Build operations Thread 7" [_thread_blocked, id=12700, stack(0x00000065baf00000,0x00000065bb000000)]
  0x00000168ac413800 JavaThread "Build operations Thread 8" [_thread_blocked, id=24076, stack(0x00000065bb000000,0x00000065bb100000)]
  0x00000168ac41b000 JavaThread "Build operations Thread 9" [_thread_blocked, id=8544, stack(0x00000065bb100000,0x00000065bb200000)]
  0x00000168ac41e800 JavaThread "Build operations Thread 10" [_thread_blocked, id=14516, stack(0x00000065bb200000,0x00000065bb300000)]
  0x00000168ac41c000 JavaThread "Build operations Thread 11" [_thread_blocked, id=23220, stack(0x00000065bb300000,0x00000065bb400000)]
  0x00000168ac420000 JavaThread "Build operations Thread 12" [_thread_blocked, id=11568, stack(0x00000065bb400000,0x00000065bb500000)]
  0x00000168acb5f800 JavaThread "Memory manager" [_thread_blocked, id=15012, stack(0x00000065bd100000,0x00000065bd200000)]
  0x00000168acb5a000 JavaThread "ForkJoinPool.commonPool-worker-19" daemon [_thread_blocked, id=12772, stack(0x00000065bd200000,0x00000065bd300000)]
  0x00000168acb60800 JavaThread "ForkJoinPool.commonPool-worker-5" daemon [_thread_blocked, id=5720, stack(0x00000065bd300000,0x00000065bd400000)]
  0x00000168acb61800 JavaThread "ForkJoinPool.commonPool-worker-23" daemon [_thread_blocked, id=19896, stack(0x00000065bd400000,0x00000065bd500000)]
  0x00000168acb5b800 JavaThread "ForkJoinPool.commonPool-worker-9" daemon [_thread_blocked, id=8908, stack(0x00000065bd500000,0x00000065bd600000)]
  0x00000168acb66000 JavaThread "ForkJoinPool.commonPool-worker-13" daemon [_thread_blocked, id=10364, stack(0x00000065bd700000,0x00000065bd800000)]
  0x00000168acb62000 JavaThread "ForkJoinPool.commonPool-worker-31" daemon [_thread_blocked, id=12736, stack(0x00000065bd800000,0x00000065bd900000)]
  0x00000168acb64000 JavaThread "ForkJoinPool.commonPool-worker-17" daemon [_thread_blocked, id=25072, stack(0x00000065bd900000,0x00000065bda00000)]
  0x00000168acb64800 JavaThread "ForkJoinPool.commonPool-worker-3" daemon [_thread_blocked, id=6644, stack(0x00000065bda00000,0x00000065bdb00000)]
  0x00000168acb65800 JavaThread "ForkJoinPool.commonPool-worker-21" daemon [_thread_blocked, id=7236, stack(0x00000065bdb00000,0x00000065bdc00000)]
  0x00000168acb63000 JavaThread "ForkJoinPool.commonPool-worker-7" daemon [_thread_blocked, id=14788, stack(0x00000065bdc00000,0x00000065bdd00000)]
  0x00000168a8eeb000 JavaThread "Exec process" [_thread_blocked, id=14792, stack(0x00000065bdd00000,0x00000065bde00000)]
  0x00000168a8ee6800 JavaThread "Exec process Thread 2" [_thread_in_native, id=3940, stack(0x00000065bde00000,0x00000065bdf00000)]
  0x00000168a8ee6000 JavaThread "Exec process Thread 3" [_thread_blocked, id=25212, stack(0x00000065bdf00000,0x00000065be000000)]
  0x00000168a8eeb800 JavaThread "Execution worker for ':'" [_thread_blocked, id=8052, stack(0x00000065be000000,0x00000065be100000)]
  0x00000168a8eea000 JavaThread "Execution worker for ':' Thread 2" [_thread_blocked, id=20352, stack(0x00000065be100000,0x00000065be200000)]
  0x00000168a8eee000 JavaThread "Execution worker for ':' Thread 3" [_thread_blocked, id=21904, stack(0x00000065be200000,0x00000065be300000)]
  0x00000168a8eec800 JavaThread "Execution worker for ':' Thread 4" [_thread_blocked, id=20476, stack(0x00000065be300000,0x00000065be400000)]
  0x00000168a8ee8800 JavaThread "Execution worker for ':' Thread 5" [_thread_blocked, id=23632, stack(0x00000065be400000,0x00000065be500000)]
  0x00000168a8eed800 JavaThread "Execution worker for ':' Thread 6" [_thread_blocked, id=6480, stack(0x00000065be500000,0x00000065be600000)]
  0x00000168a8eef000 JavaThread "Execution worker for ':' Thread 7" [_thread_blocked, id=9732, stack(0x00000065be600000,0x00000065be700000)]
  0x00000168a8ee9000 JavaThread "Execution worker for ':' Thread 8" [_thread_blocked, id=21560, stack(0x00000065be700000,0x00000065be800000)]
  0x00000168a8ef0800 JavaThread "Execution worker for ':' Thread 9" [_thread_blocked, id=17172, stack(0x00000065be800000,0x00000065be900000)]
  0x00000168a8eef800 JavaThread "Execution worker for ':' Thread 10" [_thread_blocked, id=10092, stack(0x00000065be900000,0x00000065bea00000)]
  0x00000168a8ef2000 JavaThread "Execution worker for ':' Thread 11" [_thread_blocked, id=25160, stack(0x00000065bea00000,0x00000065beb00000)]
  0x00000168a8ef1800 JavaThread "Cache worker for execution history cache (C:\Users\uygar\OneDrive\Masa√ºst√º\myMod\Darg\.gradle\6.8.1\executionHistory)" [_thread_blocked, id=24080, stack(0x00000065beb00000,0x00000065bec00000)]
  0x00000168a8ef3000 JavaThread "Cache worker for Java compile cache (C:\Users\uygar\.gradle\caches\6.8.1\javaCompile)" [_thread_blocked, id=6176, stack(0x00000065bec00000,0x00000065bed00000)]
  0x00000168a8ef4000 JavaThread "Cache worker for Java compile cache (C:\Users\uygar\OneDrive\Masa√ºst√º\myMod\Darg\.gradle\6.8.1\javaCompile)" [_thread_blocked, id=15800, stack(0x00000065bed00000,0x00000065bee00000)]
  0x00000168ac433000 JavaThread "Exec process Thread 4" [_thread_blocked, id=10452, stack(0x00000065bf000000,0x00000065bf100000)]
  0x00000168ac431800 JavaThread "Exec process Thread 5" [_thread_in_native, id=17100, stack(0x00000065bf400000,0x00000065bf500000)]
  0x00000168ac438800 JavaThread "Exec process Thread 6" [_thread_in_native, id=7844, stack(0x00000065bfa00000,0x00000065bfb00000)]

Other Threads:
  0x00000168a6e28000 VMThread "VM Thread" [stack: 0x00000065b7a00000,0x00000065b7b00000] [id=5760]
  0x00000168a6fb3000 WatcherThread [stack: 0x00000065b8400000,0x00000065b8500000] [id=20772]
  0x0000016888b7b000 GCTaskThread "GC Thread#0" [stack: 0x00000065b7500000,0x00000065b7600000] [id=7444]
  0x00000168a7c77800 GCTaskThread "GC Thread#1" [stack: 0x00000065b8600000,0x00000065b8700000] [id=5008]
  0x00000168a7330800 GCTaskThread "GC Thread#2" [stack: 0x00000065b8700000,0x00000065b8800000] [id=25584]
  0x00000168a7c76000 GCTaskThread "GC Thread#3" [stack: 0x00000065b8800000,0x00000065b8900000] [id=13256]
  0x00000168a7c76800 GCTaskThread "GC Thread#4" [stack: 0x00000065b8900000,0x00000065b8a00000] [id=12960]
  0x00000168a7b05800 GCTaskThread "GC Thread#5" [stack: 0x00000065b8a00000,0x00000065b8b00000] [id=24660]
  0x00000168a8d49000 GCTaskThread "GC Thread#6" [stack: 0x00000065b9e00000,0x00000065b9f00000] [id=24816]
  0x00000168aa7b3000 GCTaskThread "GC Thread#7" [stack: 0x00000065b9f00000,0x00000065ba000000] [id=6688]
  0x00000168a89d9800 GCTaskThread "GC Thread#8" [stack: 0x00000065ba000000,0x00000065ba100000] [id=8572]
  0x00000168abedd800 GCTaskThread "GC Thread#9" [stack: 0x00000065ba100000,0x00000065ba200000] [id=22992]
  0x0000016888bc1800 ConcurrentGCThread "G1 Main Marker" [stack: 0x00000065b7600000,0x00000065b7700000] [id=21280]
  0x0000016888bc3000 ConcurrentGCThread "G1 Conc#0" [stack: 0x00000065b7700000,0x00000065b7800000] [id=9220]
  0x00000168a9a19000 ConcurrentGCThread "G1 Conc#1" [stack: 0x00000065ba400000,0x00000065ba500000] [id=24428]
  0x00000168ac3a1000 ConcurrentGCThread "G1 Conc#2" [stack: 0x00000065ba500000,0x00000065ba600000] [id=23596]
  0x0000016888c4e000 ConcurrentGCThread "G1 Refine#0" [stack: 0x00000065b7800000,0x00000065b7900000] [id=1148]
  0x00000168aff4d000 ConcurrentGCThread "G1 Refine#1" [stack: 0x00000065bf500000,0x00000065bf600000] [id=25316]
  0x00000168a6f66800 ConcurrentGCThread "G1 Refine#2" [stack: 0x00000065bf600000,0x00000065bf700000] [id=16168]
  0x00000168ac501800 ConcurrentGCThread "G1 Refine#3" [stack: 0x00000065bf700000,0x00000065bf800000] [id=21160]
  0x00000168adf90000 ConcurrentGCThread "G1 Refine#4" [stack: 0x00000065bf800000,0x00000065bf900000] [id=23904]
  0x00000168adf91000 ConcurrentGCThread "G1 Refine#5" [stack: 0x00000065bf900000,0x00000065bfa00000] [id=10628]
  0x00000168a64b9800 ConcurrentGCThread "G1 Young RemSet Sampling" [stack: 0x00000065b7900000,0x00000065b7a00000] [id=11716]

Threads with active compile tasks:
C2 CompilerThread07869   !   4       java.util.concurrent.LinkedBlockingQueue::poll (128 bytes)

VM state:not at safepoint (normal execution)

VM Mutex/Monitor currently owned by a thread: None

Heap address: 0x0000000740000000, size: 3072 MB, Compressed Oops mode: Zero based, Oop shift amount: 3
Narrow klass base: 0x0000000800000000, Narrow klass shift: 3
Compressed class space size: 1073741824 Address: 0x0000000840000000

Heap:
 garbage-first heap   total 340992K, used 176967K [0x0000000740000000, 0x0000000800000000)
  region size 1024K, 40 young (40960K), 1 survivors (1024K)
 Metaspace       used 59303K, capacity 61309K, committed 61440K, reserved 1101824K
  class space    used 8106K, capacity 8893K, committed 8960K, reserved 1048576K
Heap Regions: E=young(eden), S=young(survivor), O=old, HS=humongous(starts), HC=humongous(continues), CS=collection set, F=free, A=archive, TAMS=top-at-mark-start (previous, next)
|   0|0x0000000740000000, 0x0000000740100000, 0x0000000740100000|100%| O|  |TAMS 0x0000000740100000, 0x0000000740000000| Untracked 
|   1|0x0000000740100000, 0x0000000740200000, 0x0000000740200000|100%| O|  |TAMS 0x0000000740200000, 0x0000000740100000| Untracked 
|   2|0x0000000740200000, 0x0000000740300000, 0x0000000740300000|100%| O|  |TAMS 0x0000000740300000, 0x0000000740200000| Untracked 
|   3|0x0000000740300000, 0x0000000740400000, 0x0000000740400000|100%|HS|  |TAMS 0x0000000740400000, 0x0000000740300000| Complete 
|   4|0x0000000740400000, 0x0000000740500000, 0x0000000740500000|100%|HC|  |TAMS 0x0000000740500000, 0x0000000740400000| Complete 
|   5|0x0000000740500000, 0x0000000740600000, 0x0000000740600000|100%|HC|  |TAMS 0x0000000740600000, 0x0000000740500000| Complete 
|   6|0x0000000740600000, 0x0000000740700000, 0x0000000740700000|100%| O|  |TAMS 0x0000000740700000, 0x0000000740600000| Untracked 
|   7|0x0000000740700000, 0x0000000740800000, 0x0000000740800000|100%| O|  |TAMS 0x0000000740800000, 0x0000000740700000| Untracked 
|   8|0x0000000740800000, 0x0000000740900000, 0x0000000740900000|100%| O|  |TAMS 0x0000000740900000, 0x0000000740800000| Untracked 
|   9|0x0000000740900000, 0x0000000740a00000, 0x0000000740a00000|100%|HS|  |TAMS 0x0000000740a00000, 0x0000000740900000| Complete 
|  10|0x0000000740a00000, 0x0000000740b00000, 0x0000000740b00000|100%|HC|  |TAMS 0x0000000740b00000, 0x0000000740a00000| Complete 
|  11|0x0000000740b00000, 0x0000000740c00000, 0x0000000740c00000|100%|HS|  |TAMS 0x0000000740b00000, 0x0000000740b00000| Complete 
|  12|0x0000000740c00000, 0x0000000740d00000, 0x0000000740d00000|100%|HS|  |TAMS 0x0000000740c00000, 0x0000000740c00000| Complete 
|  13|0x0000000740d00000, 0x0000000740e00000, 0x0000000740e00000|100%| O|  |TAMS 0x0000000740e00000, 0x0000000740d00000| Untracked 
|  14|0x0000000740e00000, 0x0000000740f00000, 0x0000000740f00000|100%| O|  |TAMS 0x0000000740f00000, 0x0000000740e00000| Untracked 
|  15|0x0000000740f00000, 0x0000000741000000, 0x0000000741000000|100%| O|  |TAMS 0x0000000741000000, 0x0000000740f00000| Untracked 
|  16|0x0000000741000000, 0x0000000741100000, 0x0000000741100000|100%| O|  |TAMS 0x0000000741100000, 0x0000000741000000| Untracked 
|  17|0x0000000741100000, 0x0000000741200000, 0x0000000741200000|100%| O|  |TAMS 0x0000000741200000, 0x0000000741100000| Untracked 
|  18|0x0000000741200000, 0x0000000741300000, 0x0000000741300000|100%| O|  |TAMS 0x0000000741300000, 0x0000000741200000| Untracked 
|  19|0x0000000741300000, 0x0000000741400000, 0x0000000741400000|100%| O|  |TAMS 0x0000000741400000, 0x0000000741300000| Untracked 
|  20|0x0000000741400000, 0x0000000741500000, 0x0000000741500000|100%| O|  |TAMS 0x0000000741500000, 0x0000000741400000| Untracked 
|  21|0x0000000741500000, 0x0000000741600000, 0x0000000741600000|100%| O|  |TAMS 0x0000000741600000, 0x0000000741500000| Untracked 
|  22|0x0000000741600000, 0x0000000741700000, 0x0000000741700000|100%| O|  |TAMS 0x0000000741700000, 0x0000000741600000| Untracked 
|  23|0x0000000741700000, 0x0000000741800000, 0x0000000741800000|100%|HS|  |TAMS 0x0000000741700000, 0x0000000741700000| Complete 
|  24|0x0000000741800000, 0x0000000741900000, 0x0000000741900000|100%|HC|  |TAMS 0x0000000741800000, 0x0000000741800000| Complete 
|  25|0x0000000741900000, 0x0000000741a00000, 0x0000000741a00000|100%|HC|  |TAMS 0x0000000741900000, 0x0000000741900000| Complete 
|  26|0x0000000741a00000, 0x0000000741b00000, 0x0000000741b00000|100%|HS|  |TAMS 0x0000000741a00000, 0x0000000741a00000| Complete 
|  27|0x0000000741b00000, 0x0000000741c00000, 0x0000000741c00000|100%|HC|  |TAMS 0x0000000741b00000, 0x0000000741b00000| Complete 
|  28|0x0000000741c00000, 0x0000000741d00000, 0x0000000741d00000|100%|HC|  |TAMS 0x0000000741c00000, 0x0000000741c00000| Complete 
|  29|0x0000000741d00000, 0x0000000741e00000, 0x0000000741e00000|100%|HC|  |TAMS 0x0000000741d00000, 0x0000000741d00000| Complete 
|  30|0x0000000741e00000, 0x0000000741f00000, 0x0000000741f00000|100%|HC|  |TAMS 0x0000000741e00000, 0x0000000741e00000| Complete 
|  31|0x0000000741f00000, 0x0000000742000000, 0x0000000742000000|100%|HS|  |TAMS 0x0000000741f00000, 0x0000000741f00000| Complete 
|  32|0x0000000742000000, 0x0000000742100000, 0x0000000742100000|100%|HC|  |TAMS 0x0000000742000000, 0x0000000742000000| Complete 
|  33|0x0000000742100000, 0x0000000742200000, 0x0000000742200000|100%|HC|  |TAMS 0x0000000742100000, 0x0000000742100000| Complete 
|  34|0x0000000742200000, 0x0000000742300000, 0x0000000742300000|100%|HC|  |TAMS 0x0000000742200000, 0x0000000742200000| Complete 
|  35|0x0000000742300000, 0x0000000742400000, 0x0000000742400000|100%|HC|  |TAMS 0x0000000742300000, 0x0000000742300000| Complete 
|  36|0x0000000742400000, 0x0000000742500000, 0x0000000742500000|100%|HS|  |TAMS 0x0000000742400000, 0x0000000742400000| Complete 
|  37|0x0000000742500000, 0x0000000742600000, 0x0000000742600000|100%|HC|  |TAMS 0x0000000742500000, 0x0000000742500000| Complete 
|  38|0x0000000742600000, 0x0000000742700000, 0x0000000742700000|100%|HS|  |TAMS 0x0000000742600000, 0x0000000742600000| Complete 
|  39|0x0000000742700000, 0x0000000742800000, 0x0000000742800000|100%|HC|  |TAMS 0x0000000742700000, 0x0000000742700000| Complete 
|  40|0x0000000742800000, 0x0000000742900000, 0x0000000742900000|100%|HS|  |TAMS 0x0000000742800000, 0x0000000742800000| Complete 
|  41|0x0000000742900000, 0x0000000742a00000, 0x0000000742a00000|100%|HC|  |TAMS 0x0000000742900000, 0x0000000742900000| Complete 
|  42|0x0000000742a00000, 0x0000000742b00000, 0x0000000742b00000|100%|HS|  |TAMS 0x0000000742a00000, 0x0000000742a00000| Complete 
|  43|0x0000000742b00000, 0x0000000742c00000, 0x0000000742c00000|100%|HC|  |TAMS 0x0000000742b00000, 0x0000000742b00000| Complete 
|  44|0x0000000742c00000, 0x0000000742d00000, 0x0000000742d00000|100%|HS|  |TAMS 0x0000000742c00000, 0x0000000742c00000| Complete 
|  45|0x0000000742d00000, 0x0000000742e00000, 0x0000000742e00000|100%|HS|  |TAMS 0x0000000742d00000, 0x0000000742d00000| Complete 
|  46|0x0000000742e00000, 0x0000000742f00000, 0x0000000742f00000|100%|HC|  |TAMS 0x0000000742e00000, 0x0000000742e00000| Complete 
|  47|0x0000000742f00000, 0x0000000743000000, 0x0000000743000000|100%|HS|  |TAMS 0x0000000742f00000, 0x0000000742f00000| Complete 
|  48|0x0000000743000000, 0x0000000743100000, 0x0000000743100000|100%|HC|  |TAMS 0x0000000743000000, 0x0000000743000000| Complete 
|  49|0x0000000743100000, 0x0000000743200000, 0x0000000743200000|100%|HS|  |TAMS 0x0000000743100000, 0x0000000743100000| Complete 
|  50|0x0000000743200000, 0x0000000743300000, 0x0000000743300000|100%|HS|  |TAMS 0x0000000743200000, 0x0000000743200000| Complete 
|  51|0x0000000743300000, 0x0000000743400000, 0x0000000743400000|100%|HC|  |TAMS 0x0000000743300000, 0x0000000743300000| Complete 
|  52|0x0000000743400000, 0x0000000743500000, 0x0000000743500000|100%|HS|  |TAMS 0x0000000743400000, 0x0000000743400000| Complete 
|  53|0x0000000743500000, 0x0000000743600000, 0x0000000743600000|100%|HC|  |TAMS 0x0000000743500000, 0x0000000743500000| Complete 
|  54|0x0000000743600000, 0x0000000743700000, 0x0000000743700000|100%|HS|  |TAMS 0x0000000743600000, 0x0000000743600000| Complete 
|  55|0x0000000743700000, 0x0000000743800000, 0x0000000743800000|100%|HS|  |TAMS 0x0000000743700000, 0x0000000743700000| Complete 
|  56|0x0000000743800000, 0x0000000743900000, 0x0000000743900000|100%|HS|  |TAMS 0x0000000743800000, 0x0000000743800000| Complete 
|  57|0x0000000743900000, 0x0000000743a00000, 0x0000000743a00000|100%|HS|  |TAMS 0x0000000743900000, 0x0000000743900000| Complete 
|  58|0x0000000743a00000, 0x0000000743b00000, 0x0000000743b00000|100%|HS|  |TAMS 0x0000000743a00000, 0x0000000743a00000| Complete 
|  59|0x0000000743b00000, 0x0000000743c00000, 0x0000000743c00000|100%|HS|  |TAMS 0x0000000743b00000, 0x0000000743b00000| Complete 
|  60|0x0000000743c00000, 0x0000000743d00000, 0x0000000743d00000|100%|HS|  |TAMS 0x0000000743c00000, 0x0000000743c00000| Complete 
|  61|0x0000000743d00000, 0x0000000743e00000, 0x0000000743e00000|100%|HS|  |TAMS 0x0000000743d00000, 0x0000000743d00000| Complete 
|  62|0x0000000743e00000, 0x0000000743f00000, 0x0000000743f00000|100%|HS|  |TAMS 0x0000000743e00000, 0x0000000743e00000| Complete 
|  63|0x0000000743f00000, 0x0000000744000000, 0x0000000744000000|100%|HS|  |TAMS 0x0000000743f00000, 0x0000000743f00000| Complete 
|  64|0x0000000744000000, 0x0000000744100000, 0x0000000744100000|100%|HS|  |TAMS 0x0000000744000000, 0x0000000744000000| Complete 
|  65|0x0000000744100000, 0x0000000744200000, 0x0000000744200000|100%|HS|  |TAMS 0x0000000744100000, 0x0000000744100000| Complete 
|  66|0x0000000744200000, 0x0000000744300000, 0x0000000744300000|100%|HS|  |TAMS 0x0000000744200000, 0x0000000744200000| Complete 
|  67|0x0000000744300000, 0x0000000744400000, 0x0000000744400000|100%|HS|  |TAMS 0x0000000744300000, 0x0000000744300000| Complete 
|  68|0x0000000744400000, 0x0000000744500000, 0x0000000744500000|100%|HS|  |TAMS 0x0000000744400000, 0x0000000744400000| Complete 
|  69|0x0000000744500000, 0x0000000744600000, 0x0000000744600000|100%|HS|  |TAMS 0x0000000744500000, 0x0000000744500000| Complete 
|  70|0x0000000744600000, 0x0000000744700000, 0x0000000744700000|100%|HS|  |TAMS 0x0000000744600000, 0x0000000744600000| Complete 
|  71|0x0000000744700000, 0x0000000744800000, 0x0000000744800000|100%|HS|  |TAMS 0x0000000744700000, 0x0000000744700000| Complete 
|  72|0x0000000744800000, 0x0000000744900000, 0x0000000744900000|100%|HS|  |TAMS 0x0000000744800000, 0x0000000744800000| Complete 
|  73|0x0000000744900000, 0x0000000744a00000, 0x0000000744a00000|100%|HS|  |TAMS 0x0000000744900000, 0x0000000744900000| Complete 
|  74|0x0000000744a00000, 0x0000000744b00000, 0x0000000744b00000|100%|HS|  |TAMS 0x0000000744a00000, 0x0000000744a00000| Complete 
|  75|0x0000000744b00000, 0x0000000744c00000, 0x0000000744c00000|100%|HS|  |TAMS 0x0000000744b00000, 0x0000000744b00000| Complete 
|  76|0x0000000744c00000, 0x0000000744d00000, 0x0000000744d00000|100%|HS|  |TAMS 0x0000000744c00000, 0x0000000744c00000| Complete 
|  77|0x0000000744d00000, 0x0000000744e00000, 0x0000000744e00000|100%|HS|  |TAMS 0x0000000744d00000, 0x0000000744d00000| Complete 
|  78|0x0000000744e00000, 0x0000000744f00000, 0x0000000744f00000|100%|HS|  |TAMS 0x0000000744e00000, 0x0000000744e00000| Complete 
|  79|0x0000000744f00000, 0x0000000745000000, 0x0000000745000000|100%|HS|  |TAMS 0x0000000745000000, 0x0000000744f00000| Complete 
|  80|0x0000000745000000, 0x0000000745100000, 0x0000000745100000|100%|HS|  |TAMS 0x0000000745100000, 0x0000000745000000| Complete 
|  81|0x0000000745100000, 0x0000000745200000, 0x0000000745200000|100%|HC|  |TAMS 0x0000000745200000, 0x0000000745100000| Complete 
|  82|0x0000000745200000, 0x0000000745300000, 0x0000000745300000|100%| O|  |TAMS 0x0000000745300000, 0x0000000745200000| Untracked 
|  83|0x0000000745300000, 0x0000000745400000, 0x0000000745400000|100%| O|  |TAMS 0x0000000745400000, 0x0000000745300000| Untracked 
|  84|0x0000000745400000, 0x0000000745500000, 0x0000000745500000|100%| O|  |TAMS 0x0000000745500000, 0x0000000745400000| Untracked 
|  85|0x0000000745500000, 0x0000000745600000, 0x0000000745600000|100%| O|  |TAMS 0x0000000745600000, 0x0000000745500000| Untracked 
|  86|0x0000000745600000, 0x0000000745700000, 0x0000000745700000|100%| O|  |TAMS 0x0000000745700000, 0x0000000745600000| Untracked 
|  87|0x0000000745700000, 0x0000000745800000, 0x0000000745800000|100%| O|  |TAMS 0x0000000745800000, 0x0000000745700000| Untracked 
|  88|0x0000000745800000, 0x0000000745900000, 0x0000000745900000|100%| O|  |TAMS 0x0000000745900000, 0x0000000745800000| Untracked 
|  89|0x0000000745900000, 0x0000000745a00000, 0x0000000745a00000|100%|HS|  |TAMS 0x0000000745900000, 0x0000000745900000| Complete 
|  90|0x0000000745a00000, 0x0000000745b00000, 0x0000000745b00000|100%|HS|  |TAMS 0x0000000745a00000, 0x0000000745a00000| Complete 
|  91|0x0000000745b00000, 0x0000000745c00000, 0x0000000745c00000|100%|HS|  |TAMS 0x0000000745b00000, 0x0000000745b00000| Complete 
|  92|0x0000000745c00000, 0x0000000745d00000, 0x0000000745d00000|100%|HS|  |TAMS 0x0000000745c00000, 0x0000000745c00000| Complete 
|  93|0x0000000745d00000, 0x0000000745e00000, 0x0000000745e00000|100%|HS|  |TAMS 0x0000000745d00000, 0x0000000745d00000| Complete 
|  94|0x0000000745e00000, 0x0000000745f00000, 0x0000000745f00000|100%|HS|  |TAMS 0x0000000745e00000, 0x0000000745e00000| Complete 
|  95|0x0000000745f00000, 0x0000000746000000, 0x0000000746000000|100%| O|  |TAMS 0x0000000746000000, 0x0000000745f00000| Untracked 
|  96|0x0000000746000000, 0x0000000746100000, 0x0000000746100000|100%| O|  |TAMS 0x0000000746100000, 0x0000000746000000| Untracked 
|  97|0x0000000746100000, 0x0000000746200000, 0x0000000746200000|100%| O|  |TAMS 0x0000000746200000, 0x0000000746100000| Untracked 
|  98|0x0000000746200000, 0x0000000746300000, 0x0000000746300000|100%| O|  |TAMS 0x0000000746300000, 0x0000000746200000| Untracked 
|  99|0x0000000746300000, 0x0000000746400000, 0x0000000746400000|100%| O|  |TAMS 0x0000000746400000, 0x0000000746300000| Untracked 
| 100|0x0000000746400000, 0x0000000746500000, 0x0000000746500000|100%| O|  |TAMS 0x0000000746500000, 0x0000000746400000| Untracked 
| 101|0x0000000746500000, 0x0000000746600000, 0x0000000746600000|100%|HS|  |TAMS 0x0000000746500000, 0x0000000746500000| Complete 
| 102|0x0000000746600000, 0x0000000746700000, 0x0000000746700000|100%|HS|  |TAMS 0x0000000746600000, 0x0000000746600000| Complete 
| 103|0x0000000746700000, 0x0000000746800000, 0x0000000746800000|100%|HS|  |TAMS 0x0000000746700000, 0x0000000746700000| Complete 
| 104|0x0000000746800000, 0x0000000746900000, 0x0000000746900000|100%|HS|  |TAMS 0x0000000746800000, 0x0000000746800000| Complete 
| 105|0x0000000746900000, 0x0000000746a00000, 0x0000000746a00000|100%|HS|  |TAMS 0x0000000746900000, 0x0000000746900000| Complete 
| 106|0x0000000746a00000, 0x0000000746b00000, 0x0000000746b00000|100%| O|  |TAMS 0x0000000746b00000, 0x0000000746a00000| Untracked 
| 107|0x0000000746b00000, 0x0000000746c00000, 0x0000000746c00000|100%| O|  |TAMS 0x0000000746c00000, 0x0000000746b00000| Untracked 
| 108|0x0000000746c00000, 0x0000000746d00000, 0x0000000746d00000|100%| O|  |TAMS 0x0000000746d00000, 0x0000000746c00000| Untracked 
| 109|0x0000000746d00000, 0x0000000746e00000, 0x0000000746e00000|100%| O|  |TAMS 0x0000000746e00000, 0x0000000746d00000| Untracked 
| 110|0x0000000746e00000, 0x0000000746f00000, 0x0000000746f00000|100%| O|  |TAMS 0x0000000746f00000, 0x0000000746e00000| Untracked 
| 111|0x0000000746f00000, 0x0000000747000000, 0x0000000747000000|100%| O|  |TAMS 0x0000000747000000, 0x0000000746f00000| Untracked 
| 112|0x0000000747000000, 0x0000000747100000, 0x0000000747100000|100%| O|  |TAMS 0x0000000747100000, 0x0000000747000000| Untracked 
| 113|0x0000000747100000, 0x0000000747200000, 0x0000000747200000|100%| O|  |TAMS 0x0000000747200000, 0x0000000747100000| Untracked 
| 114|0x0000000747200000, 0x0000000747300000, 0x0000000747300000|100%| O|  |TAMS 0x0000000747300000, 0x0000000747200000| Untracked 
| 115|0x0000000747300000, 0x0000000747300000, 0x0000000747400000|  0%| F|  |TAMS 0x0000000747300000, 0x0000000747300000| Untracked 
| 116|0x0000000747400000, 0x0000000747400000, 0x0000000747500000|  0%| F|  |TAMS 0x0000000747400000, 0x0000000747400000| Untracked 
| 117|0x0000000747500000, 0x0000000747500000, 0x0000000747600000|  0%| F|  |TAMS 0x0000000747500000, 0x0000000747500000| Untracked 
| 118|0x0000000747600000, 0x0000000747600000, 0x0000000747700000|  0%| F|  |TAMS 0x0000000747600000, 0x0000000747600000| Untracked 
| 119|0x0000000747700000, 0x0000000747700000, 0x0000000747800000|  0%| F|  |TAMS 0x0000000747700000, 0x0000000747700000| Untracked 
| 120|0x0000000747800000, 0x0000000747800000, 0x0000000747900000|  0%| F|  |TAMS 0x0000000747800000, 0x0000000747800000| Untracked 
| 121|0x0000000747900000, 0x0000000747900000, 0x0000000747a00000|  0%| F|  |TAMS 0x0000000747900000, 0x0000000747900000| Untracked 
| 122|0x0000000747a00000, 0x0000000747a00000, 0x0000000747b00000|  0%| F|  |TAMS 0x0000000747a00000, 0x0000000747a00000| Untracked 
| 123|0x0000000747b00000, 0x0000000747b00000, 0x0000000747c00000|  0%| F|  |TAMS 0x0000000747b00000, 0x0000000747b00000| Untracked 
| 124|0x0000000747c00000, 0x0000000747c00000, 0x0000000747d00000|  0%| F|  |TAMS 0x0000000747c00000, 0x0000000747c00000| Untracked 
| 125|0x0000000747d00000, 0x0000000747d00000, 0x0000000747e00000|  0%| F|  |TAMS 0x0000000747d00000, 0x0000000747d00000| Untracked 
| 126|0x0000000747e00000, 0x0000000747e00000, 0x0000000747f00000|  0%| F|  |TAMS 0x0000000747e00000, 0x0000000747e00000| Untracked 
| 127|0x0000000747f00000, 0x0000000747f00000, 0x0000000748000000|  0%| F|  |TAMS 0x0000000747f00000, 0x0000000747f00000| Untracked 
| 128|0x0000000748000000, 0x0000000748000000, 0x0000000748100000|  0%| F|  |TAMS 0x0000000748000000, 0x0000000748000000| Untracked 
| 129|0x0000000748100000, 0x0000000748100000, 0x0000000748200000|  0%| F|  |TAMS 0x0000000748100000, 0x0000000748100000| Untracked 
| 130|0x0000000748200000, 0x0000000748200000, 0x0000000748300000|  0%| F|  |TAMS 0x0000000748200000, 0x0000000748200000| Untracked 
| 131|0x0000000748300000, 0x0000000748300000, 0x0000000748400000|  0%| F|  |TAMS 0x0000000748300000, 0x0000000748300000| Untracked 
| 132|0x0000000748400000, 0x0000000748400000, 0x0000000748500000|  0%| F|  |TAMS 0x0000000748400000, 0x0000000748400000| Untracked 
| 133|0x0000000748500000, 0x0000000748500000, 0x0000000748600000|  0%| F|  |TAMS 0x0000000748500000, 0x0000000748500000| Untracked 
| 134|0x0000000748600000, 0x0000000748600000, 0x0000000748700000|  0%| F|  |TAMS 0x0000000748600000, 0x0000000748600000| Untracked 
| 135|0x0000000748700000, 0x0000000748700000, 0x0000000748800000|  0%| F|  |TAMS 0x0000000748700000, 0x0000000748700000| Untracked 
| 136|0x0000000748800000, 0x0000000748800000, 0x0000000748900000|  0%| F|  |TAMS 0x0000000748800000, 0x0000000748800000| Untracked 
| 137|0x0000000748900000, 0x0000000748900000, 0x0000000748a00000|  0%| F|  |TAMS 0x0000000748900000, 0x0000000748900000| Untracked 
| 138|0x0000000748a00000, 0x0000000748a00000, 0x0000000748b00000|  0%| F|  |TAMS 0x0000000748a00000, 0x0000000748a00000| Untracked 
| 139|0x0000000748b00000, 0x0000000748b00000, 0x0000000748c00000|  0%| F|  |TAMS 0x0000000748b00000, 0x0000000748b00000| Untracked 
| 140|0x0000000748c00000, 0x0000000748c00000, 0x0000000748d00000|  0%| F|  |TAMS 0x0000000748c00000, 0x0000000748c00000| Untracked 
| 141|0x0000000748d00000, 0x0000000748d00000, 0x0000000748e00000|  0%| F|  |TAMS 0x0000000748d00000, 0x0000000748d00000| Untracked 
| 142|0x0000000748e00000, 0x0000000748e00000, 0x0000000748f00000|  0%| F|  |TAMS 0x0000000748e00000, 0x0000000748e00000| Untracked 
| 143|0x0000000748f00000, 0x0000000748f00000, 0x0000000749000000|  0%| F|  |TAMS 0x0000000748f00000, 0x0000000748f00000| Untracked 
| 144|0x0000000749000000, 0x0000000749000000, 0x0000000749100000|  0%| F|  |TAMS 0x0000000749000000, 0x0000000749000000| Untracked 
| 145|0x0000000749100000, 0x0000000749100000, 0x0000000749200000|  0%| F|  |TAMS 0x0000000749100000, 0x0000000749100000| Untracked 
| 146|0x0000000749200000, 0x0000000749200000, 0x0000000749300000|  0%| F|  |TAMS 0x0000000749200000, 0x0000000749200000| Untracked 
| 147|0x0000000749300000, 0x0000000749300000, 0x0000000749400000|  0%| F|  |TAMS 0x0000000749300000, 0x0000000749300000| Untracked 
| 148|0x0000000749400000, 0x0000000749400000, 0x0000000749500000|  0%| F|  |TAMS 0x0000000749400000, 0x0000000749400000| Untracked 
| 149|0x0000000749500000, 0x0000000749500000, 0x0000000749600000|  0%| F|  |TAMS 0x0000000749500000, 0x0000000749500000| Untracked 
| 150|0x0000000749600000, 0x0000000749600000, 0x0000000749700000|  0%| F|  |TAMS 0x0000000749600000, 0x0000000749600000| Untracked 
| 151|0x0000000749700000, 0x0000000749700000, 0x0000000749800000|  0%| F|  |TAMS 0x0000000749700000, 0x0000000749700000| Untracked 
| 152|0x0000000749800000, 0x0000000749800000, 0x0000000749900000|  0%| F|  |TAMS 0x0000000749800000, 0x0000000749800000| Untracked 
| 153|0x0000000749900000, 0x0000000749900000, 0x0000000749a00000|  0%| F|  |TAMS 0x0000000749900000, 0x0000000749900000| Untracked 
| 154|0x0000000749a00000, 0x0000000749a00000, 0x0000000749b00000|  0%| F|  |TAMS 0x0000000749a00000, 0x0000000749a00000| Untracked 
| 155|0x0000000749b00000, 0x0000000749b00000, 0x0000000749c00000|  0%| F|  |TAMS 0x0000000749b00000, 0x0000000749b00000| Untracked 
| 156|0x0000000749c00000, 0x0000000749c00000, 0x0000000749d00000|  0%| F|  |TAMS 0x0000000749c00000, 0x0000000749c00000| Untracked 
| 157|0x0000000749d00000, 0x0000000749d00000, 0x0000000749e00000|  0%| F|  |TAMS 0x0000000749d00000, 0x0000000749d00000| Untracked 
| 158|0x0000000749e00000, 0x0000000749e00000, 0x0000000749f00000|  0%| F|  |TAMS 0x0000000749e00000, 0x0000000749e00000| Untracked 
| 159|0x0000000749f00000, 0x0000000749f00000, 0x000000074a000000|  0%| F|  |TAMS 0x0000000749f00000, 0x0000000749f00000| Untracked 
| 160|0x000000074a000000, 0x000000074a000000, 0x000000074a100000|  0%| F|  |TAMS 0x000000074a000000, 0x000000074a000000| Untracked 
| 161|0x000000074a100000, 0x000000074a100000, 0x000000074a200000|  0%| F|  |TAMS 0x000000074a100000, 0x000000074a100000| Untracked 
| 162|0x000000074a200000, 0x000000074a200000, 0x000000074a300000|  0%| F|  |TAMS 0x000000074a200000, 0x000000074a200000| Untracked 
| 163|0x000000074a300000, 0x000000074a300000, 0x000000074a400000|  0%| F|  |TAMS 0x000000074a300000, 0x000000074a300000| Untracked 
| 164|0x000000074a400000, 0x000000074a400000, 0x000000074a500000|  0%| F|  |TAMS 0x000000074a400000, 0x000000074a400000| Untracked 
| 165|0x000000074a500000, 0x000000074a500000, 0x000000074a600000|  0%| F|  |TAMS 0x000000074a500000, 0x000000074a500000| Untracked 
| 166|0x000000074a600000, 0x000000074a600000, 0x000000074a700000|  0%| F|  |TAMS 0x000000074a600000, 0x000000074a600000| Untracked 
| 167|0x000000074a700000, 0x000000074a700000, 0x000000074a800000|  0%| F|  |TAMS 0x000000074a700000, 0x000000074a700000| Untracked 
| 168|0x000000074a800000, 0x000000074a800000, 0x000000074a900000|  0%| F|  |TAMS 0x000000074a800000, 0x000000074a800000| Untracked 
| 169|0x000000074a900000, 0x000000074a900000, 0x000000074aa00000|  0%| F|  |TAMS 0x000000074a900000, 0x000000074a900000| Untracked 
| 170|0x000000074aa00000, 0x000000074aa00000, 0x000000074ab00000|  0%| F|  |TAMS 0x000000074aa00000, 0x000000074aa00000| Untracked 
| 171|0x000000074ab00000, 0x000000074ab00000, 0x000000074ac00000|  0%| F|  |TAMS 0x000000074ab00000, 0x000000074ab00000| Untracked 
| 172|0x000000074ac00000, 0x000000074ac00000, 0x000000074ad00000|  0%| F|  |TAMS 0x000000074ac00000, 0x000000074ac00000| Untracked 
| 173|0x000000074ad00000, 0x000000074ad00000, 0x000000074ae00000|  0%| F|  |TAMS 0x000000074ad00000, 0x000000074ad00000| Untracked 
| 174|0x000000074ae00000, 0x000000074ae00000, 0x000000074af00000|  0%| F|  |TAMS 0x000000074ae00000, 0x000000074ae00000| Untracked 
| 175|0x000000074af00000, 0x000000074af00000, 0x000000074b000000|  0%| F|  |TAMS 0x000000074af00000, 0x000000074af00000| Untracked 
| 176|0x000000074b000000, 0x000000074b000000, 0x000000074b100000|  0%| F|  |TAMS 0x000000074b000000, 0x000000074b000000| Untracked 
| 177|0x000000074b100000, 0x000000074b100000, 0x000000074b200000|  0%| F|  |TAMS 0x000000074b100000, 0x000000074b100000| Untracked 
| 178|0x000000074b200000, 0x000000074b200000, 0x000000074b300000|  0%| F|  |TAMS 0x000000074b200000, 0x000000074b200000| Untracked 
| 179|0x000000074b300000, 0x000000074b300000, 0x000000074b400000|  0%| F|  |TAMS 0x000000074b300000, 0x000000074b300000| Untracked 
| 180|0x000000074b400000, 0x000000074b400000, 0x000000074b500000|  0%| F|  |TAMS 0x000000074b400000, 0x000000074b400000| Untracked 
| 181|0x000000074b500000, 0x000000074b500000, 0x000000074b600000|  0%| F|  |TAMS 0x000000074b500000, 0x000000074b500000| Untracked 
| 182|0x000000074b600000, 0x000000074b600000, 0x000000074b700000|  0%| F|  |TAMS 0x000000074b600000, 0x000000074b600000| Untracked 
| 183|0x000000074b700000, 0x000000074b700000, 0x000000074b800000|  0%| F|  |TAMS 0x000000074b700000, 0x000000074b700000| Untracked 
| 184|0x000000074b800000, 0x000000074b800000, 0x000000074b900000|  0%| F|  |TAMS 0x000000074b800000, 0x000000074b800000| Untracked 
| 185|0x000000074b900000, 0x000000074b900000, 0x000000074ba00000|  0%| F|  |TAMS 0x000000074b900000, 0x000000074b900000| Untracked 
| 186|0x000000074ba00000, 0x000000074ba00000, 0x000000074bb00000|  0%| F|  |TAMS 0x000000074ba00000, 0x000000074ba00000| Untracked 
| 187|0x000000074bb00000, 0x000000074bb00000, 0x000000074bc00000|  0%| F|  |TAMS 0x000000074bb00000, 0x000000074bb00000| Untracked 
| 188|0x000000074bc00000, 0x000000074bc00000, 0x000000074bd00000|  0%| F|  |TAMS 0x000000074bc00000, 0x000000074bc00000| Untracked 
| 189|0x000000074bd00000, 0x000000074bd00000, 0x000000074be00000|  0%| F|  |TAMS 0x000000074bd00000, 0x000000074bd00000| Untracked 
| 190|0x000000074be00000, 0x000000074be00000, 0x000000074bf00000|  0%| F|  |TAMS 0x000000074be00000, 0x000000074be00000| Untracked 
| 191|0x000000074bf00000, 0x000000074bf00000, 0x000000074c000000|  0%| F|  |TAMS 0x000000074bf00000, 0x000000074bf00000| Untracked 
| 192|0x000000074c000000, 0x000000074c000000, 0x000000074c100000|  0%| F|  |TAMS 0x000000074c000000, 0x000000074c000000| Untracked 
| 193|0x000000074c100000, 0x000000074c100000, 0x000000074c200000|  0%| F|  |TAMS 0x000000074c100000, 0x000000074c100000| Untracked 
| 194|0x000000074c200000, 0x000000074c200000, 0x000000074c300000|  0%| F|  |TAMS 0x000000074c200000, 0x000000074c200000| Untracked 
| 195|0x000000074c300000, 0x000000074c300000, 0x000000074c400000|  0%| F|  |TAMS 0x000000074c300000, 0x000000074c300000| Untracked 
| 196|0x000000074c400000, 0x000000074c400000, 0x000000074c500000|  0%| F|  |TAMS 0x000000074c400000, 0x000000074c400000| Untracked 
| 197|0x000000074c500000, 0x000000074c500000, 0x000000074c600000|  0%| F|  |TAMS 0x000000074c500000, 0x000000074c500000| Untracked 
| 198|0x000000074c600000, 0x000000074c600000, 0x000000074c700000|  0%| F|  |TAMS 0x000000074c600000, 0x000000074c600000| Untracked 
| 199|0x000000074c700000, 0x000000074c700000, 0x000000074c800000|  0%| F|  |TAMS 0x000000074c700000, 0x000000074c700000| Untracked 
| 200|0x000000074c800000, 0x000000074c800000, 0x000000074c900000|  0%| F|  |TAMS 0x000000074c800000, 0x000000074c800000| Untracked 
| 201|0x000000074c900000, 0x000000074c900000, 0x000000074ca00000|  0%| F|  |TAMS 0x000000074c900000, 0x000000074c900000| Untracked 
| 202|0x000000074ca00000, 0x000000074ca00000, 0x000000074cb00000|  0%| F|  |TAMS 0x000000074ca00000, 0x000000074ca00000| Untracked 
| 203|0x000000074cb00000, 0x000000074cb00000, 0x000000074cc00000|  0%| F|  |TAMS 0x000000074cb00000, 0x000000074cb00000| Untracked 
| 204|0x000000074cc00000, 0x000000074cc00000, 0x000000074cd00000|  0%| F|  |TAMS 0x000000074cc00000, 0x000000074cc00000| Untracked 
| 205|0x000000074cd00000, 0x000000074cd00000, 0x000000074ce00000|  0%| F|  |TAMS 0x000000074cd00000, 0x000000074cd00000| Untracked 
| 206|0x000000074ce00000, 0x000000074ce00000, 0x000000074cf00000|  0%| F|  |TAMS 0x000000074ce00000, 0x000000074ce00000| Untracked 
| 207|0x000000074cf00000, 0x000000074cf00000, 0x000000074d000000|  0%| F|  |TAMS 0x000000074cf00000, 0x000000074cf00000| Untracked 
| 208|0x000000074d000000, 0x000000074d000000, 0x000000074d100000|  0%| F|  |TAMS 0x000000074d000000, 0x000000074d000000| Untracked 
| 209|0x000000074d100000, 0x000000074d100000, 0x000000074d200000|  0%| F|  |TAMS 0x000000074d100000, 0x000000074d100000| Untracked 
| 210|0x000000074d200000, 0x000000074d200000, 0x000000074d300000|  0%| F|  |TAMS 0x000000074d200000, 0x000000074d200000| Untracked 
| 211|0x000000074d300000, 0x000000074d300000, 0x000000074d400000|  0%| F|  |TAMS 0x000000074d300000, 0x000000074d300000| Untracked 
| 212|0x000000074d400000, 0x000000074d400000, 0x000000074d500000|  0%| F|  |TAMS 0x000000074d400000, 0x000000074d400000| Untracked 
| 213|0x000000074d500000, 0x000000074d500000, 0x000000074d600000|  0%| F|  |TAMS 0x000000074d500000, 0x000000074d500000| Untracked 
| 214|0x000000074d600000, 0x000000074d600000, 0x000000074d700000|  0%| F|  |TAMS 0x000000074d600000, 0x000000074d600000| Untracked 
| 215|0x000000074d700000, 0x000000074d700000, 0x000000074d800000|  0%| F|  |TAMS 0x000000074d700000, 0x000000074d700000| Untracked 
| 216|0x000000074d800000, 0x000000074d800000, 0x000000074d900000|  0%| F|  |TAMS 0x000000074d800000, 0x000000074d800000| Untracked 
| 217|0x000000074d900000, 0x000000074d900000, 0x000000074da00000|  0%| F|  |TAMS 0x000000074d900000, 0x000000074d900000| Untracked 
| 218|0x000000074da00000, 0x000000074da00000, 0x000000074db00000|  0%| F|  |TAMS 0x000000074da00000, 0x000000074da00000| Untracked 
| 219|0x000000074db00000, 0x000000074db00000, 0x000000074dc00000|  0%| F|  |TAMS 0x000000074db00000, 0x000000074db00000| Untracked 
| 220|0x000000074dc00000, 0x000000074dc00000, 0x000000074dd00000|  0%| F|  |TAMS 0x000000074dc00000, 0x000000074dc00000| Untracked 
| 221|0x000000074dd00000, 0x000000074dd00000, 0x000000074de00000|  0%| F|  |TAMS 0x000000074dd00000, 0x000000074dd00000| Untracked 
| 222|0x000000074de00000, 0x000000074de00000, 0x000000074df00000|  0%| F|  |TAMS 0x000000074de00000, 0x000000074de00000| Untracked 
| 223|0x000000074df00000, 0x000000074df00000, 0x000000074e000000|  0%| F|  |TAMS 0x000000074df00000, 0x000000074df00000| Untracked 
| 224|0x000000074e000000, 0x000000074e000000, 0x000000074e100000|  0%| F|  |TAMS 0x000000074e000000, 0x000000074e000000| Untracked 
| 225|0x000000074e100000, 0x000000074e100000, 0x000000074e200000|  0%| F|  |TAMS 0x000000074e100000, 0x000000074e100000| Untracked 
| 226|0x000000074e200000, 0x000000074e200000, 0x000000074e300000|  0%| F|  |TAMS 0x000000074e200000, 0x000000074e200000| Untracked 
| 227|0x000000074e300000, 0x000000074e300000, 0x000000074e400000|  0%| F|  |TAMS 0x000000074e300000, 0x000000074e300000| Untracked 
| 228|0x000000074e400000, 0x000000074e400000, 0x000000074e500000|  0%| F|  |TAMS 0x000000074e400000, 0x000000074e400000| Untracked 
| 229|0x000000074e500000, 0x000000074e500000, 0x000000074e600000|  0%| F|  |TAMS 0x000000074e500000, 0x000000074e500000| Untracked 
| 230|0x000000074e600000, 0x000000074e600000, 0x000000074e700000|  0%| F|  |TAMS 0x000000074e600000, 0x000000074e600000| Untracked 
| 231|0x000000074e700000, 0x000000074e700000, 0x000000074e800000|  0%| F|  |TAMS 0x000000074e700000, 0x000000074e700000| Untracked 
| 232|0x000000074e800000, 0x000000074e800000, 0x000000074e900000|  0%| F|  |TAMS 0x000000074e800000, 0x000000074e800000| Untracked 
| 233|0x000000074e900000, 0x000000074e900000, 0x000000074ea00000|  0%| F|  |TAMS 0x000000074e900000, 0x000000074e900000| Untracked 
| 234|0x000000074ea00000, 0x000000074ea00000, 0x000000074eb00000|  0%| F|  |TAMS 0x000000074ea00000, 0x000000074ea00000| Untracked 
| 235|0x000000074eb00000, 0x000000074eb00000, 0x000000074ec00000|  0%| F|  |TAMS 0x000000074eb00000, 0x000000074eb00000| Untracked 
| 236|0x000000074ec00000, 0x000000074ec00000, 0x000000074ed00000|  0%| F|  |TAMS 0x000000074ec00000, 0x000000074ec00000| Untracked 
| 237|0x000000074ed00000, 0x000000074ed00000, 0x000000074ee00000|  0%| F|  |TAMS 0x000000074ed00000, 0x000000074ed00000| Untracked 
| 238|0x000000074ee00000, 0x000000074ee00000, 0x000000074ef00000|  0%| F|  |TAMS 0x000000074ee00000, 0x000000074ee00000| Untracked 
| 239|0x000000074ef00000, 0x000000074ef00000, 0x000000074f000000|  0%| F|  |TAMS 0x000000074ef00000, 0x000000074ef00000| Untracked 
| 240|0x000000074f000000, 0x000000074f000000, 0x000000074f100000|  0%| F|  |TAMS 0x000000074f000000, 0x000000074f000000| Untracked 
| 241|0x000000074f100000, 0x000000074f100000, 0x000000074f200000|  0%| F|  |TAMS 0x000000074f100000, 0x000000074f100000| Untracked 
| 242|0x000000074f200000, 0x000000074f200000, 0x000000074f300000|  0%| F|  |TAMS 0x000000074f200000, 0x000000074f200000| Untracked 
| 243|0x000000074f300000, 0x000000074f300000, 0x000000074f400000|  0%| F|  |TAMS 0x000000074f300000, 0x000000074f300000| Untracked 
| 244|0x000000074f400000, 0x000000074f400000, 0x000000074f500000|  0%| F|  |TAMS 0x000000074f400000, 0x000000074f400000| Untracked 
| 245|0x000000074f500000, 0x000000074f584d10, 0x000000074f600000| 51%| S|CS|TAMS 0x000000074f500000, 0x000000074f500000| Complete 
| 246|0x000000074f600000, 0x000000074f600000, 0x000000074f700000|  0%| F|  |TAMS 0x000000074f600000, 0x000000074f600000| Untracked 
| 247|0x000000074f700000, 0x000000074f700000, 0x000000074f800000|  0%| F|  |TAMS 0x000000074f700000, 0x000000074f700000| Untracked 
| 248|0x000000074f800000, 0x000000074f800000, 0x000000074f900000|  0%| F|  |TAMS 0x000000074f800000, 0x000000074f800000| Untracked 
| 249|0x000000074f900000, 0x000000074f900000, 0x000000074fa00000|  0%| F|  |TAMS 0x000000074f900000, 0x000000074f900000| Untracked 
| 250|0x000000074fa00000, 0x000000074fa00000, 0x000000074fb00000|  0%| F|  |TAMS 0x000000074fa00000, 0x000000074fa00000| Untracked 
| 251|0x000000074fb00000, 0x000000074fb00000, 0x000000074fc00000|  0%| F|  |TAMS 0x000000074fb00000, 0x000000074fb00000| Untracked 
| 252|0x000000074fc00000, 0x000000074fc00000, 0x000000074fd00000|  0%| F|  |TAMS 0x000000074fc00000, 0x000000074fc00000| Untracked 
| 253|0x000000074fd00000, 0x000000074fd00000, 0x000000074fe00000|  0%| F|  |TAMS 0x000000074fd00000, 0x000000074fd00000| Untracked 
| 254|0x000000074fe00000, 0x000000074ff00000, 0x000000074ff00000|100%| O|  |TAMS 0x000000074ff00000, 0x000000074fe00000| Untracked 
| 255|0x000000074ff00000, 0x0000000750000000, 0x0000000750000000|100%| O|  |TAMS 0x0000000750000000, 0x000000074ff00000| Untracked 
| 256|0x0000000750000000, 0x0000000750100000, 0x0000000750100000|100%| O|  |TAMS 0x0000000750100000, 0x0000000750000000| Untracked 
| 257|0x0000000750100000, 0x0000000750200000, 0x0000000750200000|100%| O|  |TAMS 0x0000000750200000, 0x0000000750100000| Untracked 
| 258|0x0000000750200000, 0x0000000750300000, 0x0000000750300000|100%| O|  |TAMS 0x0000000750300000, 0x0000000750200000| Untracked 
| 259|0x0000000750300000, 0x0000000750400000, 0x0000000750400000|100%| O|  |TAMS 0x0000000750400000, 0x0000000750300000| Untracked 
| 260|0x0000000750400000, 0x0000000750500000, 0x0000000750500000|100%| O|  |TAMS 0x0000000750500000, 0x0000000750400000| Untracked 
| 261|0x0000000750500000, 0x0000000750600000, 0x0000000750600000|100%| O|  |TAMS 0x0000000750600000, 0x0000000750500000| Untracked 
| 262|0x0000000750600000, 0x0000000750700000, 0x0000000750700000|100%| O|  |TAMS 0x0000000750700000, 0x0000000750600000| Untracked 
| 263|0x0000000750700000, 0x0000000750800000, 0x0000000750800000|100%| O|  |TAMS 0x0000000750800000, 0x0000000750700000| Untracked 
| 264|0x0000000750800000, 0x0000000750900000, 0x0000000750900000|100%| O|  |TAMS 0x0000000750900000, 0x0000000750800000| Untracked 
| 265|0x0000000750900000, 0x0000000750a00000, 0x0000000750a00000|100%| O|  |TAMS 0x0000000750a00000, 0x0000000750900000| Untracked 
| 266|0x0000000750a00000, 0x0000000750b00000, 0x0000000750b00000|100%| O|  |TAMS 0x0000000750b00000, 0x0000000750a00000| Untracked 
| 267|0x0000000750b00000, 0x0000000750c00000, 0x0000000750c00000|100%| O|  |TAMS 0x0000000750c00000, 0x0000000750b00000| Untracked 
| 268|0x0000000750c00000, 0x0000000750d00000, 0x0000000750d00000|100%| O|  |TAMS 0x0000000750d00000, 0x0000000750c00000| Untracked 
| 269|0x0000000750d00000, 0x0000000750d00000, 0x0000000750e00000|  0%| F|  |TAMS 0x0000000750d00000, 0x0000000750d00000| Untracked 
| 270|0x0000000750e00000, 0x0000000750f00000, 0x0000000750f00000|100%| O|  |TAMS 0x0000000750f00000, 0x0000000750e00000| Untracked 
| 271|0x0000000750f00000, 0x0000000751000000, 0x0000000751000000|100%| O|  |TAMS 0x0000000751000000, 0x0000000750f00000| Untracked 
| 272|0x0000000751000000, 0x0000000751100000, 0x0000000751100000|100%| O|  |TAMS 0x0000000751100000, 0x0000000751000000| Untracked 
| 273|0x0000000751100000, 0x0000000751200000, 0x0000000751200000|100%| O|  |TAMS 0x0000000751200000, 0x0000000751100000| Untracked 
| 274|0x0000000751200000, 0x0000000751300000, 0x0000000751300000|100%| O|  |TAMS 0x0000000751300000, 0x0000000751200000| Untracked 
| 275|0x0000000751300000, 0x0000000751300000, 0x0000000751400000|  0%| F|  |TAMS 0x0000000751300000, 0x0000000751300000| Untracked 
| 276|0x0000000751400000, 0x000000075144d000, 0x0000000751500000| 30%| O|  |TAMS 0x000000075144d000, 0x0000000751400000| Untracked 
| 277|0x0000000751500000, 0x0000000751500000, 0x0000000751600000|  0%| F|  |TAMS 0x0000000751500000, 0x0000000751500000| Untracked 
| 278|0x0000000751600000, 0x0000000751600000, 0x0000000751700000|  0%| F|  |TAMS 0x0000000751600000, 0x0000000751600000| Untracked 
| 279|0x0000000751700000, 0x0000000751700000, 0x0000000751800000|  0%| F|  |TAMS 0x0000000751700000, 0x0000000751700000| Untracked 
| 280|0x0000000751800000, 0x0000000751800000, 0x0000000751900000|  0%| F|  |TAMS 0x0000000751800000, 0x0000000751800000| Untracked 
| 281|0x0000000751900000, 0x0000000751900000, 0x0000000751a00000|  0%| F|  |TAMS 0x0000000751900000, 0x0000000751900000| Untracked 
| 282|0x0000000751a00000, 0x0000000751a00000, 0x0000000751b00000|  0%| F|  |TAMS 0x0000000751a00000, 0x0000000751a00000| Untracked 
| 283|0x0000000751b00000, 0x0000000751b00000, 0x0000000751c00000|  0%| F|  |TAMS 0x0000000751b00000, 0x0000000751b00000| Untracked 
| 284|0x0000000751c00000, 0x0000000751c00000, 0x0000000751d00000|  0%| F|  |TAMS 0x0000000751c00000, 0x0000000751c00000| Untracked 
| 285|0x0000000751d00000, 0x0000000751d00000, 0x0000000751e00000|  0%| F|  |TAMS 0x0000000751d00000, 0x0000000751d00000| Untracked 
| 286|0x0000000751e00000, 0x0000000751e00000, 0x0000000751f00000|  0%| F|  |TAMS 0x0000000751e00000, 0x0000000751e00000| Untracked 
| 287|0x0000000751f00000, 0x0000000751f00000, 0x0000000752000000|  0%| F|  |TAMS 0x0000000751f00000, 0x0000000751f00000| Untracked 
| 288|0x0000000752000000, 0x0000000752000000, 0x0000000752100000|  0%| F|  |TAMS 0x0000000752000000, 0x0000000752000000| Untracked 
| 289|0x0000000752100000, 0x0000000752100000, 0x0000000752200000|  0%| F|  |TAMS 0x0000000752100000, 0x0000000752100000| Untracked 
| 290|0x0000000752200000, 0x0000000752200000, 0x0000000752300000|  0%| F|  |TAMS 0x0000000752200000, 0x0000000752200000| Untracked 
| 291|0x0000000752300000, 0x0000000752300000, 0x0000000752400000|  0%| F|  |TAMS 0x0000000752300000, 0x0000000752300000| Untracked 
| 292|0x0000000752400000, 0x0000000752400000, 0x0000000752500000|  0%| F|  |TAMS 0x0000000752400000, 0x0000000752400000| Untracked 
| 293|0x0000000752500000, 0x0000000752500000, 0x0000000752600000|  0%| F|  |TAMS 0x0000000752500000, 0x0000000752500000| Untracked 
| 294|0x0000000752600000, 0x0000000752700000, 0x0000000752700000|100%| E|  |TAMS 0x0000000752600000, 0x0000000752600000| Complete 
| 295|0x0000000752700000, 0x0000000752800000, 0x0000000752800000|100%| E|CS|TAMS 0x0000000752700000, 0x0000000752700000| Complete 
| 296|0x0000000752800000, 0x0000000752900000, 0x0000000752900000|100%| E|CS|TAMS 0x0000000752800000, 0x0000000752800000| Complete 
| 297|0x0000000752900000, 0x0000000752a00000, 0x0000000752a00000|100%| E|CS|TAMS 0x0000000752900000, 0x0000000752900000| Complete 
| 298|0x0000000752a00000, 0x0000000752b00000, 0x0000000752b00000|100%| E|CS|TAMS 0x0000000752a00000, 0x0000000752a00000| Complete 
| 299|0x0000000752b00000, 0x0000000752c00000, 0x0000000752c00000|100%| E|CS|TAMS 0x0000000752b00000, 0x0000000752b00000| Complete 
| 300|0x0000000752c00000, 0x0000000752d00000, 0x0000000752d00000|100%| E|  |TAMS 0x0000000752c00000, 0x0000000752c00000| Complete 
| 301|0x0000000752d00000, 0x0000000752e00000, 0x0000000752e00000|100%| E|CS|TAMS 0x0000000752d00000, 0x0000000752d00000| Complete 
| 302|0x0000000752e00000, 0x0000000752f00000, 0x0000000752f00000|100%| E|CS|TAMS 0x0000000752e00000, 0x0000000752e00000| Complete 
| 303|0x0000000752f00000, 0x0000000753000000, 0x0000000753000000|100%| E|CS|TAMS 0x0000000752f00000, 0x0000000752f00000| Complete 
| 304|0x0000000753000000, 0x0000000753100000, 0x0000000753100000|100%| E|CS|TAMS 0x0000000753000000, 0x0000000753000000| Complete 
| 305|0x0000000753100000, 0x0000000753200000, 0x0000000753200000|100%| E|CS|TAMS 0x0000000753100000, 0x0000000753100000| Complete 
| 306|0x0000000753200000, 0x0000000753300000, 0x0000000753300000|100%| E|CS|TAMS 0x0000000753200000, 0x0000000753200000| Complete 
| 307|0x0000000753300000, 0x0000000753400000, 0x0000000753400000|100%| E|CS|TAMS 0x0000000753300000, 0x0000000753300000| Complete 
| 308|0x0000000753400000, 0x0000000753500000, 0x0000000753500000|100%| E|CS|TAMS 0x0000000753400000, 0x0000000753400000| Complete 
| 309|0x0000000753500000, 0x0000000753600000, 0x0000000753600000|100%| E|CS|TAMS 0x0000000753500000, 0x0000000753500000| Complete 
| 310|0x0000000753600000, 0x0000000753700000, 0x0000000753700000|100%| E|CS|TAMS 0x0000000753600000, 0x0000000753600000| Complete 
| 311|0x0000000753700000, 0x0000000753800000, 0x0000000753800000|100%| E|CS|TAMS 0x0000000753700000, 0x0000000753700000| Complete 
| 312|0x0000000753800000, 0x0000000753900000, 0x0000000753900000|100%| E|CS|TAMS 0x0000000753800000, 0x0000000753800000| Complete 
| 313|0x0000000753900000, 0x0000000753a00000, 0x0000000753a00000|100%| E|CS|TAMS 0x0000000753900000, 0x0000000753900000| Complete 
| 314|0x0000000753a00000, 0x0000000753b00000, 0x0000000753b00000|100%| E|CS|TAMS 0x0000000753a00000, 0x0000000753a00000| Complete 
| 315|0x0000000753b00000, 0x0000000753c00000, 0x0000000753c00000|100%| E|CS|TAMS 0x0000000753b00000, 0x0000000753b00000| Complete 
| 316|0x0000000753c00000, 0x0000000753d00000, 0x0000000753d00000|100%| E|CS|TAMS 0x0000000753c00000, 0x0000000753c00000| Complete 
| 317|0x0000000753d00000, 0x0000000753e00000, 0x0000000753e00000|100%| E|CS|TAMS 0x0000000753d00000, 0x0000000753d00000| Complete 
| 318|0x0000000753e00000, 0x0000000753f00000, 0x0000000753f00000|100%| E|CS|TAMS 0x0000000753e00000, 0x0000000753e00000| Complete 
| 319|0x0000000753f00000, 0x0000000754000000, 0x0000000754000000|100%| E|CS|TAMS 0x0000000753f00000, 0x0000000753f00000| Complete 
| 320|0x0000000754000000, 0x0000000754100000, 0x0000000754100000|100%| E|CS|TAMS 0x0000000754000000, 0x0000000754000000| Complete 
| 321|0x0000000754100000, 0x0000000754200000, 0x0000000754200000|100%| E|CS|TAMS 0x0000000754100000, 0x0000000754100000| Complete 
| 322|0x0000000754200000, 0x0000000754300000, 0x0000000754300000|100%| E|CS|TAMS 0x0000000754200000, 0x0000000754200000| Complete 
| 323|0x0000000754300000, 0x0000000754400000, 0x0000000754400000|100%| E|CS|TAMS 0x0000000754300000, 0x0000000754300000| Complete 
| 324|0x0000000754400000, 0x0000000754500000, 0x0000000754500000|100%| E|CS|TAMS 0x0000000754400000, 0x0000000754400000| Complete 
| 325|0x0000000754500000, 0x0000000754600000, 0x0000000754600000|100%| E|CS|TAMS 0x0000000754500000, 0x0000000754500000| Complete 
| 326|0x0000000754600000, 0x0000000754700000, 0x0000000754700000|100%| E|CS|TAMS 0x0000000754600000, 0x0000000754600000| Complete 
| 327|0x0000000754700000, 0x0000000754800000, 0x0000000754800000|100%| E|CS|TAMS 0x0000000754700000, 0x0000000754700000| Complete 
| 328|0x0000000754800000, 0x0000000754900000, 0x0000000754900000|100%| E|CS|TAMS 0x0000000754800000, 0x0000000754800000| Complete 
| 329|0x0000000754900000, 0x0000000754a00000, 0x0000000754a00000|100%| E|CS|TAMS 0x0000000754900000, 0x0000000754900000| Complete 
| 330|0x0000000754a00000, 0x0000000754b00000, 0x0000000754b00000|100%| E|CS|TAMS 0x0000000754a00000, 0x0000000754a00000| Complete 
| 331|0x0000000754b00000, 0x0000000754c00000, 0x0000000754c00000|100%| E|CS|TAMS 0x0000000754b00000, 0x0000000754b00000| Complete 
| 332|0x0000000754c00000, 0x0000000754d00000, 0x0000000754d00000|100%| E|CS|TAMS 0x0000000754c00000, 0x0000000754c00000| Complete 

Card table byte_map: [0x000001689cca0000,0x000001689d2a0000] _byte_map_base: 0x00000168992a0000

Marking Bits (Prev, Next): (CMBitMap*) 0x0000016888bb4c68, (CMBitMap*) 0x0000016888bb4ca0
 Prev Bits: [0x000001689d8a0000, 0x00000168a08a0000)
 Next Bits: [0x00000168a08a0000, 0x00000168a38a0000)

Polling page: 0x0000016888a70000

Metaspace:

Usage:
  Non-class:     51.19 MB capacity,    50.00 MB ( 98%) used,  1020.05 KB (  2%) free+waste,   198.94 KB ( <1%) overhead. 
      Class:      8.68 MB capacity,     7.92 MB ( 91%) used,   689.66 KB (  8%) free+waste,    97.19 KB (  1%) overhead. 
       Both:     59.87 MB capacity,    57.91 MB ( 97%) used,     1.67 MB (  3%) free+waste,   296.13 KB ( <1%) overhead. 

Virtual space:
  Non-class space:       52.00 MB reserved,      51.25 MB ( 99%) committed 
      Class space:        1.00 GB reserved,       8.75 MB ( <1%) committed 
             Both:        1.05 GB reserved,      60.00 MB (  6%) committed 

Chunk freelists:
   Non-Class:  64.00 KB
       Class:  35.00 KB
        Both:  99.00 KB

CodeHeap 'non-profiled nmethods': size=120000Kb used=5578Kb max_used=5578Kb free=114421Kb
 bounds [0x00000168944f0000, 0x0000016894a70000, 0x000001689ba20000]
CodeHeap 'profiled nmethods': size=120000Kb used=17406Kb max_used=17406Kb free=102593Kb
 bounds [0x000001688cfc0000, 0x000001688e0d0000, 0x00000168944f0000]
CodeHeap 'non-nmethods': size=5760Kb used=2276Kb max_used=2356Kb free=3483Kb
 bounds [0x000001688ca20000, 0x000001688cc90000, 0x000001688cfc0000]
 total_blobs=10894 nmethods=7624 adapters=767
 compilation: enabled
              stopped_count=0, restarted_count=0
 full_count=0

Compilation events (10 events):
Event: 72.589 Thread 0x00000168a6e50800 nmethod 7864 0x0000016894a5f710 code [0x0000016894a5f8e0, 0x0000016894a5fe48]
Event: 72.589 Thread 0x00000168a6e50800 7865   !   4       org.gradle.internal.dispatch.ReflectionDispatch::dispatch (42 bytes)
Event: 72.595 Thread 0x00000168a6e50800 nmethod 7865 0x0000016894a60190 code [0x0000016894a60360, 0x0000016894a608a8]
Event: 72.778 Thread 0x00000168a6e50800 7866   !   4       jdk.internal.reflect.GeneratedMethodAccessor1::invoke (68 bytes)
Event: 72.779 Thread 0x00000168a6e50800 nmethod 7866 0x0000016894a60c10 code [0x0000016894a60dc0, 0x0000016894a60f78]
Event: 72.789 Thread 0x00000168a6e50800 7867       4       org.gradle.internal.event.BroadcastDispatch$SingletonDispatch::dispatch (9 bytes)
Event: 72.796 Thread 0x00000168a6e50800 nmethod 7867 0x0000016894a61190 code [0x0000016894a61380, 0x0000016894a619c8]
Event: 72.796 Thread 0x00000168a6e50800 7868   !   4       org.gradle.internal.event.AbstractBroadcastDispatch::dispatch (74 bytes)
Event: 72.803 Thread 0x00000168a6e50800 nmethod 7868 0x0000016894a61e90 code [0x0000016894a62080, 0x0000016894a626a8]
Event: 79.327 Thread 0x00000168a6e50800 7869   !   4       java.util.concurrent.LinkedBlockingQueue::poll (128 bytes)

GC Heap History (10 events):
Event: 11.861 GC heap before
{Heap before GC invocations=31 (full 0):
 garbage-first heap   total 283648K, used 130888K [0x0000000740000000, 0x0000000800000000)
  region size 1024K, 4 young (4096K), 1 survivors (1024K)
 Metaspace       used 59060K, capacity 61136K, committed 61440K, reserved 1101824K
  class space    used 8095K, capacity 8884K, committed 8960K, reserved 1048576K
}
Event: 11.863 GC heap after
{Heap after GC invocations=32 (full 0):
 garbage-first heap   total 283648K, used 65352K [0x0000000740000000, 0x0000000800000000)
  region size 1024K, 1 young (1024K), 1 survivors (1024K)
 Metaspace       used 59060K, capacity 61136K, committed 61440K, reserved 1101824K
  class space    used 8095K, capacity 8884K, committed 8960K, reserved 1048576K
}
Event: 11.965 GC heap before
{Heap before GC invocations=33 (full 0):
 garbage-first heap   total 283648K, used 127816K [0x0000000740000000, 0x0000000800000000)
  region size 1024K, 4 young (4096K), 1 survivors (1024K)
 Metaspace       used 59061K, capacity 61136K, committed 61440K, reserved 1101824K
  class space    used 8095K, capacity 8884K, committed 8960K, reserved 1048576K
}
Event: 11.966 GC heap after
{Heap after GC invocations=34 (full 0):
 garbage-first heap   total 283648K, used 76615K [0x0000000740000000, 0x0000000800000000)
  region size 1024K, 1 young (1024K), 1 survivors (1024K)
 Metaspace       used 59061K, capacity 61136K, committed 61440K, reserved 1101824K
  class space    used 8095K, capacity 8884K, committed 8960K, reserved 1048576K
}
Event: 12.023 GC heap before
{Heap before GC invocations=35 (full 0):
 garbage-first heap   total 283648K, used 116551K [0x0000000740000000, 0x0000000800000000)
  region size 1024K, 2 young (2048K), 1 survivors (1024K)
 Metaspace       used 59061K, capacity 61136K, committed 61440K, reserved 1101824K
  class space    used 8095K, capacity 8884K, committed 8960K, reserved 1048576K
}
Event: 12.025 GC heap after
{Heap after GC invocations=36 (full 0):
 garbage-first heap   total 283648K, used 85820K [0x0000000740000000, 0x0000000800000000)
  region size 1024K, 1 young (1024K), 1 survivors (1024K)
 Metaspace       used 59061K, capacity 61136K, committed 61440K, reserved 1101824K
  class space    used 8095K, capacity 8884K, committed 8960K, reserved 1048576K
}
Event: 12.119 GC heap before
{Heap before GC invocations=37 (full 0):
 garbage-first heap   total 283648K, used 127804K [0x0000000740000000, 0x0000000800000000)
  region size 1024K, 3 young (3072K), 1 survivors (1024K)
 Metaspace       used 59061K, capacity 61136K, committed 61440K, reserved 1101824K
  class space    used 8095K, capacity 8884K, committed 8960K, reserved 1048576K
}
Event: 12.120 GC heap after
{Heap after GC invocations=38 (full 0):
 garbage-first heap   total 283648K, used 65353K [0x0000000740000000, 0x0000000800000000)
  region size 1024K, 1 young (1024K), 1 survivors (1024K)
 Metaspace       used 59061K, capacity 61136K, committed 61440K, reserved 1101824K
  class space    used 8095K, capacity 8884K, committed 8960K, reserved 1048576K
}
Event: 12.211 GC heap before
{Heap before GC invocations=39 (full 0):
 garbage-first heap   total 283648K, used 134985K [0x0000000740000000, 0x0000000800000000)
  region size 1024K, 10 young (10240K), 1 survivors (1024K)
 Metaspace       used 59061K, capacity 61136K, committed 61440K, reserved 1101824K
  class space    used 8095K, capacity 8884K, committed 8960K, reserved 1048576K
}
Event: 12.214 GC heap after
{Heap after GC invocations=40 (full 0):
 garbage-first heap   total 340992K, used 68423K [0x0000000740000000, 0x0000000800000000)
  region size 1024K, 1 young (1024K), 1 survivors (1024K)
 Metaspace       used 59061K, capacity 61136K, committed 61440K, reserved 1101824K
  class space    used 8095K, capacity 8884K, committed 8960K, reserved 1048576K
}

Deoptimization events (10 events):
Event: 12.370 Thread 0x00000168a8ef1800 Uncommon trap: reason=unstable_if action=reinterpret pc=0x0000016894955f98 method=com.google.common.collect.MapMakerInternalMap$Segment.drainKeyReferenceQueue(Ljava/lang/ref/ReferenceQueue;)V @ 8 c2
Event: 12.370 Thread 0x00000168a8ef1800 Uncommon trap: reason=unstable_if action=reinterpret pc=0x000001689495b32c method=com.google.common.collect.MapMakerInternalMap$Segment.drainKeyReferenceQueue(Ljava/lang/ref/ReferenceQueue;)V @ 8 c2
Event: 12.399 Thread 0x00000168a8eea000 Uncommon trap: reason=bimorphic_or_optimized_type_check action=maybe_recompile pc=0x0000016894976e24 method=com.google.common.collect.ImmutableSet.copyOf(Ljava/util/Collection;)Lcom/google/common/collect/ImmutableSet; @ 29 c2
Event: 12.399 Thread 0x00000168a8eea000 Uncommon trap: reason=bimorphic_or_optimized_type_check action=maybe_recompile pc=0x0000016894976e24 method=com.google.common.collect.ImmutableSet.copyOf(Ljava/util/Collection;)Lcom/google/common/collect/ImmutableSet; @ 29 c2
Event: 12.399 Thread 0x00000168a8eea000 Uncommon trap: reason=bimorphic_or_optimized_type_check action=maybe_recompile pc=0x0000016894976e24 method=com.google.common.collect.ImmutableSet.copyOf(Ljava/util/Collection;)Lcom/google/common/collect/ImmutableSet; @ 29 c2
Event: 12.399 Thread 0x00000168a8eea000 Uncommon trap: reason=bimorphic_or_optimized_type_check action=maybe_recompile pc=0x0000016894976e24 method=com.google.common.collect.ImmutableSet.copyOf(Ljava/util/Collection;)Lcom/google/common/collect/ImmutableSet; @ 29 c2
Event: 31.654 Thread 0x00000168ac438800 Uncommon trap: reason=unstable_if action=reinterpret pc=0x0000016894a4183c method=org.gradle.internal.logging.text.AbstractLineChoppingStyledTextOutput$2.execute(Lorg/gradle/internal/logging/text/AbstractLineChoppingStyledTextOutput$StateContext;)V @ 30 c
Event: 31.655 Thread 0x00000168ac438800 Uncommon trap: reason=unstable_if action=reinterpret pc=0x00000168949a3030 method=org.gradle.internal.logging.text.AbstractLineChoppingStyledTextOutput$2.execute(Lorg/gradle/internal/logging/text/AbstractLineChoppingStyledTextOutput$StateContext;)V @ 30 c
Event: 31.655 Thread 0x00000168ac438800 Uncommon trap: reason=unstable_if action=reinterpret pc=0x00000168949a539c method=org.gradle.internal.logging.text.AbstractLineChoppingStyledTextOutput$2.execute(Lorg/gradle/internal/logging/text/AbstractLineChoppingStyledTextOutput$StateContext;)V @ 30 c
Event: 31.655 Thread 0x00000168ac438800 Uncommon trap: reason=unstable_if action=reinterpret pc=0x00000168949a7dc0 method=org.gradle.internal.logging.text.AbstractLineChoppingStyledTextOutput$2.execute(Lorg/gradle/internal/logging/text/AbstractLineChoppingStyledTextOutput$StateContext;)V @ 30 c

Classes redefined (0 events):
No events

Internal exceptions (10 events):
Event: 8.365 Thread 0x00000168a8eea000 Exception <a 'java/lang/NoSuchMethodError'{0x000000074aeda928}: <clinit>> (0x000000074aeda928) thrown at [c:/BuildAgent/work/5ff2f6c26000d570/src/hotspot/share/prims/jni.cpp, line 1364]
Event: 8.365 Thread 0x00000168a8eea000 Exception <a 'java/lang/NoSuchMethodError'{0x000000074aedf7c8}: <clinit>> (0x000000074aedf7c8) thrown at [c:/BuildAgent/work/5ff2f6c26000d570/src/hotspot/share/prims/jni.cpp, line 1364]
Event: 8.374 Thread 0x00000168a8eea000 Exception <a 'java/lang/NoSuchMethodError'{0x000000074ad6df30}: <clinit>> (0x000000074ad6df30) thrown at [c:/BuildAgent/work/5ff2f6c26000d570/src/hotspot/share/prims/jni.cpp, line 1364]
Event: 8.412 Thread 0x00000168a8eea000 Exception <a 'java/lang/NoSuchMethodError'{0x000000074aad4348}: <clinit>> (0x000000074aad4348) thrown at [c:/BuildAgent/work/5ff2f6c26000d570/src/hotspot/share/prims/jni.cpp, line 1364]
Event: 10.175 Thread 0x00000168ac436000 Exception <a 'java/lang/NoSuchMethodError'{0x000000074a6661a0}: <clinit>> (0x000000074a6661a0) thrown at [c:/BuildAgent/work/5ff2f6c26000d570/src/hotspot/share/prims/jni.cpp, line 1364]
Event: 10.175 Thread 0x00000168ac436000 Exception <a 'java/lang/NoSuchMethodError'{0x000000074a68cae0}: <clinit>> (0x000000074a68cae0) thrown at [c:/BuildAgent/work/5ff2f6c26000d570/src/hotspot/share/prims/jni.cpp, line 1364]
Event: 10.204 Thread 0x00000168a8754800 Exception <a 'java/lang/NoSuchMethodError'{0x000000074bb583d0}: <clinit>> (0x000000074bb583d0) thrown at [c:/BuildAgent/work/5ff2f6c26000d570/src/hotspot/share/prims/jni.cpp, line 1364]
Event: 10.205 Thread 0x00000168a8754800 Exception <a 'java/lang/NoSuchMethodError'{0x000000074a3ef988}: <clinit>> (0x000000074a3ef988) thrown at [c:/BuildAgent/work/5ff2f6c26000d570/src/hotspot/share/prims/jni.cpp, line 1364]
Event: 10.205 Thread 0x00000168a8754800 Exception <a 'java/lang/NoSuchMethodError'{0x000000074a3f13c0}: <clinit>> (0x000000074a3f13c0) thrown at [c:/BuildAgent/work/5ff2f6c26000d570/src/hotspot/share/prims/jni.cpp, line 1364]
Event: 10.205 Thread 0x00000168a8754800 Exception <a 'java/lang/NoSuchMethodError'{0x000000074a3f2580}: <clinit>> (0x000000074a3f2580) thrown at [c:/BuildAgent/work/5ff2f6c26000d570/src/hotspot/share/prims/jni.cpp, line 1364]

Events (10 events):
Event: 63.856 Thread 0x00000168a97ac800 Thread exited: 0x00000168a97ac800
Event: 63.856 Thread 0x00000168a97a9000 Thread exited: 0x00000168a97a9000
Event: 63.856 Thread 0x00000168ac41c800 Thread exited: 0x00000168ac41c800
Event: 63.856 Thread 0x00000168ac41d800 Thread exited: 0x00000168ac41d800
Event: 63.866 Thread 0x00000168acb58800 Thread exited: 0x00000168acb58800
Event: 65.510 Executing VM operation: RevokeBias
Event: 65.510 Executing VM operation: RevokeBias done
Event: 65.510 Thread 0x00000168acb67000 Thread exited: 0x00000168acb67000
Event: 66.546 Thread 0x00000168ac438800 DEOPT PACKING pc=0x000001688e0b5544 sp=0x00000065bfafdec0
Event: 66.546 Thread 0x00000168ac438800 DEOPT UNPACKING pc=0x000001688ca490ce sp=0x00000065bfafd380 mode 0


Dynamic libraries:
0x00007ff75d540000 - 0x00007ff75d587000 	C:\Program Files\JetBrains\IntelliJ IDEA Community Edition 2019.2.2\jbr\bin\java.exe
0x00007ffb98c30000 - 0x00007ffb98e25000 	C:\WINDOWS\SYSTEM32\ntdll.dll
0x00007ffb97e10000 - 0x00007ffb97ece000 	C:\WINDOWS\System32\KERNEL32.DLL
0x00007ffb967b0000 - 0x00007ffb96a78000 	C:\WINDOWS\System32\KERNELBASE.dll
0x00007ffb979c0000 - 0x00007ffb97b60000 	C:\WINDOWS\System32\USER32.dll
0x00007ffb96c10000 - 0x00007ffb96c32000 	C:\WINDOWS\System32\win32u.dll
0x00007ffb97de0000 - 0x00007ffb97e0a000 	C:\WINDOWS\System32\GDI32.dll
0x00007ffb966a0000 - 0x00007ffb967ab000 	C:\WINDOWS\System32\gdi32full.dll
0x00007ffb96600000 - 0x00007ffb9669d000 	C:\WINDOWS\System32\msvcp_win.dll
0x00007ffb96500000 - 0x00007ffb96600000 	C:\WINDOWS\System32\ucrtbase.dll
0x00007ffb7aad0000 - 0x00007ffb7ad6a000 	C:\WINDOWS\WinSxS\amd64_microsoft.windows.common-controls_6595b64144ccf1df_6.0.19041.1110_none_60b5254171f9507e\COMCTL32.dll
0x00007ffb98b40000 - 0x00007ffb98bde000 	C:\WINDOWS\System32\msvcrt.dll
0x00007ffb97730000 - 0x00007ffb97760000 	C:\WINDOWS\System32\IMM32.DLL
0x00007ffb8d240000 - 0x00007ffb8d257000 	C:\Program Files\JetBrains\IntelliJ IDEA Community Edition 2019.2.2\jbr\bin\vcruntime140.dll
0x00007ffb78ac0000 - 0x00007ffb78b5d000 	C:\Program Files\JetBrains\IntelliJ IDEA Community Edition 2019.2.2\jbr\bin\msvcp140.dll
0x00007ffb734e0000 - 0x00007ffb73f97000 	C:\Program Files\JetBrains\IntelliJ IDEA Community Edition 2019.2.2\jbr\bin\server\jvm.dll
0x00007ffb989e0000 - 0x00007ffb98a8e000 	C:\WINDOWS\System32\ADVAPI32.dll
0x00007ffb97ed0000 - 0x00007ffb97f6c000 	C:\WINDOWS\System32\sechost.dll
0x00007ffb97760000 - 0x00007ffb97885000 	C:\WINDOWS\System32\RPCRT4.dll
0x00007ffb98be0000 - 0x00007ffb98be8000 	C:\WINDOWS\System32\PSAPI.DLL
0x00007ffb8f3a0000 - 0x00007ffb8f3aa000 	C:\WINDOWS\SYSTEM32\VERSION.dll
0x00007ffb7f0c0000 - 0x00007ffb7f0e7000 	C:\WINDOWS\SYSTEM32\WINMM.dll
0x00007ffb7ce70000 - 0x00007ffb7ce79000 	C:\WINDOWS\SYSTEM32\WSOCK32.dll
0x00007ffb98970000 - 0x00007ffb989db000 	C:\WINDOWS\System32\WS2_32.dll
0x00007ffb94230000 - 0x00007ffb94242000 	C:\WINDOWS\SYSTEM32\kernel.appcore.dll
0x00007ffb91e80000 - 0x00007ffb91e91000 	C:\Program Files\JetBrains\IntelliJ IDEA Community Edition 2019.2.2\jbr\bin\verify.dll
0x00007ffb8adf0000 - 0x00007ffb8afd4000 	C:\WINDOWS\SYSTEM32\DBGHELP.DLL
0x00007ffb8ab80000 - 0x00007ffb8abac000 	C:\WINDOWS\SYSTEM32\dbgcore.DLL
0x00007ffb96350000 - 0x00007ffb963d2000 	C:\WINDOWS\System32\bcryptPrimitives.dll
0x00007ffb8b620000 - 0x00007ffb8b649000 	C:\Program Files\JetBrains\IntelliJ IDEA Community Edition 2019.2.2\jbr\bin\java.dll
0x00007ffb89c40000 - 0x00007ffb89c57000 	C:\Program Files\JetBrains\IntelliJ IDEA Community Edition 2019.2.2\jbr\bin\zip.dll
0x00007ffb91e70000 - 0x00007ffb91e7b000 	C:\Program Files\JetBrains\IntelliJ IDEA Community Edition 2019.2.2\jbr\bin\jimage.dll
0x00007ffb96e60000 - 0x00007ffb975a4000 	C:\WINDOWS\System32\SHELL32.dll
0x00007ffb94430000 - 0x00007ffb94bc4000 	C:\WINDOWS\SYSTEM32\windows.storage.dll
0x00007ffb97fd0000 - 0x00007ffb98324000 	C:\WINDOWS\System32\combase.dll
0x00007ffb95ce0000 - 0x00007ffb95d0c000 	C:\WINDOWS\SYSTEM32\Wldp.dll
0x00007ffb987a0000 - 0x00007ffb9884d000 	C:\WINDOWS\System32\SHCORE.dll
0x00007ffb96cf0000 - 0x00007ffb96d45000 	C:\WINDOWS\System32\shlwapi.dll
0x00007ffb96290000 - 0x00007ffb962af000 	C:\WINDOWS\SYSTEM32\profapi.dll
0x00007ffb888b0000 - 0x00007ffb888ca000 	C:\Program Files\JetBrains\IntelliJ IDEA Community Edition 2019.2.2\jbr\bin\net.dll
0x00007ffb8ded0000 - 0x00007ffb8dfda000 	C:\WINDOWS\SYSTEM32\WINHTTP.dll
0x00007ffb7f8e0000 - 0x00007ffb7facc000 	C:\WINDOWS\SYSTEM32\urlmon.dll
0x00007ffb7ec10000 - 0x00007ffb7eec1000 	C:\WINDOWS\SYSTEM32\iertutil.dll
0x00007ffb8dfe0000 - 0x00007ffb8e008000 	C:\WINDOWS\SYSTEM32\srvcli.dll
0x00007ffb958c0000 - 0x00007ffb958cc000 	C:\WINDOWS\SYSTEM32\netutils.dll
0x00007ffb95a50000 - 0x00007ffb95aba000 	C:\WINDOWS\system32\mswsock.dll
0x00007ffb88890000 - 0x00007ffb888a4000 	C:\Program Files\JetBrains\IntelliJ IDEA Community Edition 2019.2.2\jbr\bin\nio.dll
0x00007ffb8a710000 - 0x00007ffb8a737000 	C:\Users\uygar\.gradle\native\fdc75f09e3144964f2cf3f50f0aa648679c211496f362492102eb8c894070792\windows-amd64\native-platform.dll
0x00007ffb76050000 - 0x00007ffb761e6000 	C:\Users\uygar\.gradle\native\12488b8bf47d2d4c9fbf2f6322a914ad602e24e48041cd04a747c6da556b65c4\windows-amd64\native-platform-file-events.dll
0x00007ffb90ec0000 - 0x00007ffb90eca000 	C:\Program Files\JetBrains\IntelliJ IDEA Community Edition 2019.2.2\jbr\bin\management.dll
0x00007ffb8cd10000 - 0x00007ffb8cd1c000 	C:\Program Files\JetBrains\IntelliJ IDEA Community Edition 2019.2.2\jbr\bin\management_ext.dll
0x00007ffb95d20000 - 0x00007ffb95d38000 	C:\WINDOWS\SYSTEM32\CRYPTSP.dll
0x00007ffb95390000 - 0x00007ffb953c4000 	C:\WINDOWS\system32\rsaenh.dll
0x00007ffb96be0000 - 0x00007ffb96c07000 	C:\WINDOWS\System32\bcrypt.dll
0x00007ffb96210000 - 0x00007ffb9623e000 	C:\WINDOWS\SYSTEM32\USERENV.dll
0x00007ffb95be0000 - 0x00007ffb95bec000 	C:\WINDOWS\SYSTEM32\CRYPTBASE.dll
0x00007ffb95760000 - 0x00007ffb9579b000 	C:\WINDOWS\SYSTEM32\IPHLPAPI.DLL
0x00007ffb96e50000 - 0x00007ffb96e58000 	C:\WINDOWS\System32\NSI.dll
0x00007ffb8f0e0000 - 0x00007ffb8f0f7000 	C:\WINDOWS\SYSTEM32\dhcpcsvc6.DLL
0x00007ffb8f0c0000 - 0x00007ffb8f0dd000 	C:\WINDOWS\SYSTEM32\dhcpcsvc.DLL
0x00007ffb957a0000 - 0x00007ffb9586b000 	C:\WINDOWS\SYSTEM32\DNSAPI.dll
0x00007ffb8f1f0000 - 0x00007ffb8f1fb000 	C:\WINDOWS\SYSTEM32\WINNSI.DLL
0x00007ffb71010000 - 0x00007ffb71038000 	C:\Program Files\JetBrains\IntelliJ IDEA Community Edition 2019.2.2\jbr\bin\sunec.dll
0x00007ffb888d0000 - 0x00007ffb888da000 	C:\Windows\System32\rasadhlp.dll
0x00007ffb8d410000 - 0x00007ffb8d48f000 	C:\WINDOWS\System32\fwpuclnt.dll
0x00007ffb93c50000 - 0x00007ffb93ce0000 	C:\WINDOWS\system32\apphelp.dll

dbghelp: loaded successfully - version: 4.0.5 - missing functions: none
symbol engine: initialized successfully - sym options: 0x614 - pdb path: .;C:\Program Files\JetBrains\IntelliJ IDEA Community Edition 2019.2.2\jbr\bin;C:\WINDOWS\SYSTEM32;C:\WINDOWS\WinSxS\amd64_microsoft.windows.common-controls_6595b64144ccf1df_6.0.19041.1110_none_60b5254171f9507e;C:\Program Files\JetBrains\IntelliJ IDEA Community Edition 2019.2.2\jbr\bin\server;C:\Users\uygar\.gradle\native\fdc75f09e3144964f2cf3f50f0aa648679c211496f362492102eb8c894070792\windows-amd64;C:\Users\uygar\.gradle\native\12488b8bf47d2d4c9fbf2f6322a914ad602e24e48041cd04a747c6da556b65c4\windows-amd64

VM Arguments:
jvm_args: --add-opens=java.base/java.util=ALL-UNNAMED --add-opens=java.base/java.lang=ALL-UNNAMED --add-opens=java.base/java.lang.invoke=ALL-UNNAMED --add-opens=java.prefs/java.util.prefs=ALL-UNNAMED -Xmx3G -Dfile.encoding=windows-1254 -Duser.country=TR -Duser.language=tr -Duser.variant 
java_command: org.gradle.launcher.daemon.bootstrap.GradleDaemon 6.8.1
java_class_path (initial): C:\Users\uygar\.gradle\wrapper\dists\gradle-6.8.1-all\923to48kq3drqywuppfjkcokx\gradle-6.8.1\lib\gradle-launcher-6.8.1.jar
Launcher Type: SUN_STANDARD

[Global flags]
     intx CICompilerCount                          = 4                                         {product} {ergonomic}
     uint ConcGCThreads                            = 3                                         {product} {ergonomic}
     uint G1ConcRefinementThreads                  = 10                                        {product} {ergonomic}
   size_t G1HeapRegionSize                         = 1048576                                   {product} {ergonomic}
    uintx GCDrainStackTargetSize                   = 64                                        {product} {ergonomic}
   size_t InitialHeapSize                          = 266338304                                 {product} {ergonomic}
   size_t MarkStackSize                            = 4194304                                   {product} {ergonomic}
   size_t MaxHeapSize                              = 3221225472                                {product} {command line}
   size_t MaxNewSize                               = 1932525568                                {product} {ergonomic}
   size_t MinHeapDeltaBytes                        = 1048576                                   {product} {ergonomic}
    uintx NonNMethodCodeHeapSize                   = 5835340                                {pd product} {ergonomic}
    uintx NonProfiledCodeHeapSize                  = 122911450                              {pd product} {ergonomic}
    uintx ProfiledCodeHeapSize                     = 122911450                              {pd product} {ergonomic}
    uintx ReservedCodeCacheSize                    = 251658240                              {pd product} {ergonomic}
     bool SegmentedCodeCache                       = true                                      {product} {ergonomic}
     bool UseCompressedClassPointers               = true                                 {lp64_product} {ergonomic}
     bool UseCompressedOops                        = true                                 {lp64_product} {ergonomic}
     bool UseG1GC                                  = true                                      {product} {ergonomic}
     bool UseLargePagesIndividualAllocation        = false                                  {pd product} {ergonomic}

Logging:
Log output configuration:
 #0: stdout all=warning uptime,level,tags
 #1: stderr all=off uptime,level,tags

Environment Variables:
PATH=C:\Program Files (x86)\Common Files\Oracle\Java\javapath;C:\Windows\system32;C:\Windows;C:\Windows\System32\Wbem;C:\Windows\System32\WindowsPowerShell\v1.0\;C:\Windows\System32\OpenSSH\;C:\Program Files (x86)\NVIDIA Corporation\PhysX\Common;C:\Program Files\Intel\WiFi\bin\;C:\Program Files\Common Files\Intel\WirelessCommon\;C:\Program Files (x86)\Intel\Intel(R) Management Engine Components\DAL;C:\Program Files\Intel\Intel(R) Management Engine Components\DAL;C:\jdk-13\bin\java;C:\Program Files\dotnet\;C:\Program Files\Git\cmd;C:\Program Files\Git\mingw64\bin;C:\Program Files\Git\usr\bin;C:\WINDOWS\system32;C:\WINDOWS;C:\WINDOWS\System32\Wbem;C:\WINDOWS\System32\WindowsPowerShell\v1.0\;C:\WINDOWS\System32\OpenSSH\;C:\Program Files\PuTTY\;C:\Program Files\nodejs\;C:\Program Files\Docker\Docker\resources\bin;C:\ProgramData\DockerDesktop\version-bin;C:\Python\Python37-32\Scripts\;C:\Python\Python37-32\;C:\Users\uygar\AppData\Local\Microsoft\WindowsApps;C:\PyCharm Community Edition 2019.2.3\bin;C:\Users\uygar\AppData\Local\atom\bin;C:\Users\uygar\AppData\Local\GitHubDesktop\bin;C:\Users\uygar\AppData\Local\Microsoft\WindowsApps;C:\Users\uygar\AppData\Roaming\npm;C:\Users\uygar\.dotnet\tools;C:\Users\uygar\AppData\Local\Programs\Microsoft VS Code\bin;C:\Users\uygar\.dotnet\tools
USERNAME=uygar
OS=Windows_NT
PROCESSOR_IDENTIFIER=Intel64 Family 6 Model 158 Stepping 10, GenuineIntel



---------------  S Y S T E M  ---------------

OS: Windows 10 , 64 bit Build 19041 (10.0.19041.1645)

CPU:total 12 (initial active 12) (6 cores per cpu, 2 threads per core) family 6 model 158 stepping 10, cmov, cx8, fxsr, mmx, sse, sse2, sse3, ssse3, sse4.1, sse4.2, popcnt, avx, avx2, aes, clmul, erms, 3dnowpref, lzcnt, ht, tsc, tscinvbit, bmi1, bmi2, adx, fma

Memory: 4k page, system-wide physical 16241M (779M free)
TotalPageFile size 46639M (AvailPageFile size 1M)
current process WorkingSet (physical memory assigned to process): 499M, peak: 533M
current process commit charge ("private bytes"): 554M, peak: 593M

vm_info: OpenJDK 64-Bit Server VM (11.0.3+12-b304.56) for windows-amd64 JRE (11.0.3+12-b304.56), built on Sep  3 2019 10:54:25 by "" with MS VC++ 14.0 (VS2015)

END.
