#
# There is insufficient memory for the Java Runtime Environment to continue.
# Native memory allocation (malloc) failed to allocate 66976 bytes for Chunk::new
# Possible reasons:
#   The system is out of physical RAM or swap space
#   The process is running with CompressedOops enabled, and the Java Heap may be blocking the growth of the native heap
# Possible solutions:
#   Reduce memory load on the system
#   Increase physical memory or swap space
#   Check if swap backing store is full
#   Decrease Java heap size (-Xmx/-Xms)
#   Decrease number of Java threads
#   Decrease Java thread stack sizes (-Xss)
#   Set larger code cache with -XX:ReservedCodeCacheSize=
#   JVM is running with Zero Based Compressed Oops mode in which the Java heap is
#     placed in the first 32GB address space. The Java Heap base address is the
#     maximum limit for the native heap growth. Please use -XX:HeapBaseMinAddress
#     to set the Java Heap base and to place the Java Heap above 32GB virtual address.
# This output file may be truncated or incomplete.
#
#  Out of Memory Error (c:/BuildAgent/work/5ff2f6c26000d570/src/hotspot/share/memory/arena.cpp:197), pid=17752, tid=12856
#
# JRE version: OpenJDK Runtime Environment (11.0.3+12) (build 11.0.3+12-b304.56)
# Java VM: OpenJDK 64-Bit Server VM (11.0.3+12-b304.56, mixed mode, sharing, tiered, compressed oops, g1 gc, windows-amd64)
# No core dump will be written. Minidumps are not enabled by default on client versions of Windows
#

---------------  S U M M A R Y ------------

Command Line: --add-opens=java.base/java.util=ALL-UNNAMED --add-opens=java.base/java.lang=ALL-UNNAMED --add-opens=java.base/java.lang.invoke=ALL-UNNAMED --add-opens=java.prefs/java.util.prefs=ALL-UNNAMED -Xmx3G -Dfile.encoding=windows-1254 -Duser.country=TR -Duser.language=tr -Duser.variant org.gradle.launcher.daemon.bootstrap.GradleDaemon 6.8.1

Host: Intel(R) Core(TM) i7-9750H CPU @ 2.60GHz, 12 cores, 15G,  Windows 10 , 64 bit Build 19041 (10.0.19041.1645)
Time: Thu Apr 21 21:30:25 2022 T¸rkiye Standart Saati elapsed time: 100 seconds (0d 0h 1m 40s)

---------------  T H R E A D  ---------------

Current thread (0x00000155fa1dc800):  JavaThread "C2 CompilerThread0" daemon [_thread_in_native, id=12856, stack(0x000000502b900000,0x000000502ba00000)]


Current CompileTask:
C2: 100785 9451       4       org.gradle.internal.logging.sink.ProgressLogEventGenerator$Operation::completeHeader (154 bytes)

Stack: [0x000000502b900000,0x000000502ba00000]
Native frames: (J=compiled Java code, j=interpreted, Vv=VM code, C=native code)
V  [jvm.dll+0x5da77a]
V  [jvm.dll+0x70b9c9]
V  [jvm.dll+0x70cee8]
V  [jvm.dll+0x70d5b3]
V  [jvm.dll+0x23ddc8]
V  [jvm.dll+0xb931c]
V  [jvm.dll+0xb981c]
V  [jvm.dll+0x2b1ae4]
V  [jvm.dll+0x4ffd52]
V  [jvm.dll+0x1f94ac]
V  [jvm.dll+0x1f6aaf]
V  [jvm.dll+0x17fadb]
V  [jvm.dll+0x204e17]
V  [jvm.dll+0x2036b2]
V  [jvm.dll+0x6d885f]
V  [jvm.dll+0x6d165d]
V  [jvm.dll+0x5d9a56]
C  [ucrtbase.dll+0x21bb2]
C  [KERNEL32.DLL+0x17034]
C  [ntdll.dll+0x52651]


---------------  P R O C E S S  ---------------

Threads class SMR info:
_java_thread_list=0x00000155fd404c70, length=97, elements={
0x00000155dbf00800, 0x00000155fa1b7800, 0x00000155fa1ba800, 0x00000155fa1d9800,
0x00000155fa1db800, 0x00000155fa1dc800, 0x00000155fa1df800, 0x00000155fa1e0800,
0x00000155fa334800, 0x00000155fa338800, 0x00000155fc0a0800, 0x00000155fcfa6800,
0x00000155fbc64800, 0x00000155fc12c000, 0x00000155fc0d1800, 0x00000155fc843800,
0x00000155fc844800, 0x00000155fc847000, 0x00000155fc848000, 0x00000155fcfcf800,
0x00000155fcf09000, 0x00000155fcf09800, 0x00000155fc92f800, 0x00000155fc92e000,
0x00000155fc930800, 0x00000155fc92b800, 0x00000155fc92d800, 0x00000155fc92f000,
0x00000155fc92b000, 0x00000155fc935800, 0x00000155fc931800, 0x00000155fc934000,
0x00000155fad71000, 0x00000155fad71800, 0x00000155fad78000, 0x00000155fceff000,
0x00000155fcf05000, 0x00000155fcf04000, 0x00000155fcf00800, 0x00000155fcf01800,
0x00000155fcf02800, 0x00000155fcf05800, 0x00000155fcf00000, 0x00000155fcf06800,
0x00000155fcf07800, 0x00000155fcf08000, 0x00000155fcf03000, 0x00000155fcf0a800,
0x00000155fcf0b800, 0x00000155fcf0c000, 0x00000155fcf0d000, 0x00000155fcf0e000,
0x00000155fad6e800, 0x00000155fad70000, 0x00000155fad6a000, 0x00000155fad6f000,
0x00000155fad6b000, 0x00000155fad6c000, 0x00000155fad72800, 0x00000155fad6c800,
0x00000155fad73000, 0x00000155fad6d800, 0x00000155fad75000, 0x00000155fad75800,
0x00000155fad79000, 0x00000155fad76800, 0x00000155fad77800, 0x00000155fc936000,
0x00000155fc933000, 0x00000155fc937000, 0x00000155fc938000, 0x00000155fc938800,
0x00000155fc939800, 0x00000155fc846000, 0x00000155fc845800, 0x00000155fc842000,
0x00000155fc848800, 0x00000155fc843000, 0x00000155fcfd0000, 0x00000155fcfce000,
0x00000155fcfd1000, 0x00000155fcfcc000, 0x00000155fcfd2800, 0x00000155fc571800,
0x00000155fc570800, 0x00000155fc56c800, 0x00000155fc56f800, 0x00000155fc573000,
0x00000155fc56d800, 0x00000155fc56e000, 0x00000155fc56f000, 0x00000155fc92c800,
0x0000015581060800, 0x000001558105b800, 0x000001558105c800, 0x000001558105f000,
0x0000015581061000
}

Java Threads: ( => current thread )
  0x00000155dbf00800 JavaThread "main" [_thread_blocked, id=6284, stack(0x000000502ae00000,0x000000502af00000)]
  0x00000155fa1b7800 JavaThread "Reference Handler" daemon [_thread_blocked, id=19152, stack(0x000000502b500000,0x000000502b600000)]
  0x00000155fa1ba800 JavaThread "Finalizer" daemon [_thread_blocked, id=2664, stack(0x000000502b600000,0x000000502b700000)]
  0x00000155fa1d9800 JavaThread "Signal Dispatcher" daemon [_thread_blocked, id=22828, stack(0x000000502b700000,0x000000502b800000)]
  0x00000155fa1db800 JavaThread "Attach Listener" daemon [_thread_blocked, id=3756, stack(0x000000502b800000,0x000000502b900000)]
=>0x00000155fa1dc800 JavaThread "C2 CompilerThread0" daemon [_thread_in_native, id=12856, stack(0x000000502b900000,0x000000502ba00000)]
  0x00000155fa1df800 JavaThread "C1 CompilerThread0" daemon [_thread_blocked, id=18836, stack(0x000000502ba00000,0x000000502bb00000)]
  0x00000155fa1e0800 JavaThread "Sweeper thread" daemon [_thread_blocked, id=4608, stack(0x000000502bb00000,0x000000502bc00000)]
  0x00000155fa334800 JavaThread "Common-Cleaner" daemon [_thread_blocked, id=7692, stack(0x000000502bc00000,0x000000502bd00000)]
  0x00000155fa338800 JavaThread "Service Thread" daemon [_thread_blocked, id=15608, stack(0x000000502bd00000,0x000000502be00000)]
  0x00000155fc0a0800 JavaThread "Daemon health stats" [_thread_blocked, id=22172, stack(0x000000502c600000,0x000000502c700000)]
  0x00000155fcfa6800 JavaThread "Incoming local TCP Connector on port 58931" [_thread_in_native, id=20132, stack(0x000000502c700000,0x000000502c800000)]
  0x00000155fbc64800 JavaThread "Daemon periodic checks" [_thread_blocked, id=12936, stack(0x000000502c800000,0x000000502c900000)]
  0x00000155fc12c000 JavaThread "Daemon" [_thread_blocked, id=24928, stack(0x000000502c900000,0x000000502ca00000)]
  0x00000155fc0d1800 JavaThread "Daemon worker" [_thread_blocked, id=11196, stack(0x000000502cc00000,0x000000502cd00000)]
  0x00000155fc843800 JavaThread "Cache worker for file hash cache (C:\Users\uygar\.gradle\caches\6.8.1\fileHashes)" [_thread_blocked, id=14860, stack(0x000000502d000000,0x000000502d100000)]
  0x00000155fc844800 JavaThread "File lock request listener" [_thread_in_native, id=11176, stack(0x000000502d100000,0x000000502d200000)]
  0x00000155fc847000 JavaThread "Cache worker for journal cache (C:\Users\uygar\.gradle\caches\journal-1)" [_thread_blocked, id=23892, stack(0x000000502d200000,0x000000502d300000)]
  0x00000155fc848000 JavaThread "Cache worker for execution history cache (C:\Users\uygar\.gradle\caches\6.8.1\executionHistory)" [_thread_blocked, id=16988, stack(0x000000502dd00000,0x000000502de00000)]
  0x00000155fcfcf800 JavaThread "Cache worker for file content cache (C:\Users\uygar\.gradle\caches\6.8.1\fileContent)" [_thread_blocked, id=14100, stack(0x000000502e100000,0x000000502e200000)]
  0x00000155fcf09000 JavaThread "Memory manager" [_thread_blocked, id=13600, stack(0x0000005030b00000,0x0000005030c00000)]
  0x00000155fcf09800 JavaThread "ForkJoinPool.commonPool-worker-19" daemon [_thread_blocked, id=9856, stack(0x0000005030d00000,0x0000005030e00000)]
  0x00000155fc92f800 JavaThread "ForkJoinPool.commonPool-worker-5" daemon [_thread_blocked, id=18704, stack(0x0000005030e00000,0x0000005030f00000)]
  0x00000155fc92e000 JavaThread "ForkJoinPool.commonPool-worker-23" daemon [_thread_blocked, id=32, stack(0x0000005030f00000,0x0000005031000000)]
  0x00000155fc930800 JavaThread "ForkJoinPool.commonPool-worker-27" daemon [_thread_blocked, id=2140, stack(0x0000005031100000,0x0000005031200000)]
  0x00000155fc92b800 JavaThread "ForkJoinPool.commonPool-worker-13" daemon [_thread_blocked, id=3196, stack(0x0000005031200000,0x0000005031300000)]
  0x00000155fc92d800 JavaThread "ForkJoinPool.commonPool-worker-31" daemon [_thread_blocked, id=24500, stack(0x0000005031300000,0x0000005031400000)]
  0x00000155fc92f000 JavaThread "ForkJoinPool.commonPool-worker-3" daemon [_thread_blocked, id=2204, stack(0x0000005031400000,0x0000005031500000)]
  0x00000155fc92b000 JavaThread "ForkJoinPool.commonPool-worker-17" daemon [_thread_blocked, id=18016, stack(0x0000005031500000,0x0000005031600000)]
  0x00000155fc935800 JavaThread "ForkJoinPool.commonPool-worker-7" daemon [_thread_blocked, id=12272, stack(0x0000005031600000,0x0000005031700000)]
  0x00000155fc931800 JavaThread "ForkJoinPool.commonPool-worker-21" daemon [_thread_blocked, id=14032, stack(0x0000005031700000,0x0000005031800000)]
  0x00000155fc934000 JavaThread "Exec process Thread 3" [_thread_in_native, id=22536, stack(0x0000005031a00000,0x0000005031b00000)]
  0x00000155fad71000 JavaThread "Cache worker for Java compile cache (C:\Users\uygar\.gradle\caches\6.8.1\javaCompile)" [_thread_blocked, id=5808, stack(0x000000502f900000,0x000000502fa00000)]
  0x00000155fad71800 JavaThread "Exec process Thread 5" [_thread_in_native, id=2540, stack(0x0000005033300000,0x0000005033400000)]
  0x00000155fad78000 JavaThread "Exec process Thread 6" [_thread_in_native, id=19640, stack(0x0000005033400000,0x0000005033500000)]
  0x00000155fceff000 JavaThread "Handler for socket connection from /127.0.0.1:58931 to /127.0.0.1:58957" [_thread_in_native, id=11516, stack(0x000000502ab00000,0x000000502ac00000)]
  0x00000155fcf05000 JavaThread "Cancel handler" [_thread_blocked, id=20760, stack(0x000000502ac00000,0x000000502ad00000)]
  0x00000155fcf04000 JavaThread "Asynchronous log dispatcher for DefaultDaemonConnection: socket connection from /127.0.0.1:58931 to /127.0.0.1:58957" [_thread_blocked, id=14740, stack(0x000000502ad00000,0x000000502ae00000)]
  0x00000155fcf00800 JavaThread "Stdin handler" [_thread_blocked, id=13328, stack(0x000000502ca00000,0x000000502cb00000)]
  0x00000155fcf01800 JavaThread "Daemon client event forwarder" [_thread_blocked, id=11820, stack(0x000000502cb00000,0x000000502cc00000)]
  0x00000155fcf02800 JavaThread "Cache worker for file hash cache (C:\Users\uygar\OneDrive\Masa√ºst√º\myMod\Darg\.gradle\6.8.1\fileHashes)" [_thread_blocked, id=20644, stack(0x000000502cd00000,0x000000502ce00000)]
  0x00000155fcf05800 JavaThread "Cache worker for checksums cache (C:\Users\uygar\OneDrive\Masa√ºst√º\myMod\Darg\.gradle\checksums)" [_thread_blocked, id=24544, stack(0x000000502ce00000,0x000000502cf00000)]
  0x00000155fcf00000 JavaThread "Cache worker for cache directory md-supplier (C:\Users\uygar\.gradle\caches\6.8.1\md-supplier)" [_thread_blocked, id=304, stack(0x000000502cf00000,0x000000502d000000)]
  0x00000155fcf06800 JavaThread "Cache worker for cache directory md-rule (C:\Users\uygar\.gradle\caches\6.8.1\md-rule)" [_thread_blocked, id=1180, stack(0x000000502d300000,0x000000502d400000)]
  0x00000155fcf07800 JavaThread "Cache worker for Build Output Cleanup Cache (C:\Users\uygar\OneDrive\Masa√ºst√º\myMod\Darg\.gradle\buildOutputCleanup)" [_thread_blocked, id=16856, stack(0x000000502d400000,0x000000502d500000)]
  0x00000155fcf08000 JavaThread "Build operations" [_thread_blocked, id=23548, stack(0x000000502d600000,0x000000502d700000)]
  0x00000155fcf03000 JavaThread "Build operations Thread 2" [_thread_blocked, id=14852, stack(0x000000502db00000,0x000000502dc00000)]
  0x00000155fcf0a800 JavaThread "Build operations Thread 3" [_thread_blocked, id=9220, stack(0x000000502dc00000,0x000000502dd00000)]
  0x00000155fcf0b800 JavaThread "Build operations Thread 4" [_thread_blocked, id=20764, stack(0x000000502e000000,0x000000502e100000)]
  0x00000155fcf0c000 JavaThread "Build operations Thread 5" [_thread_blocked, id=17268, stack(0x000000502e200000,0x000000502e300000)]
  0x00000155fcf0d000 JavaThread "Build operations Thread 6" [_thread_blocked, id=2152, stack(0x000000502e400000,0x000000502e500000)]
  0x00000155fcf0e000 JavaThread "Build operations Thread 7" [_thread_blocked, id=12016, stack(0x000000502e500000,0x000000502e600000)]
  0x00000155fad6e800 JavaThread "Build operations Thread 8" [_thread_blocked, id=13960, stack(0x000000502e600000,0x000000502e700000)]
  0x00000155fad70000 JavaThread "Build operations Thread 9" [_thread_blocked, id=5736, stack(0x000000502e700000,0x000000502e800000)]
  0x00000155fad6a000 JavaThread "Build operations Thread 10" [_thread_blocked, id=2732, stack(0x000000502e800000,0x000000502e900000)]
  0x00000155fad6f000 JavaThread "Build operations Thread 11" [_thread_blocked, id=8756, stack(0x000000502e900000,0x000000502ea00000)]
  0x00000155fad6b000 JavaThread "Build operations Thread 12" [_thread_blocked, id=9652, stack(0x000000502ea00000,0x000000502eb00000)]
  0x00000155fad6c000 JavaThread "jar transforms Thread 29" [_thread_blocked, id=22072, stack(0x000000502eb00000,0x000000502ec00000)]
  0x00000155fad72800 JavaThread "jar transforms Thread 30" [_thread_blocked, id=16408, stack(0x000000502ec00000,0x000000502ed00000)]
  0x00000155fad6c800 JavaThread "jar transforms Thread 31" [_thread_blocked, id=2608, stack(0x000000502ed00000,0x000000502ee00000)]
  0x00000155fad73000 JavaThread "jar transforms Thread 32" [_thread_blocked, id=22348, stack(0x000000502ee00000,0x000000502ef00000)]
  0x00000155fad6d800 JavaThread "jar transforms Thread 33" [_thread_blocked, id=18460, stack(0x000000502ef00000,0x000000502f000000)]
  0x00000155fad75000 JavaThread "jar transforms Thread 34" [_thread_blocked, id=17980, stack(0x000000502f000000,0x000000502f100000)]
  0x00000155fad75800 JavaThread "jar transforms Thread 35" [_thread_blocked, id=22864, stack(0x000000502f100000,0x000000502f200000)]
  0x00000155fad79000 JavaThread "jar transforms Thread 36" [_thread_blocked, id=21576, stack(0x000000502f200000,0x000000502f300000)]
  0x00000155fad76800 JavaThread "jar transforms Thread 37" [_thread_blocked, id=17204, stack(0x000000502f300000,0x000000502f400000)]
  0x00000155fad77800 JavaThread "jar transforms Thread 38" [_thread_blocked, id=4724, stack(0x000000502f400000,0x000000502f500000)]
  0x00000155fc936000 JavaThread "jar transforms Thread 39" [_thread_blocked, id=17464, stack(0x000000502f500000,0x000000502f600000)]
  0x00000155fc933000 JavaThread "jar transforms Thread 40" [_thread_blocked, id=22556, stack(0x000000502f600000,0x000000502f700000)]
  0x00000155fc937000 JavaThread "jar transforms Thread 41" [_thread_blocked, id=15364, stack(0x000000502f700000,0x000000502f800000)]
  0x00000155fc938000 JavaThread "jar transforms Thread 42" [_thread_blocked, id=5752, stack(0x000000502f800000,0x000000502f900000)]
  0x00000155fc938800 JavaThread "jar transforms Thread 43" [_thread_blocked, id=21396, stack(0x000000502fa00000,0x000000502fb00000)]
  0x00000155fc939800 JavaThread "jar transforms Thread 44" [_thread_blocked, id=23948, stack(0x000000502fb00000,0x000000502fc00000)]
  0x00000155fc846000 JavaThread "jar transforms Thread 45" [_thread_blocked, id=19388, stack(0x000000502fc00000,0x000000502fd00000)]
  0x00000155fc845800 JavaThread "jar transforms Thread 46" [_thread_blocked, id=16412, stack(0x000000502fd00000,0x000000502fe00000)]
  0x00000155fc842000 JavaThread "jar transforms Thread 47" [_thread_blocked, id=11272, stack(0x000000502fe00000,0x000000502ff00000)]
  0x00000155fc848800 JavaThread "jar transforms Thread 48" [_thread_blocked, id=8312, stack(0x000000502ff00000,0x0000005030000000)]
  0x00000155fc843000 JavaThread "jar transforms Thread 49" [_thread_blocked, id=24276, stack(0x0000005030000000,0x0000005030100000)]
  0x00000155fcfd0000 JavaThread "jar transforms Thread 50" [_thread_blocked, id=22264, stack(0x0000005030100000,0x0000005030200000)]
  0x00000155fcfce000 JavaThread "jar transforms Thread 51" [_thread_blocked, id=10036, stack(0x0000005030200000,0x0000005030300000)]
  0x00000155fcfd1000 JavaThread "jar transforms Thread 52" [_thread_blocked, id=12024, stack(0x0000005030300000,0x0000005030400000)]
  0x00000155fcfcc000 JavaThread "jar transforms Thread 53" [_thread_blocked, id=14428, stack(0x0000005030400000,0x0000005030500000)]
  0x00000155fcfd2800 JavaThread "jar transforms Thread 54" [_thread_blocked, id=14568, stack(0x0000005030500000,0x0000005030600000)]
  0x00000155fc571800 JavaThread "jar transforms Thread 55" [_thread_blocked, id=15104, stack(0x0000005030600000,0x0000005030700000)]
  0x00000155fc570800 JavaThread "jar transforms Thread 56" [_thread_blocked, id=19076, stack(0x0000005030700000,0x0000005030800000)]
  0x00000155fc56c800 JavaThread "Execution worker for ':'" [_thread_blocked, id=16192, stack(0x0000005030a00000,0x0000005030b00000)]
  0x00000155fc56f800 JavaThread "Execution worker for ':' Thread 2" [_thread_blocked, id=20100, stack(0x0000005030c00000,0x0000005030d00000)]
  0x00000155fc573000 JavaThread "Execution worker for ':' Thread 3" [_thread_blocked, id=11416, stack(0x0000005031000000,0x0000005031100000)]
  0x00000155fc56d800 JavaThread "Execution worker for ':' Thread 4" [_thread_blocked, id=18552, stack(0x0000005031b00000,0x0000005031c00000)]
  0x00000155fc56e000 JavaThread "Execution worker for ':' Thread 5" [_thread_blocked, id=6608, stack(0x0000005031c00000,0x0000005031d00000)]
  0x00000155fc56f000 JavaThread "Execution worker for ':' Thread 6" [_thread_blocked, id=14528, stack(0x0000005031d00000,0x0000005031e00000)]
  0x00000155fc92c800 JavaThread "Execution worker for ':' Thread 7" [_thread_blocked, id=20700, stack(0x0000005031e00000,0x0000005031f00000)]
  0x0000015581060800 JavaThread "Execution worker for ':' Thread 8" [_thread_blocked, id=11536, stack(0x0000005031f00000,0x0000005032000000)]
  0x000001558105b800 JavaThread "Execution worker for ':' Thread 9" [_thread_blocked, id=2876, stack(0x0000005032000000,0x0000005032100000)]
  0x000001558105c800 JavaThread "Execution worker for ':' Thread 10" [_thread_blocked, id=13764, stack(0x0000005032100000,0x0000005032200000)]
  0x000001558105f000 JavaThread "Execution worker for ':' Thread 11" [_thread_blocked, id=10388, stack(0x0000005032200000,0x0000005032300000)]
  0x0000015581061000 JavaThread "Cache worker for execution history cache (C:\Users\uygar\OneDrive\Masa√ºst√º\myMod\Darg\.gradle\6.8.1\executionHistory)" [_thread_blocked, id=23152, stack(0x0000005032300000,0x0000005032400000)]

Other Threads:
  0x00000155fa1b6800 VMThread "VM Thread" [stack: 0x000000502b400000,0x000000502b500000] [id=19936]
  0x00000155fa339800 WatcherThread [stack: 0x000000502be00000,0x000000502bf00000] [id=8584]
  0x00000155dbf1b000 GCTaskThread "GC Thread#0" [stack: 0x000000502af00000,0x000000502b000000] [id=18904]
  0x00000155fad3c800 GCTaskThread "GC Thread#1" [stack: 0x000000502c000000,0x000000502c100000] [id=19896]
  0x00000155fae9e000 GCTaskThread "GC Thread#2" [stack: 0x000000502c100000,0x000000502c200000] [id=16676]
  0x00000155faff6000 GCTaskThread "GC Thread#3" [stack: 0x000000502c200000,0x000000502c300000] [id=14156]
  0x00000155faff7000 GCTaskThread "GC Thread#4" [stack: 0x000000502c300000,0x000000502c400000] [id=22040]
  0x00000155fafff800 GCTaskThread "GC Thread#5" [stack: 0x000000502c400000,0x000000502c500000] [id=5688]
  0x00000155fdd32000 GCTaskThread "GC Thread#6" [stack: 0x000000502d700000,0x000000502d800000] [id=22488]
  0x00000155fd659800 GCTaskThread "GC Thread#7" [stack: 0x000000502d800000,0x000000502d900000] [id=3732]
  0x00000155fdae4000 GCTaskThread "GC Thread#8" [stack: 0x000000502d900000,0x000000502da00000] [id=15964]
  0x00000155fc599000 GCTaskThread "GC Thread#9" [stack: 0x000000502da00000,0x000000502db00000] [id=24880]
  0x00000155dbf64000 ConcurrentGCThread "G1 Main Marker" [stack: 0x000000502b000000,0x000000502b100000] [id=6780]
  0x00000155dbf65000 ConcurrentGCThread "G1 Conc#0" [stack: 0x000000502b100000,0x000000502b200000] [id=7336]
  0x00000155fd519000 ConcurrentGCThread "G1 Conc#1" [stack: 0x000000502de00000,0x000000502df00000] [id=17196]
  0x00000155fd6a3800 ConcurrentGCThread "G1 Conc#2" [stack: 0x000000502df00000,0x000000502e000000] [id=24896]
  0x00000155f9848000 ConcurrentGCThread "G1 Refine#0" [stack: 0x000000502b200000,0x000000502b300000] [id=24040]
  0x00000155ffb2a000 ConcurrentGCThread "G1 Refine#1" [stack: 0x0000005032700000,0x0000005032800000] [id=10996]
  0x00000155fb799000 ConcurrentGCThread "G1 Refine#2" [stack: 0x0000005032f00000,0x0000005033000000] [id=8960]
  0x00000155ffe62800 ConcurrentGCThread "G1 Refine#3" [stack: 0x0000005033000000,0x0000005033100000] [id=16712]
  0x00000155ffe63000 ConcurrentGCThread "G1 Refine#4" [stack: 0x0000005033100000,0x0000005033200000] [id=19992]
  0x00000155ffe64000 ConcurrentGCThread "G1 Refine#5" [stack: 0x0000005033200000,0x0000005033300000] [id=24940]
  0x00000155f9849000 ConcurrentGCThread "G1 Young RemSet Sampling" [stack: 0x000000502b300000,0x000000502b400000] [id=10016]

Threads with active compile tasks:
C2 CompilerThread09451       4       org.gradle.internal.logging.sink.ProgressLogEventGenerator$Operation::completeHeader (154 bytes)

VM state:not at safepoint (normal execution)

VM Mutex/Monitor currently owned by a thread: None

Heap address: 0x0000000740000000, size: 3072 MB, Compressed Oops mode: Zero based, Oop shift amount: 3
Narrow klass base: 0x0000000800000000, Narrow klass shift: 3
Compressed class space size: 1073741824 Address: 0x0000000840000000

Heap:
 garbage-first heap   total 347136K, used 144222K [0x0000000740000000, 0x0000000800000000)
  region size 1024K, 40 young (40960K), 2 survivors (2048K)
 Metaspace       used 63078K, capacity 65255K, committed 65408K, reserved 1105920K
  class space    used 8491K, capacity 9294K, committed 9344K, reserved 1048576K
Heap Regions: E=young(eden), S=young(survivor), O=old, HS=humongous(starts), HC=humongous(continues), CS=collection set, F=free, A=archive, TAMS=top-at-mark-start (previous, next)
|   0|0x0000000740000000, 0x0000000740100000, 0x0000000740100000|100%| O|  |TAMS 0x0000000740100000, 0x0000000740000000| Untracked 
|   1|0x0000000740100000, 0x0000000740200000, 0x0000000740200000|100%| O|  |TAMS 0x0000000740200000, 0x0000000740100000| Untracked 
|   2|0x0000000740200000, 0x0000000740300000, 0x0000000740300000|100%| O|  |TAMS 0x0000000740300000, 0x0000000740200000| Untracked 
|   3|0x0000000740300000, 0x0000000740400000, 0x0000000740400000|100%|HS|  |TAMS 0x0000000740400000, 0x0000000740300000| Complete 
|   4|0x0000000740400000, 0x0000000740500000, 0x0000000740500000|100%|HC|  |TAMS 0x0000000740500000, 0x0000000740400000| Complete 
|   5|0x0000000740500000, 0x0000000740600000, 0x0000000740600000|100%|HC|  |TAMS 0x0000000740600000, 0x0000000740500000| Complete 
|   6|0x0000000740600000, 0x0000000740700000, 0x0000000740700000|100%| O|  |TAMS 0x0000000740700000, 0x0000000740600000| Untracked 
|   7|0x0000000740700000, 0x0000000740800000, 0x0000000740800000|100%| O|  |TAMS 0x0000000740800000, 0x0000000740700000| Untracked 
|   8|0x0000000740800000, 0x0000000740900000, 0x0000000740900000|100%| O|  |TAMS 0x0000000740900000, 0x0000000740800000| Untracked 
|   9|0x0000000740900000, 0x0000000740a00000, 0x0000000740a00000|100%| O|  |TAMS 0x0000000740a00000, 0x0000000740900000| Untracked 
|  10|0x0000000740a00000, 0x0000000740b00000, 0x0000000740b00000|100%| O|  |TAMS 0x0000000740b00000, 0x0000000740a00000| Untracked 
|  11|0x0000000740b00000, 0x0000000740c00000, 0x0000000740c00000|100%| O|  |TAMS 0x0000000740c00000, 0x0000000740b00000| Untracked 
|  12|0x0000000740c00000, 0x0000000740d00000, 0x0000000740d00000|100%| O|  |TAMS 0x0000000740d00000, 0x0000000740c00000| Untracked 
|  13|0x0000000740d00000, 0x0000000740e00000, 0x0000000740e00000|100%| O|  |TAMS 0x0000000740e00000, 0x0000000740d00000| Untracked 
|  14|0x0000000740e00000, 0x0000000740f00000, 0x0000000740f00000|100%| O|  |TAMS 0x0000000740f00000, 0x0000000740e00000| Untracked 
|  15|0x0000000740f00000, 0x0000000741000000, 0x0000000741000000|100%| O|  |TAMS 0x0000000741000000, 0x0000000740f00000| Untracked 
|  16|0x0000000741000000, 0x0000000741100000, 0x0000000741100000|100%| O|  |TAMS 0x0000000741100000, 0x0000000741000000| Untracked 
|  17|0x0000000741100000, 0x0000000741200000, 0x0000000741200000|100%| O|  |TAMS 0x0000000741200000, 0x0000000741100000| Untracked 
|  18|0x0000000741200000, 0x0000000741300000, 0x0000000741300000|100%|HS|  |TAMS 0x0000000741300000, 0x0000000741200000| Complete 
|  19|0x0000000741300000, 0x0000000741400000, 0x0000000741400000|100%|HC|  |TAMS 0x0000000741400000, 0x0000000741300000| Complete 
|  20|0x0000000741400000, 0x0000000741500000, 0x0000000741500000|100%|HS|  |TAMS 0x0000000741400000, 0x0000000741400000| Complete 
|  21|0x0000000741500000, 0x0000000741600000, 0x0000000741600000|100%|HC|  |TAMS 0x0000000741500000, 0x0000000741500000| Complete 
|  22|0x0000000741600000, 0x0000000741700000, 0x0000000741700000|100%|HS|  |TAMS 0x0000000741600000, 0x0000000741600000| Complete 
|  23|0x0000000741700000, 0x0000000741800000, 0x0000000741800000|100%|HC|  |TAMS 0x0000000741700000, 0x0000000741700000| Complete 
|  24|0x0000000741800000, 0x0000000741900000, 0x0000000741900000|100%|HS|  |TAMS 0x0000000741800000, 0x0000000741800000| Complete 
|  25|0x0000000741900000, 0x0000000741a00000, 0x0000000741a00000|100%|HS|  |TAMS 0x0000000741900000, 0x0000000741900000| Complete 
|  26|0x0000000741a00000, 0x0000000741b00000, 0x0000000741b00000|100%|HS|  |TAMS 0x0000000741a00000, 0x0000000741a00000| Complete 
|  27|0x0000000741b00000, 0x0000000741c00000, 0x0000000741c00000|100%|HS|  |TAMS 0x0000000741b00000, 0x0000000741b00000| Complete 
|  28|0x0000000741c00000, 0x0000000741d00000, 0x0000000741d00000|100%|HS|  |TAMS 0x0000000741c00000, 0x0000000741c00000| Complete 
|  29|0x0000000741d00000, 0x0000000741e00000, 0x0000000741e00000|100%|HS|  |TAMS 0x0000000741d00000, 0x0000000741d00000| Complete 
|  30|0x0000000741e00000, 0x0000000741f00000, 0x0000000741f00000|100%|HS|  |TAMS 0x0000000741e00000, 0x0000000741e00000| Complete 
|  31|0x0000000741f00000, 0x0000000742000000, 0x0000000742000000|100%|HS|  |TAMS 0x0000000741f00000, 0x0000000741f00000| Complete 
|  32|0x0000000742000000, 0x0000000742100000, 0x0000000742100000|100%|HS|  |TAMS 0x0000000742000000, 0x0000000742000000| Complete 
|  33|0x0000000742100000, 0x0000000742200000, 0x0000000742200000|100%|HS|  |TAMS 0x0000000742100000, 0x0000000742100000| Complete 
|  34|0x0000000742200000, 0x0000000742300000, 0x0000000742300000|100%|HS|  |TAMS 0x0000000742200000, 0x0000000742200000| Complete 
|  35|0x0000000742300000, 0x0000000742400000, 0x0000000742400000|100%|HS|  |TAMS 0x0000000742300000, 0x0000000742300000| Complete 
|  36|0x0000000742400000, 0x0000000742500000, 0x0000000742500000|100%|HS|  |TAMS 0x0000000742400000, 0x0000000742400000| Complete 
|  37|0x0000000742500000, 0x0000000742600000, 0x0000000742600000|100%|HS|  |TAMS 0x0000000742500000, 0x0000000742500000| Complete 
|  38|0x0000000742600000, 0x0000000742700000, 0x0000000742700000|100%|HS|  |TAMS 0x0000000742600000, 0x0000000742600000| Complete 
|  39|0x0000000742700000, 0x0000000742800000, 0x0000000742800000|100%|HS|  |TAMS 0x0000000742700000, 0x0000000742700000| Complete 
|  40|0x0000000742800000, 0x0000000742900000, 0x0000000742900000|100%|HS|  |TAMS 0x0000000742800000, 0x0000000742800000| Complete 
|  41|0x0000000742900000, 0x0000000742a00000, 0x0000000742a00000|100%|HS|  |TAMS 0x0000000742900000, 0x0000000742900000| Complete 
|  42|0x0000000742a00000, 0x0000000742b00000, 0x0000000742b00000|100%|HS|  |TAMS 0x0000000742a00000, 0x0000000742a00000| Complete 
|  43|0x0000000742b00000, 0x0000000742c00000, 0x0000000742c00000|100%|HS|  |TAMS 0x0000000742b00000, 0x0000000742b00000| Complete 
|  44|0x0000000742c00000, 0x0000000742d00000, 0x0000000742d00000|100%|HS|  |TAMS 0x0000000742c00000, 0x0000000742c00000| Complete 
|  45|0x0000000742d00000, 0x0000000742e00000, 0x0000000742e00000|100%|HS|  |TAMS 0x0000000742d00000, 0x0000000742d00000| Complete 
|  46|0x0000000742e00000, 0x0000000742f00000, 0x0000000742f00000|100%|HS|  |TAMS 0x0000000742e00000, 0x0000000742e00000| Complete 
|  47|0x0000000742f00000, 0x0000000743000000, 0x0000000743000000|100%|HS|  |TAMS 0x0000000742f00000, 0x0000000742f00000| Complete 
|  48|0x0000000743000000, 0x0000000743100000, 0x0000000743100000|100%|HS|  |TAMS 0x0000000743000000, 0x0000000743000000| Complete 
|  49|0x0000000743100000, 0x0000000743200000, 0x0000000743200000|100%|HS|  |TAMS 0x0000000743100000, 0x0000000743100000| Complete 
|  50|0x0000000743200000, 0x0000000743300000, 0x0000000743300000|100%|HS|  |TAMS 0x0000000743200000, 0x0000000743200000| Complete 
|  51|0x0000000743300000, 0x0000000743400000, 0x0000000743400000|100%|HS|  |TAMS 0x0000000743300000, 0x0000000743300000| Complete 
|  52|0x0000000743400000, 0x0000000743500000, 0x0000000743500000|100%|HS|  |TAMS 0x0000000743400000, 0x0000000743400000| Complete 
|  53|0x0000000743500000, 0x0000000743600000, 0x0000000743600000|100%|HS|  |TAMS 0x0000000743500000, 0x0000000743500000| Complete 
|  54|0x0000000743600000, 0x0000000743700000, 0x0000000743700000|100%|HS|  |TAMS 0x0000000743600000, 0x0000000743600000| Complete 
|  55|0x0000000743700000, 0x0000000743800000, 0x0000000743800000|100%|HS|  |TAMS 0x0000000743700000, 0x0000000743700000| Complete 
|  56|0x0000000743800000, 0x0000000743900000, 0x0000000743900000|100%|HS|  |TAMS 0x0000000743800000, 0x0000000743800000| Complete 
|  57|0x0000000743900000, 0x0000000743a00000, 0x0000000743a00000|100%|HS|  |TAMS 0x0000000743900000, 0x0000000743900000| Complete 
|  58|0x0000000743a00000, 0x0000000743b00000, 0x0000000743b00000|100%|HS|  |TAMS 0x0000000743a00000, 0x0000000743a00000| Complete 
|  59|0x0000000743b00000, 0x0000000743c00000, 0x0000000743c00000|100%|HS|  |TAMS 0x0000000743b00000, 0x0000000743b00000| Complete 
|  60|0x0000000743c00000, 0x0000000743c00000, 0x0000000743d00000|  0%| F|  |TAMS 0x0000000743c00000, 0x0000000743c00000| Untracked 
|  61|0x0000000743d00000, 0x0000000743d00000, 0x0000000743e00000|  0%| F|  |TAMS 0x0000000743d00000, 0x0000000743d00000| Untracked 
|  62|0x0000000743e00000, 0x0000000743e00000, 0x0000000743f00000|  0%| F|  |TAMS 0x0000000743e00000, 0x0000000743e00000| Untracked 
|  63|0x0000000743f00000, 0x0000000743f00000, 0x0000000744000000|  0%| F|  |TAMS 0x0000000743f00000, 0x0000000743f00000| Untracked 
|  64|0x0000000744000000, 0x0000000744000000, 0x0000000744100000|  0%| F|  |TAMS 0x0000000744000000, 0x0000000744000000| Untracked 
|  65|0x0000000744100000, 0x0000000744100000, 0x0000000744200000|  0%| F|  |TAMS 0x0000000744100000, 0x0000000744100000| Untracked 
|  66|0x0000000744200000, 0x0000000744300000, 0x0000000744300000|100%| O|  |TAMS 0x0000000744300000, 0x0000000744200000| Untracked 
|  67|0x0000000744300000, 0x00000007443f8200, 0x0000000744400000| 96%| O|  |TAMS 0x00000007443f8200, 0x0000000744300000| Untracked 
|  68|0x0000000744400000, 0x0000000744400000, 0x0000000744500000|  0%| F|  |TAMS 0x0000000744400000, 0x0000000744400000| Untracked 
|  69|0x0000000744500000, 0x0000000744500000, 0x0000000744600000|  0%| F|  |TAMS 0x0000000744500000, 0x0000000744500000| Untracked 
|  70|0x0000000744600000, 0x0000000744600000, 0x0000000744700000|  0%| F|  |TAMS 0x0000000744600000, 0x0000000744600000| Untracked 
|  71|0x0000000744700000, 0x0000000744700000, 0x0000000744800000|  0%| F|  |TAMS 0x0000000744700000, 0x0000000744700000| Untracked 
|  72|0x0000000744800000, 0x0000000744800000, 0x0000000744900000|  0%| F|  |TAMS 0x0000000744800000, 0x0000000744800000| Untracked 
|  73|0x0000000744900000, 0x0000000744900000, 0x0000000744a00000|  0%| F|  |TAMS 0x0000000744900000, 0x0000000744900000| Untracked 
|  74|0x0000000744a00000, 0x0000000744a00000, 0x0000000744b00000|  0%| F|  |TAMS 0x0000000744a00000, 0x0000000744a00000| Untracked 
|  75|0x0000000744b00000, 0x0000000744b00000, 0x0000000744c00000|  0%| F|  |TAMS 0x0000000744b00000, 0x0000000744b00000| Untracked 
|  76|0x0000000744c00000, 0x0000000744c00000, 0x0000000744d00000|  0%| F|  |TAMS 0x0000000744c00000, 0x0000000744c00000| Untracked 
|  77|0x0000000744d00000, 0x0000000744e00000, 0x0000000744e00000|100%| O|  |TAMS 0x0000000744e00000, 0x0000000744d00000| Untracked 
|  78|0x0000000744e00000, 0x0000000744f00000, 0x0000000744f00000|100%| O|  |TAMS 0x0000000744f00000, 0x0000000744e00000| Untracked 
|  79|0x0000000744f00000, 0x0000000745000000, 0x0000000745000000|100%| O|  |TAMS 0x0000000745000000, 0x0000000744f00000| Untracked 
|  80|0x0000000745000000, 0x0000000745100000, 0x0000000745100000|100%| O|  |TAMS 0x0000000745100000, 0x0000000745000000| Untracked 
|  81|0x0000000745100000, 0x0000000745200000, 0x0000000745200000|100%| O|  |TAMS 0x0000000745200000, 0x0000000745100000| Untracked 
|  82|0x0000000745200000, 0x0000000745300000, 0x0000000745300000|100%| O|  |TAMS 0x0000000745300000, 0x0000000745200000| Untracked 
|  83|0x0000000745300000, 0x0000000745400000, 0x0000000745400000|100%| O|  |TAMS 0x0000000745400000, 0x0000000745300000| Untracked 
|  84|0x0000000745400000, 0x0000000745500000, 0x0000000745500000|100%| O|  |TAMS 0x0000000745500000, 0x0000000745400000| Untracked 
|  85|0x0000000745500000, 0x0000000745500000, 0x0000000745600000|  0%| F|  |TAMS 0x0000000745500000, 0x0000000745500000| Untracked 
|  86|0x0000000745600000, 0x0000000745600000, 0x0000000745700000|  0%| F|  |TAMS 0x0000000745600000, 0x0000000745600000| Untracked 
|  87|0x0000000745700000, 0x0000000745700000, 0x0000000745800000|  0%| F|  |TAMS 0x0000000745700000, 0x0000000745700000| Untracked 
|  88|0x0000000745800000, 0x0000000745800000, 0x0000000745900000|  0%| F|  |TAMS 0x0000000745800000, 0x0000000745800000| Untracked 
|  89|0x0000000745900000, 0x0000000745900000, 0x0000000745a00000|  0%| F|  |TAMS 0x0000000745900000, 0x0000000745900000| Untracked 
|  90|0x0000000745a00000, 0x0000000745a00000, 0x0000000745b00000|  0%| F|  |TAMS 0x0000000745a00000, 0x0000000745a00000| Untracked 
|  91|0x0000000745b00000, 0x0000000745b00000, 0x0000000745c00000|  0%| F|  |TAMS 0x0000000745b00000, 0x0000000745b00000| Untracked 
|  92|0x0000000745c00000, 0x0000000745c00000, 0x0000000745d00000|  0%| F|  |TAMS 0x0000000745c00000, 0x0000000745c00000| Untracked 
|  93|0x0000000745d00000, 0x0000000745d00000, 0x0000000745e00000|  0%| F|  |TAMS 0x0000000745d00000, 0x0000000745d00000| Untracked 
|  94|0x0000000745e00000, 0x0000000745e00000, 0x0000000745f00000|  0%| F|  |TAMS 0x0000000745e00000, 0x0000000745e00000| Untracked 
|  95|0x0000000745f00000, 0x0000000745f00000, 0x0000000746000000|  0%| F|  |TAMS 0x0000000745f00000, 0x0000000745f00000| Untracked 
|  96|0x0000000746000000, 0x0000000746000000, 0x0000000746100000|  0%| F|  |TAMS 0x0000000746000000, 0x0000000746000000| Untracked 
|  97|0x0000000746100000, 0x0000000746100000, 0x0000000746200000|  0%| F|  |TAMS 0x0000000746100000, 0x0000000746100000| Untracked 
|  98|0x0000000746200000, 0x0000000746200000, 0x0000000746300000|  0%| F|  |TAMS 0x0000000746200000, 0x0000000746200000| Untracked 
|  99|0x0000000746300000, 0x0000000746300000, 0x0000000746400000|  0%| F|  |TAMS 0x0000000746300000, 0x0000000746300000| Untracked 
| 100|0x0000000746400000, 0x0000000746400000, 0x0000000746500000|  0%| F|  |TAMS 0x0000000746400000, 0x0000000746400000| Untracked 
| 101|0x0000000746500000, 0x0000000746500000, 0x0000000746600000|  0%| F|  |TAMS 0x0000000746500000, 0x0000000746500000| Untracked 
| 102|0x0000000746600000, 0x0000000746600000, 0x0000000746700000|  0%| F|  |TAMS 0x0000000746600000, 0x0000000746600000| Untracked 
| 103|0x0000000746700000, 0x0000000746700000, 0x0000000746800000|  0%| F|  |TAMS 0x0000000746700000, 0x0000000746700000| Untracked 
| 104|0x0000000746800000, 0x0000000746800000, 0x0000000746900000|  0%| F|  |TAMS 0x0000000746800000, 0x0000000746800000| Untracked 
| 105|0x0000000746900000, 0x0000000746900000, 0x0000000746a00000|  0%| F|  |TAMS 0x0000000746900000, 0x0000000746900000| Untracked 
| 106|0x0000000746a00000, 0x0000000746a00000, 0x0000000746b00000|  0%| F|  |TAMS 0x0000000746a00000, 0x0000000746a00000| Untracked 
| 107|0x0000000746b00000, 0x0000000746b00000, 0x0000000746c00000|  0%| F|  |TAMS 0x0000000746b00000, 0x0000000746b00000| Untracked 
| 108|0x0000000746c00000, 0x0000000746c00000, 0x0000000746d00000|  0%| F|  |TAMS 0x0000000746c00000, 0x0000000746c00000| Untracked 
| 109|0x0000000746d00000, 0x0000000746d00000, 0x0000000746e00000|  0%| F|  |TAMS 0x0000000746d00000, 0x0000000746d00000| Untracked 
| 110|0x0000000746e00000, 0x0000000746e00000, 0x0000000746f00000|  0%| F|  |TAMS 0x0000000746e00000, 0x0000000746e00000| Untracked 
| 111|0x0000000746f00000, 0x0000000746f00000, 0x0000000747000000|  0%| F|  |TAMS 0x0000000746f00000, 0x0000000746f00000| Untracked 
| 112|0x0000000747000000, 0x0000000747000000, 0x0000000747100000|  0%| F|  |TAMS 0x0000000747000000, 0x0000000747000000| Untracked 
| 113|0x0000000747100000, 0x0000000747100000, 0x0000000747200000|  0%| F|  |TAMS 0x0000000747100000, 0x0000000747100000| Untracked 
| 114|0x0000000747200000, 0x0000000747300000, 0x0000000747300000|100%| O|  |TAMS 0x0000000747300000, 0x0000000747200000| Untracked 
| 115|0x0000000747300000, 0x0000000747400000, 0x0000000747400000|100%| O|  |TAMS 0x0000000747400000, 0x0000000747300000| Untracked 
| 116|0x0000000747400000, 0x0000000747500000, 0x0000000747500000|100%| O|  |TAMS 0x0000000747500000, 0x0000000747400000| Untracked 
| 117|0x0000000747500000, 0x0000000747600000, 0x0000000747600000|100%| O|  |TAMS 0x0000000747600000, 0x0000000747500000| Untracked 
| 118|0x0000000747600000, 0x0000000747700000, 0x0000000747700000|100%| O|  |TAMS 0x0000000747700000, 0x0000000747600000| Untracked 
| 119|0x0000000747700000, 0x0000000747800000, 0x0000000747800000|100%| O|  |TAMS 0x0000000747800000, 0x0000000747700000| Untracked 
| 120|0x0000000747800000, 0x0000000747800000, 0x0000000747900000|  0%| F|  |TAMS 0x0000000747800000, 0x0000000747800000| Untracked 
| 121|0x0000000747900000, 0x0000000747900000, 0x0000000747a00000|  0%| F|  |TAMS 0x0000000747900000, 0x0000000747900000| Untracked 
| 122|0x0000000747a00000, 0x0000000747a00000, 0x0000000747b00000|  0%| F|  |TAMS 0x0000000747a00000, 0x0000000747a00000| Untracked 
| 123|0x0000000747b00000, 0x0000000747b00000, 0x0000000747c00000|  0%| F|  |TAMS 0x0000000747b00000, 0x0000000747b00000| Untracked 
| 124|0x0000000747c00000, 0x0000000747c00000, 0x0000000747d00000|  0%| F|  |TAMS 0x0000000747c00000, 0x0000000747c00000| Untracked 
| 125|0x0000000747d00000, 0x0000000747e00000, 0x0000000747e00000|100%|HS|  |TAMS 0x0000000747e00000, 0x0000000747d00000| Complete 
| 126|0x0000000747e00000, 0x0000000747e00000, 0x0000000747f00000|  0%| F|  |TAMS 0x0000000747e00000, 0x0000000747e00000| Untracked 
| 127|0x0000000747f00000, 0x0000000747f00000, 0x0000000748000000|  0%| F|  |TAMS 0x0000000747f00000, 0x0000000747f00000| Untracked 
| 128|0x0000000748000000, 0x0000000748000000, 0x0000000748100000|  0%| F|  |TAMS 0x0000000748000000, 0x0000000748000000| Untracked 
| 129|0x0000000748100000, 0x0000000748100000, 0x0000000748200000|  0%| F|  |TAMS 0x0000000748100000, 0x0000000748100000| Untracked 
| 130|0x0000000748200000, 0x0000000748200000, 0x0000000748300000|  0%| F|  |TAMS 0x0000000748200000, 0x0000000748200000| Untracked 
| 131|0x0000000748300000, 0x0000000748300000, 0x0000000748400000|  0%| F|  |TAMS 0x0000000748300000, 0x0000000748300000| Untracked 
| 132|0x0000000748400000, 0x0000000748400000, 0x0000000748500000|  0%| F|  |TAMS 0x0000000748400000, 0x0000000748400000| Untracked 
| 133|0x0000000748500000, 0x0000000748500000, 0x0000000748600000|  0%| F|  |TAMS 0x0000000748500000, 0x0000000748500000| Untracked 
| 134|0x0000000748600000, 0x0000000748600000, 0x0000000748700000|  0%| F|  |TAMS 0x0000000748600000, 0x0000000748600000| Untracked 
| 135|0x0000000748700000, 0x0000000748700000, 0x0000000748800000|  0%| F|  |TAMS 0x0000000748700000, 0x0000000748700000| Untracked 
| 136|0x0000000748800000, 0x0000000748900000, 0x0000000748900000|100%| O|  |TAMS 0x0000000748900000, 0x0000000748800000| Untracked 
| 137|0x0000000748900000, 0x0000000748a00000, 0x0000000748a00000|100%| O|  |TAMS 0x0000000748a00000, 0x0000000748900000| Untracked 
| 138|0x0000000748a00000, 0x0000000748b00000, 0x0000000748b00000|100%| O|  |TAMS 0x0000000748b00000, 0x0000000748a00000| Untracked 
| 139|0x0000000748b00000, 0x0000000748c00000, 0x0000000748c00000|100%| O|  |TAMS 0x0000000748c00000, 0x0000000748b00000| Untracked 
| 140|0x0000000748c00000, 0x0000000748d00000, 0x0000000748d00000|100%| O|  |TAMS 0x0000000748d00000, 0x0000000748c00000| Untracked 
| 141|0x0000000748d00000, 0x0000000748e00000, 0x0000000748e00000|100%| O|  |TAMS 0x0000000748e00000, 0x0000000748d00000| Untracked 
| 142|0x0000000748e00000, 0x0000000748f00000, 0x0000000748f00000|100%| O|  |TAMS 0x0000000748f00000, 0x0000000748e00000| Untracked 
| 143|0x0000000748f00000, 0x0000000749000000, 0x0000000749000000|100%| O|  |TAMS 0x0000000749000000, 0x0000000748f00000| Untracked 
| 144|0x0000000749000000, 0x0000000749100000, 0x0000000749100000|100%| O|  |TAMS 0x0000000749100000, 0x0000000749000000| Untracked 
| 145|0x0000000749100000, 0x0000000749100000, 0x0000000749200000|  0%| F|  |TAMS 0x0000000749100000, 0x0000000749100000| Untracked 
| 146|0x0000000749200000, 0x0000000749200000, 0x0000000749300000|  0%| F|  |TAMS 0x0000000749200000, 0x0000000749200000| Untracked 
| 147|0x0000000749300000, 0x0000000749300000, 0x0000000749400000|  0%| F|  |TAMS 0x0000000749300000, 0x0000000749300000| Untracked 
| 148|0x0000000749400000, 0x0000000749400000, 0x0000000749500000|  0%| F|  |TAMS 0x0000000749400000, 0x0000000749400000| Untracked 
| 149|0x0000000749500000, 0x0000000749500000, 0x0000000749600000|  0%| F|  |TAMS 0x0000000749500000, 0x0000000749500000| Untracked 
| 150|0x0000000749600000, 0x0000000749600000, 0x0000000749700000|  0%| F|  |TAMS 0x0000000749600000, 0x0000000749600000| Untracked 
| 151|0x0000000749700000, 0x0000000749700000, 0x0000000749800000|  0%| F|  |TAMS 0x0000000749700000, 0x0000000749700000| Untracked 
| 152|0x0000000749800000, 0x0000000749800000, 0x0000000749900000|  0%| F|  |TAMS 0x0000000749800000, 0x0000000749800000| Untracked 
| 153|0x0000000749900000, 0x0000000749900000, 0x0000000749a00000|  0%| F|  |TAMS 0x0000000749900000, 0x0000000749900000| Untracked 
| 154|0x0000000749a00000, 0x0000000749a00000, 0x0000000749b00000|  0%| F|  |TAMS 0x0000000749a00000, 0x0000000749a00000| Untracked 
| 155|0x0000000749b00000, 0x0000000749b00000, 0x0000000749c00000|  0%| F|  |TAMS 0x0000000749b00000, 0x0000000749b00000| Untracked 
| 156|0x0000000749c00000, 0x0000000749c00000, 0x0000000749d00000|  0%| F|  |TAMS 0x0000000749c00000, 0x0000000749c00000| Untracked 
| 157|0x0000000749d00000, 0x0000000749d00000, 0x0000000749e00000|  0%| F|  |TAMS 0x0000000749d00000, 0x0000000749d00000| Untracked 
| 158|0x0000000749e00000, 0x0000000749e00000, 0x0000000749f00000|  0%| F|  |TAMS 0x0000000749e00000, 0x0000000749e00000| Untracked 
| 159|0x0000000749f00000, 0x0000000749f00000, 0x000000074a000000|  0%| F|  |TAMS 0x0000000749f00000, 0x0000000749f00000| Untracked 
| 160|0x000000074a000000, 0x000000074a000000, 0x000000074a100000|  0%| F|  |TAMS 0x000000074a000000, 0x000000074a000000| Untracked 
| 161|0x000000074a100000, 0x000000074a100000, 0x000000074a200000|  0%| F|  |TAMS 0x000000074a100000, 0x000000074a100000| Untracked 
| 162|0x000000074a200000, 0x000000074a200000, 0x000000074a300000|  0%| F|  |TAMS 0x000000074a200000, 0x000000074a200000| Untracked 
| 163|0x000000074a300000, 0x000000074a300000, 0x000000074a400000|  0%| F|  |TAMS 0x000000074a300000, 0x000000074a300000| Untracked 
| 164|0x000000074a400000, 0x000000074a400000, 0x000000074a500000|  0%| F|  |TAMS 0x000000074a400000, 0x000000074a400000| Untracked 
| 165|0x000000074a500000, 0x000000074a500000, 0x000000074a600000|  0%| F|  |TAMS 0x000000074a500000, 0x000000074a500000| Untracked 
| 166|0x000000074a600000, 0x000000074a600000, 0x000000074a700000|  0%| F|  |TAMS 0x000000074a600000, 0x000000074a600000| Untracked 
| 167|0x000000074a700000, 0x000000074a700000, 0x000000074a800000|  0%| F|  |TAMS 0x000000074a700000, 0x000000074a700000| Untracked 
| 168|0x000000074a800000, 0x000000074a800000, 0x000000074a900000|  0%| F|  |TAMS 0x000000074a800000, 0x000000074a800000| Untracked 
| 169|0x000000074a900000, 0x000000074a900000, 0x000000074aa00000|  0%| F|  |TAMS 0x000000074a900000, 0x000000074a900000| Untracked 
| 170|0x000000074aa00000, 0x000000074aa00000, 0x000000074ab00000|  0%| F|  |TAMS 0x000000074aa00000, 0x000000074aa00000| Untracked 
| 171|0x000000074ab00000, 0x000000074ab00000, 0x000000074ac00000|  0%| F|  |TAMS 0x000000074ab00000, 0x000000074ab00000| Untracked 
| 172|0x000000074ac00000, 0x000000074ac00000, 0x000000074ad00000|  0%| F|  |TAMS 0x000000074ac00000, 0x000000074ac00000| Untracked 
| 173|0x000000074ad00000, 0x000000074ad00000, 0x000000074ae00000|  0%| F|  |TAMS 0x000000074ad00000, 0x000000074ad00000| Untracked 
| 174|0x000000074ae00000, 0x000000074ae00000, 0x000000074af00000|  0%| F|  |TAMS 0x000000074ae00000, 0x000000074ae00000| Untracked 
| 175|0x000000074af00000, 0x000000074af00000, 0x000000074b000000|  0%| F|  |TAMS 0x000000074af00000, 0x000000074af00000| Untracked 
| 176|0x000000074b000000, 0x000000074b000000, 0x000000074b100000|  0%| F|  |TAMS 0x000000074b000000, 0x000000074b000000| Untracked 
| 177|0x000000074b100000, 0x000000074b100000, 0x000000074b200000|  0%| F|  |TAMS 0x000000074b100000, 0x000000074b100000| Untracked 
| 178|0x000000074b200000, 0x000000074b200000, 0x000000074b300000|  0%| F|  |TAMS 0x000000074b200000, 0x000000074b200000| Untracked 
| 179|0x000000074b300000, 0x000000074b300000, 0x000000074b400000|  0%| F|  |TAMS 0x000000074b300000, 0x000000074b300000| Untracked 
| 180|0x000000074b400000, 0x000000074b400000, 0x000000074b500000|  0%| F|  |TAMS 0x000000074b400000, 0x000000074b400000| Untracked 
| 181|0x000000074b500000, 0x000000074b500000, 0x000000074b600000|  0%| F|  |TAMS 0x000000074b500000, 0x000000074b500000| Untracked 
| 182|0x000000074b600000, 0x000000074b600000, 0x000000074b700000|  0%| F|  |TAMS 0x000000074b600000, 0x000000074b600000| Untracked 
| 183|0x000000074b700000, 0x000000074b700000, 0x000000074b800000|  0%| F|  |TAMS 0x000000074b700000, 0x000000074b700000| Untracked 
| 184|0x000000074b800000, 0x000000074b800000, 0x000000074b900000|  0%| F|  |TAMS 0x000000074b800000, 0x000000074b800000| Untracked 
| 185|0x000000074b900000, 0x000000074b900000, 0x000000074ba00000|  0%| F|  |TAMS 0x000000074b900000, 0x000000074b900000| Untracked 
| 186|0x000000074ba00000, 0x000000074ba00000, 0x000000074bb00000|  0%| F|  |TAMS 0x000000074ba00000, 0x000000074ba00000| Untracked 
| 187|0x000000074bb00000, 0x000000074bb00000, 0x000000074bc00000|  0%| F|  |TAMS 0x000000074bb00000, 0x000000074bb00000| Untracked 
| 188|0x000000074bc00000, 0x000000074bc00000, 0x000000074bd00000|  0%| F|  |TAMS 0x000000074bc00000, 0x000000074bc00000| Untracked 
| 189|0x000000074bd00000, 0x000000074bd00000, 0x000000074be00000|  0%| F|  |TAMS 0x000000074bd00000, 0x000000074bd00000| Untracked 
| 190|0x000000074be00000, 0x000000074be00000, 0x000000074bf00000|  0%| F|  |TAMS 0x000000074be00000, 0x000000074be00000| Untracked 
| 191|0x000000074bf00000, 0x000000074bf00000, 0x000000074c000000|  0%| F|  |TAMS 0x000000074bf00000, 0x000000074bf00000| Untracked 
| 192|0x000000074c000000, 0x000000074c000000, 0x000000074c100000|  0%| F|  |TAMS 0x000000074c000000, 0x000000074c000000| Untracked 
| 193|0x000000074c100000, 0x000000074c100000, 0x000000074c200000|  0%| F|  |TAMS 0x000000074c100000, 0x000000074c100000| Untracked 
| 194|0x000000074c200000, 0x000000074c200000, 0x000000074c300000|  0%| F|  |TAMS 0x000000074c200000, 0x000000074c200000| Untracked 
| 195|0x000000074c300000, 0x000000074c300000, 0x000000074c400000|  0%| F|  |TAMS 0x000000074c300000, 0x000000074c300000| Untracked 
| 196|0x000000074c400000, 0x000000074c400000, 0x000000074c500000|  0%| F|  |TAMS 0x000000074c400000, 0x000000074c400000| Untracked 
| 197|0x000000074c500000, 0x000000074c500000, 0x000000074c600000|  0%| F|  |TAMS 0x000000074c500000, 0x000000074c500000| Untracked 
| 198|0x000000074c600000, 0x000000074c600000, 0x000000074c700000|  0%| F|  |TAMS 0x000000074c600000, 0x000000074c600000| Untracked 
| 199|0x000000074c700000, 0x000000074c700000, 0x000000074c800000|  0%| F|  |TAMS 0x000000074c700000, 0x000000074c700000| Untracked 
| 200|0x000000074c800000, 0x000000074c800000, 0x000000074c900000|  0%| F|  |TAMS 0x000000074c800000, 0x000000074c800000| Untracked 
| 201|0x000000074c900000, 0x000000074c900000, 0x000000074ca00000|  0%| F|  |TAMS 0x000000074c900000, 0x000000074c900000| Untracked 
| 202|0x000000074ca00000, 0x000000074ca00000, 0x000000074cb00000|  0%| F|  |TAMS 0x000000074ca00000, 0x000000074ca00000| Untracked 
| 203|0x000000074cb00000, 0x000000074cb00000, 0x000000074cc00000|  0%| F|  |TAMS 0x000000074cb00000, 0x000000074cb00000| Untracked 
| 204|0x000000074cc00000, 0x000000074cc00000, 0x000000074cd00000|  0%| F|  |TAMS 0x000000074cc00000, 0x000000074cc00000| Untracked 
| 205|0x000000074cd00000, 0x000000074cd00000, 0x000000074ce00000|  0%| F|  |TAMS 0x000000074cd00000, 0x000000074cd00000| Untracked 
| 206|0x000000074ce00000, 0x000000074ce00000, 0x000000074cf00000|  0%| F|  |TAMS 0x000000074ce00000, 0x000000074ce00000| Untracked 
| 207|0x000000074cf00000, 0x000000074cf00000, 0x000000074d000000|  0%| F|  |TAMS 0x000000074cf00000, 0x000000074cf00000| Untracked 
| 208|0x000000074d000000, 0x000000074d000000, 0x000000074d100000|  0%| F|  |TAMS 0x000000074d000000, 0x000000074d000000| Untracked 
| 209|0x000000074d100000, 0x000000074d100000, 0x000000074d200000|  0%| F|  |TAMS 0x000000074d100000, 0x000000074d100000| Untracked 
| 210|0x000000074d200000, 0x000000074d200000, 0x000000074d300000|  0%| F|  |TAMS 0x000000074d200000, 0x000000074d200000| Untracked 
| 211|0x000000074d300000, 0x000000074d300000, 0x000000074d400000|  0%| F|  |TAMS 0x000000074d300000, 0x000000074d300000| Untracked 
| 212|0x000000074d400000, 0x000000074d400000, 0x000000074d500000|  0%| F|  |TAMS 0x000000074d400000, 0x000000074d400000| Untracked 
| 213|0x000000074d500000, 0x000000074d500000, 0x000000074d600000|  0%| F|  |TAMS 0x000000074d500000, 0x000000074d500000| Untracked 
| 214|0x000000074d600000, 0x000000074d600000, 0x000000074d700000|  0%| F|  |TAMS 0x000000074d600000, 0x000000074d600000| Untracked 
| 215|0x000000074d700000, 0x000000074d700000, 0x000000074d800000|  0%| F|  |TAMS 0x000000074d700000, 0x000000074d700000| Untracked 
| 216|0x000000074d800000, 0x000000074d800000, 0x000000074d900000|  0%| F|  |TAMS 0x000000074d800000, 0x000000074d800000| Untracked 
| 217|0x000000074d900000, 0x000000074d900000, 0x000000074da00000|  0%| F|  |TAMS 0x000000074d900000, 0x000000074d900000| Untracked 
| 218|0x000000074da00000, 0x000000074da00000, 0x000000074db00000|  0%| F|  |TAMS 0x000000074da00000, 0x000000074da00000| Untracked 
| 219|0x000000074db00000, 0x000000074db00000, 0x000000074dc00000|  0%| F|  |TAMS 0x000000074db00000, 0x000000074db00000| Untracked 
| 220|0x000000074dc00000, 0x000000074dc00000, 0x000000074dd00000|  0%| F|  |TAMS 0x000000074dc00000, 0x000000074dc00000| Untracked 
| 221|0x000000074dd00000, 0x000000074dd00000, 0x000000074de00000|  0%| F|  |TAMS 0x000000074dd00000, 0x000000074dd00000| Untracked 
| 222|0x000000074de00000, 0x000000074de00000, 0x000000074df00000|  0%| F|  |TAMS 0x000000074de00000, 0x000000074de00000| Untracked 
| 223|0x000000074df00000, 0x000000074df00000, 0x000000074e000000|  0%| F|  |TAMS 0x000000074df00000, 0x000000074df00000| Untracked 
| 224|0x000000074e000000, 0x000000074e000000, 0x000000074e100000|  0%| F|  |TAMS 0x000000074e000000, 0x000000074e000000| Untracked 
| 225|0x000000074e100000, 0x000000074e100000, 0x000000074e200000|  0%| F|  |TAMS 0x000000074e100000, 0x000000074e100000| Untracked 
| 226|0x000000074e200000, 0x000000074e200000, 0x000000074e300000|  0%| F|  |TAMS 0x000000074e200000, 0x000000074e200000| Untracked 
| 227|0x000000074e300000, 0x000000074e300000, 0x000000074e400000|  0%| F|  |TAMS 0x000000074e300000, 0x000000074e300000| Untracked 
| 228|0x000000074e400000, 0x000000074e400000, 0x000000074e500000|  0%| F|  |TAMS 0x000000074e400000, 0x000000074e400000| Untracked 
| 229|0x000000074e500000, 0x000000074e500000, 0x000000074e600000|  0%| F|  |TAMS 0x000000074e500000, 0x000000074e500000| Untracked 
| 230|0x000000074e600000, 0x000000074e600000, 0x000000074e700000|  0%| F|  |TAMS 0x000000074e600000, 0x000000074e600000| Untracked 
| 231|0x000000074e700000, 0x000000074e700000, 0x000000074e800000|  0%| F|  |TAMS 0x000000074e700000, 0x000000074e700000| Untracked 
| 232|0x000000074e800000, 0x000000074e800000, 0x000000074e900000|  0%| F|  |TAMS 0x000000074e800000, 0x000000074e800000| Untracked 
| 233|0x000000074e900000, 0x000000074e900000, 0x000000074ea00000|  0%| F|  |TAMS 0x000000074e900000, 0x000000074e900000| Untracked 
| 234|0x000000074ea00000, 0x000000074ea00000, 0x000000074eb00000|  0%| F|  |TAMS 0x000000074ea00000, 0x000000074ea00000| Untracked 
| 235|0x000000074eb00000, 0x000000074eb00000, 0x000000074ec00000|  0%| F|  |TAMS 0x000000074eb00000, 0x000000074eb00000| Untracked 
| 236|0x000000074ec00000, 0x000000074ec00000, 0x000000074ed00000|  0%| F|  |TAMS 0x000000074ec00000, 0x000000074ec00000| Untracked 
| 237|0x000000074ed00000, 0x000000074ed00000, 0x000000074ee00000|  0%| F|  |TAMS 0x000000074ed00000, 0x000000074ed00000| Untracked 
| 238|0x000000074ee00000, 0x000000074ee00000, 0x000000074ef00000|  0%| F|  |TAMS 0x000000074ee00000, 0x000000074ee00000| Untracked 
| 239|0x000000074ef00000, 0x000000074ef00000, 0x000000074f000000|  0%| F|  |TAMS 0x000000074ef00000, 0x000000074ef00000| Untracked 
| 240|0x000000074f000000, 0x000000074f000000, 0x000000074f100000|  0%| F|  |TAMS 0x000000074f000000, 0x000000074f000000| Untracked 
| 241|0x000000074f100000, 0x000000074f100000, 0x000000074f200000|  0%| F|  |TAMS 0x000000074f100000, 0x000000074f100000| Untracked 
| 242|0x000000074f200000, 0x000000074f200000, 0x000000074f300000|  0%| F|  |TAMS 0x000000074f200000, 0x000000074f200000| Untracked 
| 243|0x000000074f300000, 0x000000074f300000, 0x000000074f400000|  0%| F|  |TAMS 0x000000074f300000, 0x000000074f300000| Untracked 
| 244|0x000000074f400000, 0x000000074f400000, 0x000000074f500000|  0%| F|  |TAMS 0x000000074f400000, 0x000000074f400000| Untracked 
| 245|0x000000074f500000, 0x000000074f500000, 0x000000074f600000|  0%| F|  |TAMS 0x000000074f500000, 0x000000074f500000| Untracked 
| 246|0x000000074f600000, 0x000000074f600000, 0x000000074f700000|  0%| F|  |TAMS 0x000000074f600000, 0x000000074f600000| Untracked 
| 247|0x000000074f700000, 0x000000074f700000, 0x000000074f800000|  0%| F|  |TAMS 0x000000074f700000, 0x000000074f700000| Untracked 
| 248|0x000000074f800000, 0x000000074f800000, 0x000000074f900000|  0%| F|  |TAMS 0x000000074f800000, 0x000000074f800000| Untracked 
| 249|0x000000074f900000, 0x000000074f900000, 0x000000074fa00000|  0%| F|  |TAMS 0x000000074f900000, 0x000000074f900000| Untracked 
| 250|0x000000074fa00000, 0x000000074fa00000, 0x000000074fb00000|  0%| F|  |TAMS 0x000000074fa00000, 0x000000074fa00000| Untracked 
| 251|0x000000074fb00000, 0x000000074fb00000, 0x000000074fc00000|  0%| F|  |TAMS 0x000000074fb00000, 0x000000074fb00000| Untracked 
| 252|0x000000074fc00000, 0x000000074fc00000, 0x000000074fd00000|  0%| F|  |TAMS 0x000000074fc00000, 0x000000074fc00000| Untracked 
| 253|0x000000074fd00000, 0x000000074fd00000, 0x000000074fe00000|  0%| F|  |TAMS 0x000000074fd00000, 0x000000074fd00000| Untracked 
| 254|0x000000074fe00000, 0x000000074fe00000, 0x000000074ff00000|  0%| F|  |TAMS 0x000000074fe00000, 0x000000074fe00000| Untracked 
| 255|0x000000074ff00000, 0x000000074ff00000, 0x0000000750000000|  0%| F|  |TAMS 0x000000074ff00000, 0x000000074ff00000| Untracked 
| 256|0x0000000750000000, 0x0000000750000000, 0x0000000750100000|  0%| F|  |TAMS 0x0000000750000000, 0x0000000750000000| Untracked 
| 257|0x0000000750100000, 0x0000000750100000, 0x0000000750200000|  0%| F|  |TAMS 0x0000000750100000, 0x0000000750100000| Untracked 
| 258|0x0000000750200000, 0x0000000750200000, 0x0000000750300000|  0%| F|  |TAMS 0x0000000750200000, 0x0000000750200000| Untracked 
| 259|0x0000000750300000, 0x0000000750300000, 0x0000000750400000|  0%| F|  |TAMS 0x0000000750300000, 0x0000000750300000| Untracked 
| 260|0x0000000750400000, 0x0000000750400000, 0x0000000750500000|  0%| F|  |TAMS 0x0000000750400000, 0x0000000750400000| Untracked 
| 261|0x0000000750500000, 0x0000000750500000, 0x0000000750600000|  0%| F|  |TAMS 0x0000000750500000, 0x0000000750500000| Untracked 
| 262|0x0000000750600000, 0x0000000750600000, 0x0000000750700000|  0%| F|  |TAMS 0x0000000750600000, 0x0000000750600000| Untracked 
| 263|0x0000000750700000, 0x0000000750700000, 0x0000000750800000|  0%| F|  |TAMS 0x0000000750700000, 0x0000000750700000| Untracked 
| 264|0x0000000750800000, 0x0000000750800000, 0x0000000750900000|  0%| F|  |TAMS 0x0000000750800000, 0x0000000750800000| Untracked 
| 265|0x0000000750900000, 0x0000000750a00000, 0x0000000750a00000|100%| O|  |TAMS 0x0000000750a00000, 0x0000000750900000| Untracked 
| 266|0x0000000750a00000, 0x0000000750b00000, 0x0000000750b00000|100%| O|  |TAMS 0x0000000750b00000, 0x0000000750a00000| Untracked 
| 267|0x0000000750b00000, 0x0000000750c00000, 0x0000000750c00000|100%| O|  |TAMS 0x0000000750c00000, 0x0000000750b00000| Untracked 
| 268|0x0000000750c00000, 0x0000000750d00000, 0x0000000750d00000|100%| O|  |TAMS 0x0000000750d00000, 0x0000000750c00000| Untracked 
| 269|0x0000000750d00000, 0x0000000750e00000, 0x0000000750e00000|100%| O|  |TAMS 0x0000000750e00000, 0x0000000750d00000| Untracked 
| 270|0x0000000750e00000, 0x0000000750f00000, 0x0000000750f00000|100%| O|  |TAMS 0x0000000750f00000, 0x0000000750e00000| Untracked 
| 271|0x0000000750f00000, 0x0000000751000000, 0x0000000751000000|100%| O|  |TAMS 0x0000000751000000, 0x0000000750f00000| Untracked 
| 272|0x0000000751000000, 0x0000000751100000, 0x0000000751100000|100%| O|  |TAMS 0x0000000751100000, 0x0000000751000000| Untracked 
| 273|0x0000000751100000, 0x0000000751200000, 0x0000000751200000|100%| O|  |TAMS 0x0000000751200000, 0x0000000751100000| Untracked 
| 274|0x0000000751200000, 0x0000000751300000, 0x0000000751300000|100%| O|  |TAMS 0x0000000751300000, 0x0000000751200000| Untracked 
| 275|0x0000000751300000, 0x0000000751400000, 0x0000000751400000|100%| O|  |TAMS 0x0000000751400000, 0x0000000751300000| Untracked 
| 276|0x0000000751400000, 0x0000000751500000, 0x0000000751500000|100%| O|  |TAMS 0x0000000751500000, 0x0000000751400000| Untracked 
| 277|0x0000000751500000, 0x0000000751600000, 0x0000000751600000|100%| O|  |TAMS 0x0000000751600000, 0x0000000751500000| Untracked 
| 278|0x0000000751600000, 0x0000000751700000, 0x0000000751700000|100%| O|  |TAMS 0x0000000751700000, 0x0000000751600000| Untracked 
| 279|0x0000000751700000, 0x0000000751800000, 0x0000000751800000|100%| O|  |TAMS 0x0000000751800000, 0x0000000751700000| Untracked 
| 280|0x0000000751800000, 0x0000000751900000, 0x0000000751900000|100%| O|  |TAMS 0x0000000751900000, 0x0000000751800000| Untracked 
| 281|0x0000000751900000, 0x0000000751a00000, 0x0000000751a00000|100%| O|  |TAMS 0x0000000751a00000, 0x0000000751900000| Untracked 
| 282|0x0000000751a00000, 0x0000000751a00000, 0x0000000751b00000|  0%| F|  |TAMS 0x0000000751a00000, 0x0000000751a00000| Untracked 
| 283|0x0000000751b00000, 0x0000000751b00000, 0x0000000751c00000|  0%| F|  |TAMS 0x0000000751b00000, 0x0000000751b00000| Untracked 
| 284|0x0000000751c00000, 0x0000000751c00000, 0x0000000751d00000|  0%| F|  |TAMS 0x0000000751c00000, 0x0000000751c00000| Untracked 
| 285|0x0000000751d00000, 0x0000000751d00000, 0x0000000751e00000|  0%| F|  |TAMS 0x0000000751d00000, 0x0000000751d00000| Untracked 
| 286|0x0000000751e00000, 0x0000000751e00000, 0x0000000751f00000|  0%| F|  |TAMS 0x0000000751e00000, 0x0000000751e00000| Untracked 
| 287|0x0000000751f00000, 0x0000000751f00000, 0x0000000752000000|  0%| F|  |TAMS 0x0000000751f00000, 0x0000000751f00000| Untracked 
| 288|0x0000000752000000, 0x0000000752000000, 0x0000000752100000|  0%| F|  |TAMS 0x0000000752000000, 0x0000000752000000| Untracked 
| 289|0x0000000752100000, 0x0000000752100000, 0x0000000752200000|  0%| F|  |TAMS 0x0000000752100000, 0x0000000752100000| Untracked 
| 290|0x0000000752200000, 0x0000000752200000, 0x0000000752300000|  0%| F|  |TAMS 0x0000000752200000, 0x0000000752200000| Untracked 
| 291|0x0000000752300000, 0x0000000752300000, 0x0000000752400000|  0%| F|  |TAMS 0x0000000752300000, 0x0000000752300000| Untracked 
| 292|0x0000000752400000, 0x0000000752400000, 0x0000000752500000|  0%| F|  |TAMS 0x0000000752400000, 0x0000000752400000| Untracked 
| 293|0x0000000752500000, 0x0000000752500000, 0x0000000752600000|  0%| F|  |TAMS 0x0000000752500000, 0x0000000752500000| Untracked 
| 294|0x0000000752600000, 0x0000000752600000, 0x0000000752700000|  0%| F|  |TAMS 0x0000000752600000, 0x0000000752600000| Untracked 
| 295|0x0000000752700000, 0x0000000752700000, 0x0000000752800000|  0%| F|  |TAMS 0x0000000752700000, 0x0000000752700000| Untracked 
| 296|0x0000000752800000, 0x0000000752800000, 0x0000000752900000|  0%| F|  |TAMS 0x0000000752800000, 0x0000000752800000| Untracked 
| 297|0x0000000752900000, 0x0000000752900000, 0x0000000752a00000|  0%| F|  |TAMS 0x0000000752900000, 0x0000000752900000| Untracked 
| 298|0x0000000752a00000, 0x0000000752a00000, 0x0000000752b00000|  0%| F|  |TAMS 0x0000000752a00000, 0x0000000752a00000| Untracked 
| 299|0x0000000752b00000, 0x0000000752c00000, 0x0000000752c00000|100%| E|  |TAMS 0x0000000752b00000, 0x0000000752b00000| Complete 
| 300|0x0000000752c00000, 0x0000000752d00000, 0x0000000752d00000|100%| E|CS|TAMS 0x0000000752c00000, 0x0000000752c00000| Complete 
| 301|0x0000000752d00000, 0x0000000752e00000, 0x0000000752e00000|100%| E|CS|TAMS 0x0000000752d00000, 0x0000000752d00000| Complete 
| 302|0x0000000752e00000, 0x0000000752f00000, 0x0000000752f00000|100%| E|CS|TAMS 0x0000000752e00000, 0x0000000752e00000| Complete 
| 303|0x0000000752f00000, 0x0000000753000000, 0x0000000753000000|100%| E|CS|TAMS 0x0000000752f00000, 0x0000000752f00000| Complete 
| 304|0x0000000753000000, 0x0000000753100000, 0x0000000753100000|100%| E|  |TAMS 0x0000000753000000, 0x0000000753000000| Complete 
| 305|0x0000000753100000, 0x0000000753200000, 0x0000000753200000|100%| E|CS|TAMS 0x0000000753100000, 0x0000000753100000| Complete 
| 306|0x0000000753200000, 0x0000000753300000, 0x0000000753300000|100%| E|CS|TAMS 0x0000000753200000, 0x0000000753200000| Complete 
| 307|0x0000000753300000, 0x0000000753400000, 0x0000000753400000|100%| E|CS|TAMS 0x0000000753300000, 0x0000000753300000| Complete 
| 308|0x0000000753400000, 0x0000000753500000, 0x0000000753500000|100%| E|CS|TAMS 0x0000000753400000, 0x0000000753400000| Complete 
| 309|0x0000000753500000, 0x0000000753600000, 0x0000000753600000|100%| E|CS|TAMS 0x0000000753500000, 0x0000000753500000| Complete 
| 310|0x0000000753600000, 0x0000000753700000, 0x0000000753700000|100%| E|CS|TAMS 0x0000000753600000, 0x0000000753600000| Complete 
| 311|0x0000000753700000, 0x0000000753800000, 0x0000000753800000|100%| E|CS|TAMS 0x0000000753700000, 0x0000000753700000| Complete 
| 312|0x0000000753800000, 0x0000000753900000, 0x0000000753900000|100%| E|CS|TAMS 0x0000000753800000, 0x0000000753800000| Complete 
| 313|0x0000000753900000, 0x0000000753a00000, 0x0000000753a00000|100%| E|CS|TAMS 0x0000000753900000, 0x0000000753900000| Complete 
| 314|0x0000000753a00000, 0x0000000753b00000, 0x0000000753b00000|100%| E|CS|TAMS 0x0000000753a00000, 0x0000000753a00000| Complete 
| 315|0x0000000753b00000, 0x0000000753c00000, 0x0000000753c00000|100%| E|CS|TAMS 0x0000000753b00000, 0x0000000753b00000| Complete 
| 316|0x0000000753c00000, 0x0000000753d00000, 0x0000000753d00000|100%| E|CS|TAMS 0x0000000753c00000, 0x0000000753c00000| Complete 
| 317|0x0000000753d00000, 0x0000000753e00000, 0x0000000753e00000|100%| E|CS|TAMS 0x0000000753d00000, 0x0000000753d00000| Complete 
| 318|0x0000000753e00000, 0x0000000753f00000, 0x0000000753f00000|100%| E|CS|TAMS 0x0000000753e00000, 0x0000000753e00000| Complete 
| 319|0x0000000753f00000, 0x0000000754000000, 0x0000000754000000|100%| E|CS|TAMS 0x0000000753f00000, 0x0000000753f00000| Complete 
| 320|0x0000000754000000, 0x0000000754100000, 0x0000000754100000|100%| E|CS|TAMS 0x0000000754000000, 0x0000000754000000| Complete 
| 321|0x0000000754100000, 0x0000000754200000, 0x0000000754200000|100%| E|CS|TAMS 0x0000000754100000, 0x0000000754100000| Complete 
| 322|0x0000000754200000, 0x0000000754300000, 0x0000000754300000|100%| E|CS|TAMS 0x0000000754200000, 0x0000000754200000| Complete 
| 323|0x0000000754300000, 0x00000007543df6e0, 0x0000000754400000| 87%| S|CS|TAMS 0x0000000754300000, 0x0000000754300000| Complete 
| 324|0x0000000754400000, 0x0000000754500000, 0x0000000754500000|100%| S|CS|TAMS 0x0000000754400000, 0x0000000754400000| Complete 
| 325|0x0000000754500000, 0x0000000754600000, 0x0000000754600000|100%| E|CS|TAMS 0x0000000754500000, 0x0000000754500000| Complete 
| 326|0x0000000754600000, 0x0000000754700000, 0x0000000754700000|100%| E|CS|TAMS 0x0000000754600000, 0x0000000754600000| Complete 
| 327|0x0000000754700000, 0x0000000754800000, 0x0000000754800000|100%| E|CS|TAMS 0x0000000754700000, 0x0000000754700000| Complete 
| 328|0x0000000754800000, 0x0000000754900000, 0x0000000754900000|100%| E|CS|TAMS 0x0000000754800000, 0x0000000754800000| Complete 
| 329|0x0000000754900000, 0x0000000754a00000, 0x0000000754a00000|100%| E|CS|TAMS 0x0000000754900000, 0x0000000754900000| Complete 
| 330|0x0000000754a00000, 0x0000000754b00000, 0x0000000754b00000|100%| E|CS|TAMS 0x0000000754a00000, 0x0000000754a00000| Complete 
| 331|0x0000000754b00000, 0x0000000754c00000, 0x0000000754c00000|100%| E|CS|TAMS 0x0000000754b00000, 0x0000000754b00000| Complete 
| 332|0x0000000754c00000, 0x0000000754d00000, 0x0000000754d00000|100%| E|CS|TAMS 0x0000000754c00000, 0x0000000754c00000| Complete 
| 333|0x0000000754d00000, 0x0000000754e00000, 0x0000000754e00000|100%| E|CS|TAMS 0x0000000754d00000, 0x0000000754d00000| Complete 
| 334|0x0000000754e00000, 0x0000000754f00000, 0x0000000754f00000|100%| E|CS|TAMS 0x0000000754e00000, 0x0000000754e00000| Complete 
| 335|0x0000000754f00000, 0x0000000755000000, 0x0000000755000000|100%| E|CS|TAMS 0x0000000754f00000, 0x0000000754f00000| Complete 
| 336|0x0000000755000000, 0x0000000755100000, 0x0000000755100000|100%| E|CS|TAMS 0x0000000755000000, 0x0000000755000000| Complete 
| 337|0x0000000755100000, 0x0000000755200000, 0x0000000755200000|100%| E|CS|TAMS 0x0000000755100000, 0x0000000755100000| Complete 
| 338|0x0000000755200000, 0x0000000755300000, 0x0000000755300000|100%| E|CS|TAMS 0x0000000755200000, 0x0000000755200000| Complete 

Card table byte_map: [0x00000155f0040000,0x00000155f0640000] _byte_map_base: 0x00000155ec640000

Marking Bits (Prev, Next): (CMBitMap*) 0x00000155dbf57158, (CMBitMap*) 0x00000155dbf57190
 Prev Bits: [0x00000155f0c40000, 0x00000155f3c40000)
 Next Bits: [0x00000155f3c40000, 0x00000155f6c40000)

Polling page: 0x00000155da500000

Metaspace:

Usage:
  Non-class:     54.65 MB capacity,    53.31 MB ( 98%) used,     1.13 MB (  2%) free+waste,   214.63 KB ( <1%) overhead. 
      Class:      9.08 MB capacity,     8.29 MB ( 91%) used,   699.33 KB (  8%) free+waste,   102.88 KB (  1%) overhead. 
       Both:     63.73 MB capacity,    61.60 MB ( 97%) used,     1.82 MB (  3%) free+waste,   317.50 KB ( <1%) overhead. 

Virtual space:
  Non-class space:       56.00 MB reserved,      54.75 MB ( 98%) committed 
      Class space:        1.00 GB reserved,       9.13 MB ( <1%) committed 
             Both:        1.05 GB reserved,      63.88 MB (  6%) committed 

Chunk freelists:
   Non-Class:  39.00 KB
       Class:  1.00 KB
        Both:  40.00 KB

CodeHeap 'non-profiled nmethods': size=120000Kb used=5139Kb max_used=5669Kb free=114861Kb
 bounds [0x00000155e7890000, 0x00000155e7e20000, 0x00000155eedc0000]
CodeHeap 'profiled nmethods': size=120000Kb used=18599Kb max_used=20159Kb free=101400Kb
 bounds [0x00000155e0360000, 0x00000155e1720000, 0x00000155e7890000]
CodeHeap 'non-nmethods': size=5760Kb used=2287Kb max_used=2350Kb free=3472Kb
 bounds [0x00000155dfdc0000, 0x00000155e0030000, 0x00000155e0360000]
 total_blobs=12933 nmethods=8265 adapters=783
 compilation: enabled
              stopped_count=0, restarted_count=0
 full_count=0

Compilation events (10 events):
Event: 100.743 Thread 0x00000155fa1df800 nmethod 9446 0x00000155e79fe310 code [0x00000155e79fe4c0, 0x00000155e79fe5f8]
Event: 100.743 Thread 0x00000155fa1df800 9447       1       org.gradle.tooling.internal.provider.runner.SubtreeFilteringBuildOperationListener::progress (1 bytes)
Event: 100.743 Thread 0x00000155fa1df800 nmethod 9447 0x00000155e79fdf90 code [0x00000155e79fe140, 0x00000155e79fe278]
Event: 100.749 Thread 0x00000155fa1dc800 9448       4       org.gradle.internal.time.MonotonicClock::getCurrentTime (70 bytes)
Event: 100.753 Thread 0x00000155fa1dc800 nmethod 9448 0x00000155e7a32d90 code [0x00000155e7a32f40, 0x00000155e7a33208]
Event: 100.756 Thread 0x00000155fa1dc800 9449       4       org.gradle.internal.serialize.DefaultSerializerRegistry$TaggedTypeSerializer::write (37 bytes)
Event: 100.764 Thread 0x00000155fa1dc800 nmethod 9449 0x00000155e7a32310 code [0x00000155e7a32500, 0x00000155e7a32908]
Event: 100.764 Thread 0x00000155fa1dc800 9450       4       sun.nio.cs.SingleByte$Decoder::decodeLoop (28 bytes)
Event: 100.779 Thread 0x00000155fa1dc800 nmethod 9450 0x00000155e7a47790 code [0x00000155e7a47960, 0x00000155e7a47ff8]
Event: 100.779 Thread 0x00000155fa1dc800 9451       4       org.gradle.internal.logging.sink.ProgressLogEventGenerator$Operation::completeHeader (154 bytes)

GC Heap History (10 events):
Event: 71.967 GC heap before
{Heap before GC invocations=63 (full 0):
 garbage-first heap   total 288768K, used 133928K [0x0000000740000000, 0x0000000800000000)
  region size 1024K, 8 young (8192K), 5 survivors (5120K)
 Metaspace       used 62996K, capacity 65198K, committed 65408K, reserved 1105920K
  class space    used 8492K, capacity 9295K, committed 9344K, reserved 1048576K
}
Event: 71.972 GC heap after
{Heap after GC invocations=64 (full 0):
 garbage-first heap   total 288768K, used 68176K [0x0000000740000000, 0x0000000800000000)
  region size 1024K, 5 young (5120K), 5 survivors (5120K)
 Metaspace       used 62996K, capacity 65198K, committed 65408K, reserved 1105920K
  class space    used 8492K, capacity 9295K, committed 9344K, reserved 1048576K
}
Event: 72.080 GC heap before
{Heap before GC invocations=65 (full 0):
 garbage-first heap   total 288768K, used 131664K [0x0000000740000000, 0x0000000800000000)
  region size 1024K, 7 young (7168K), 5 survivors (5120K)
 Metaspace       used 62996K, capacity 65198K, committed 65408K, reserved 1105920K
  class space    used 8492K, capacity 9295K, committed 9344K, reserved 1048576K
}
Event: 72.086 GC heap after
{Heap after GC invocations=66 (full 0):
 garbage-first heap   total 288768K, used 76577K [0x0000000740000000, 0x0000000800000000)
  region size 1024K, 5 young (5120K), 5 survivors (5120K)
 Metaspace       used 62996K, capacity 65198K, committed 65408K, reserved 1105920K
  class space    used 8492K, capacity 9295K, committed 9344K, reserved 1048576K
}
Event: 72.188 GC heap before
{Heap before GC invocations=67 (full 0):
 garbage-first heap   total 288768K, used 128801K [0x0000000740000000, 0x0000000800000000)
  region size 1024K, 9 young (9216K), 5 survivors (5120K)
 Metaspace       used 62996K, capacity 65198K, committed 65408K, reserved 1105920K
  class space    used 8492K, capacity 9295K, committed 9344K, reserved 1048576K
}
Event: 72.196 GC heap after
{Heap after GC invocations=68 (full 0):
 garbage-first heap   total 347136K, used 76449K [0x0000000740000000, 0x0000000800000000)
  region size 1024K, 5 young (5120K), 5 survivors (5120K)
 Metaspace       used 62996K, capacity 65198K, committed 65408K, reserved 1105920K
  class space    used 8492K, capacity 9295K, committed 9344K, reserved 1048576K
}
Event: 72.340 GC heap before
{Heap before GC invocations=69 (full 0):
 garbage-first heap   total 347136K, used 159393K [0x0000000740000000, 0x0000000800000000)
  region size 1024K, 7 young (7168K), 5 survivors (5120K)
 Metaspace       used 62996K, capacity 65198K, committed 65408K, reserved 1105920K
  class space    used 8492K, capacity 9295K, committed 9344K, reserved 1048576K
}
Event: 72.347 GC heap after
{Heap after GC invocations=70 (full 0):
 garbage-first heap   total 347136K, used 66411K [0x0000000740000000, 0x0000000800000000)
  region size 1024K, 3 young (3072K), 3 survivors (3072K)
 Metaspace       used 62996K, capacity 65198K, committed 65408K, reserved 1105920K
  class space    used 8492K, capacity 9295K, committed 9344K, reserved 1048576K
}
Event: 72.487 GC heap before
{Heap before GC invocations=71 (full 0):
 garbage-first heap   total 347136K, used 166763K [0x0000000740000000, 0x0000000800000000)
  region size 1024K, 14 young (14336K), 3 survivors (3072K)
 Metaspace       used 62996K, capacity 65198K, committed 65408K, reserved 1105920K
  class space    used 8492K, capacity 9295K, committed 9344K, reserved 1048576K
}
Event: 72.490 GC heap after
{Heap after GC invocations=72 (full 0):
 garbage-first heap   total 347136K, used 66398K [0x0000000740000000, 0x0000000800000000)
  region size 1024K, 2 young (2048K), 2 survivors (2048K)
 Metaspace       used 62996K, capacity 65198K, committed 65408K, reserved 1105920K
  class space    used 8492K, capacity 9295K, committed 9344K, reserved 1048576K
}

Deoptimization events (10 events):
Event: 69.674 Thread 0x00000155fc0d1800 Uncommon trap: reason=unstable_if action=reinterpret pc=0x00000155e7da28e0 method=com.google.gson.internal.LinkedTreeMap.find(Ljava/lang/Object;Z)Lcom/google/gson/internal/LinkedTreeMap$Node; @ 226 c2
Event: 69.674 Thread 0x00000155fc0d1800 Uncommon trap: reason=class_check action=maybe_recompile pc=0x00000155e7da7908 method=com.google.gson.internal.bind.ReflectiveTypeAdapterFactory$Adapter.read(Lcom/google/gson/stream/JsonReader;)Ljava/lang/Object; @ 20 c2
Event: 69.674 Thread 0x00000155fc0d1800 Uncommon trap: reason=bimorphic_or_optimized_type_check action=maybe_recompile pc=0x00000155e7d9fa04 method=java.lang.reflect.Field.set(Ljava/lang/Object;Ljava/lang/Object;)V @ 24 c2
Event: 69.674 Thread 0x00000155fc0d1800 Uncommon trap: reason=bimorphic_or_optimized_type_check action=maybe_recompile pc=0x00000155e7d9fa04 method=java.lang.reflect.Field.set(Ljava/lang/Object;Ljava/lang/Object;)V @ 24 c2
Event: 69.674 Thread 0x00000155fc0d1800 Uncommon trap: reason=class_check action=maybe_recompile pc=0x00000155e7da7908 method=com.google.gson.internal.bind.ReflectiveTypeAdapterFactory$Adapter.read(Lcom/google/gson/stream/JsonReader;)Ljava/lang/Object; @ 20 c2
Event: 69.679 Thread 0x00000155fc0d1800 Uncommon trap: reason=class_check action=maybe_recompile pc=0x00000155e7dc4e28 method=org.apache.commons.io.IOUtils.copyLarge(Ljava/io/InputStream;Ljava/io/OutputStream;[B)J @ 9 c2
Event: 69.702 Thread 0x00000155fc0d1800 Uncommon trap: reason=unstable_if action=reinterpret pc=0x00000155e7dc17bc method=java.math.MutableBigInteger.divideKnuth(Ljava/math/MutableBigInteger;Ljava/math/MutableBigInteger;Z)Ljava/math/MutableBigInteger; @ 190 c2
Event: 70.124 Thread 0x00000155fc0d1800 Uncommon trap: reason=bimorphic_or_optimized_type_check action=maybe_recompile pc=0x00000155e7a44cac method=java.util.AbstractCollection.addAll(Ljava/util/Collection;)Z @ 29 c2
Event: 70.573 Thread 0x00000155fc56c800 Uncommon trap: reason=unstable_if action=reinterpret pc=0x00000155e7d26bd4 method=com.google.common.collect.MapMakerInternalMap$Segment.getEntry(Ljava/lang/Object;I)Lcom/google/common/collect/MapMakerInternalMap$InternalEntry; @ 40 c2
Event: 70.645 Thread 0x00000155fc56c800 Uncommon trap: reason=intrinsic_or_type_checked_inlining action=make_not_entrant pc=0x00000155e7a0d558 method=java.util.Arrays.copyOfRange([Ljava/lang/Object;IILjava/lang/Class;)[Ljava/lang/Object; @ 83 c2

Classes redefined (0 events):
No events

Internal exceptions (10 events):
Event: 37.137 Thread 0x00000155fc359800 Exception <a 'java/lang/NoSuchMethodError'{0x000000074eb8dca8}: <clinit>> (0x000000074eb8dca8) thrown at [c:/BuildAgent/work/5ff2f6c26000d570/src/hotspot/share/prims/jni.cpp, line 1364]
Event: 37.161 Thread 0x00000155fc0d1800 Exception <a 'java/lang/NoSuchMethodError'{0x000000074ea022b0}: java.lang.invoke.DirectMethodHandle$Holder.invokeSpecial(Ljava/lang/Object;Ljava/lang/Object;Ljava/lang/Object;IILjava/lang/Object;Ljava/lang/Object;)Ljava/lang/Object;> (0x000000074ea022b0) 
Event: 37.161 Thread 0x00000155fc0d1800 Exception <a 'java/lang/NoSuchMethodError'{0x000000074ea0b418}: java.lang.invoke.DirectMethodHandle$Holder.invokeStatic(Ljava/lang/Object;Ljava/lang/Object;Ljava/lang/Object;IILjava/lang/Object;)Ljava/lang/Object;> (0x000000074ea0b418) thrown at [c:/Build
Event: 37.162 Thread 0x00000155fc0d1800 Exception <a 'java/lang/NoSuchMethodError'{0x000000074ea0f130}: java.lang.invoke.DirectMethodHandle$Holder.invokeSpecial(Ljava/lang/Object;Ljava/lang/Object;Ljava/lang/Object;Ljava/lang/Object;IILjava/lang/Object;)Ljava/lang/Object;> (0x000000074ea0f130) 
Event: 37.162 Thread 0x00000155fc0d1800 Exception <a 'java/lang/NoSuchMethodError'{0x000000074ea12650}: java.lang.invoke.Invokers$Holder.linkToTargetMethod(Ljava/lang/Object;Ljava/lang/Object;IILjava/lang/Object;Ljava/lang/Object;)Ljava/lang/Object;> (0x000000074ea12650) thrown at [c:/BuildAgen
Event: 37.267 Thread 0x00000155fc12c000 Exception <a 'java/lang/NoSuchMethodError'{0x000000074e426338}: <clinit>> (0x000000074e426338) thrown at [c:/BuildAgent/work/5ff2f6c26000d570/src/hotspot/share/prims/jni.cpp, line 1364]
Event: 37.267 Thread 0x00000155fc12c000 Exception <a 'java/lang/NoSuchMethodError'{0x000000074e437168}: <clinit>> (0x000000074e437168) thrown at [c:/BuildAgent/work/5ff2f6c26000d570/src/hotspot/share/prims/jni.cpp, line 1364]
Event: 37.267 Thread 0x00000155fc12c000 Exception <a 'java/lang/NoSuchMethodError'{0x000000074e438838}: <clinit>> (0x000000074e438838) thrown at [c:/BuildAgent/work/5ff2f6c26000d570/src/hotspot/share/prims/jni.cpp, line 1364]
Event: 37.268 Thread 0x00000155fc12c000 Exception <a 'java/lang/NoSuchMethodError'{0x000000074e44ad48}: <clinit>> (0x000000074e44ad48) thrown at [c:/BuildAgent/work/5ff2f6c26000d570/src/hotspot/share/prims/jni.cpp, line 1364]
Event: 37.268 Thread 0x00000155fc12c000 Exception <a 'java/lang/NoSuchMethodError'{0x000000074e456f80}: <clinit>> (0x000000074e456f80) thrown at [c:/BuildAgent/work/5ff2f6c26000d570/src/hotspot/share/prims/jni.cpp, line 1364]

Events (10 events):
Event: 79.542 Executing VM operation: RevokeBias
Event: 79.542 Executing VM operation: RevokeBias done
Event: 79.542 Executing VM operation: RevokeBias
Event: 79.542 Executing VM operation: RevokeBias done
Event: 79.542 Executing VM operation: RevokeBias
Event: 79.543 Executing VM operation: RevokeBias done
Event: 79.543 Thread 0x00000155fc572000 Thread exited: 0x00000155fc572000
Event: 93.609 Thread 0x00000155fc932000 Thread exited: 0x00000155fc932000
Event: 93.610 Thread 0x00000155fad74000 Thread exited: 0x00000155fad74000
Event: 93.623 Thread 0x00000155fc934800 Thread exited: 0x00000155fc934800


Dynamic libraries:
0x00007ff64f820000 - 0x00007ff64f867000 	C:\Program Files\JetBrains\IntelliJ IDEA Community Edition 2019.2.2\jbr\bin\java.exe
0x00007ffff75b0000 - 0x00007ffff77a5000 	C:\WINDOWS\SYSTEM32\ntdll.dll
0x00007ffff7200000 - 0x00007ffff72be000 	C:\WINDOWS\System32\KERNEL32.DLL
0x00007ffff4e90000 - 0x00007ffff5158000 	C:\WINDOWS\System32\KERNELBASE.dll
0x00007ffff6400000 - 0x00007ffff65a0000 	C:\WINDOWS\System32\USER32.dll
0x00007ffff53d0000 - 0x00007ffff53f2000 	C:\WINDOWS\System32\win32u.dll
0x00007ffff6630000 - 0x00007ffff665a000 	C:\WINDOWS\System32\GDI32.dll
0x00007ffff5160000 - 0x00007ffff526b000 	C:\WINDOWS\System32\gdi32full.dll
0x00007ffff54b0000 - 0x00007ffff554d000 	C:\WINDOWS\System32\msvcp_win.dll
0x00007ffff4d60000 - 0x00007ffff4e60000 	C:\WINDOWS\System32\ucrtbase.dll
0x00007fffdfdd0000 - 0x00007fffe006a000 	C:\WINDOWS\WinSxS\amd64_microsoft.windows.common-controls_6595b64144ccf1df_6.0.19041.1110_none_60b5254171f9507e\COMCTL32.dll
0x00007ffff5610000 - 0x00007ffff56ae000 	C:\WINDOWS\System32\msvcrt.dll
0x00007ffff7170000 - 0x00007ffff71a0000 	C:\WINDOWS\System32\IMM32.DLL
0x00007fffcb030000 - 0x00007fffcb047000 	C:\Program Files\JetBrains\IntelliJ IDEA Community Edition 2019.2.2\jbr\bin\vcruntime140.dll
0x00007fffb1120000 - 0x00007fffb11bd000 	C:\Program Files\JetBrains\IntelliJ IDEA Community Edition 2019.2.2\jbr\bin\msvcp140.dll
0x00007fffa1f30000 - 0x00007fffa29e7000 	C:\Program Files\JetBrains\IntelliJ IDEA Community Edition 2019.2.2\jbr\bin\server\jvm.dll
0x00007ffff6ff0000 - 0x00007ffff709e000 	C:\WINDOWS\System32\ADVAPI32.dll
0x00007ffff6360000 - 0x00007ffff63fc000 	C:\WINDOWS\System32\sechost.dll
0x00007ffff56b0000 - 0x00007ffff57d5000 	C:\WINDOWS\System32\RPCRT4.dll
0x00007ffff6d20000 - 0x00007ffff6d28000 	C:\WINDOWS\System32\PSAPI.DLL
0x00007fffeef70000 - 0x00007fffeef7a000 	C:\WINDOWS\SYSTEM32\VERSION.dll
0x00007fffe69f0000 - 0x00007fffe6a17000 	C:\WINDOWS\SYSTEM32\WINMM.dll
0x00007fffe2f90000 - 0x00007fffe2f99000 	C:\WINDOWS\SYSTEM32\WSOCK32.dll
0x00007ffff6cb0000 - 0x00007ffff6d1b000 	C:\WINDOWS\System32\WS2_32.dll
0x00007ffff2bf0000 - 0x00007ffff2c02000 	C:\WINDOWS\SYSTEM32\kernel.appcore.dll
0x00007fffee9e0000 - 0x00007fffee9f1000 	C:\Program Files\JetBrains\IntelliJ IDEA Community Edition 2019.2.2\jbr\bin\verify.dll
0x00007fffec230000 - 0x00007fffec414000 	C:\WINDOWS\SYSTEM32\DBGHELP.DLL
0x00007fffebc70000 - 0x00007fffebc9c000 	C:\WINDOWS\SYSTEM32\dbgcore.DLL
0x00007ffff4cd0000 - 0x00007ffff4d52000 	C:\WINDOWS\System32\bcryptPrimitives.dll
0x00007fffed670000 - 0x00007fffed699000 	C:\Program Files\JetBrains\IntelliJ IDEA Community Edition 2019.2.2\jbr\bin\java.dll
0x00007fffeb150000 - 0x00007fffeb167000 	C:\Program Files\JetBrains\IntelliJ IDEA Community Edition 2019.2.2\jbr\bin\zip.dll
0x00007fffef5e0000 - 0x00007fffef5eb000 	C:\Program Files\JetBrains\IntelliJ IDEA Community Edition 2019.2.2\jbr\bin\jimage.dll
0x00007ffff57e0000 - 0x00007ffff5f24000 	C:\WINDOWS\System32\SHELL32.dll
0x00007ffff2df0000 - 0x00007ffff3584000 	C:\WINDOWS\SYSTEM32\windows.storage.dll
0x00007ffff5f30000 - 0x00007ffff6284000 	C:\WINDOWS\System32\combase.dll
0x00007ffff4740000 - 0x00007ffff476c000 	C:\WINDOWS\SYSTEM32\Wldp.dll
0x00007ffff6f40000 - 0x00007ffff6fed000 	C:\WINDOWS\System32\SHCORE.dll
0x00007ffff6bf0000 - 0x00007ffff6c45000 	C:\WINDOWS\System32\shlwapi.dll
0x00007ffff4c10000 - 0x00007ffff4c2f000 	C:\WINDOWS\SYSTEM32\profapi.dll
0x00007fffeb090000 - 0x00007fffeb0aa000 	C:\Program Files\JetBrains\IntelliJ IDEA Community Edition 2019.2.2\jbr\bin\net.dll
0x00007fffe5250000 - 0x00007fffe543c000 	C:\WINDOWS\SYSTEM32\urlmon.dll
0x00007fffeedf0000 - 0x00007fffeeefa000 	C:\WINDOWS\SYSTEM32\WINHTTP.dll
0x00007fffe4cf0000 - 0x00007fffe4fa1000 	C:\WINDOWS\SYSTEM32\iertutil.dll
0x00007fffe5090000 - 0x00007fffe50b8000 	C:\WINDOWS\SYSTEM32\srvcli.dll
0x00007ffff42f0000 - 0x00007ffff42fc000 	C:\WINDOWS\SYSTEM32\netutils.dll
0x00007ffff44a0000 - 0x00007ffff450a000 	C:\WINDOWS\system32\mswsock.dll
0x00007fffeb070000 - 0x00007fffeb084000 	C:\Program Files\JetBrains\IntelliJ IDEA Community Edition 2019.2.2\jbr\bin\nio.dll
0x00007fffeac90000 - 0x00007fffeacb7000 	C:\Users\uygar\.gradle\native\fdc75f09e3144964f2cf3f50f0aa648679c211496f362492102eb8c894070792\windows-amd64\native-platform.dll
0x00007fffb0850000 - 0x00007fffb09e6000 	C:\Users\uygar\.gradle\native\12488b8bf47d2d4c9fbf2f6322a914ad602e24e48041cd04a747c6da556b65c4\windows-amd64\native-platform-file-events.dll
0x00007fffef2f0000 - 0x00007fffef2fa000 	C:\Program Files\JetBrains\IntelliJ IDEA Community Edition 2019.2.2\jbr\bin\management.dll
0x00007fffec8d0000 - 0x00007fffec8dc000 	C:\Program Files\JetBrains\IntelliJ IDEA Community Edition 2019.2.2\jbr\bin\management_ext.dll
0x00007ffff4690000 - 0x00007ffff46a8000 	C:\WINDOWS\SYSTEM32\CRYPTSP.dll
0x00007ffff3db0000 - 0x00007ffff3de4000 	C:\WINDOWS\system32\rsaenh.dll
0x00007ffff4e60000 - 0x00007ffff4e87000 	C:\WINDOWS\System32\bcrypt.dll
0x00007ffff4b90000 - 0x00007ffff4bbe000 	C:\WINDOWS\SYSTEM32\USERENV.dll
0x00007ffff46b0000 - 0x00007ffff46bc000 	C:\WINDOWS\SYSTEM32\CRYPTBASE.dll
0x00007ffff4140000 - 0x00007ffff417b000 	C:\WINDOWS\SYSTEM32\IPHLPAPI.DLL
0x00007ffff74e0000 - 0x00007ffff74e8000 	C:\WINDOWS\System32\NSI.dll
0x00007fffed260000 - 0x00007fffed277000 	C:\WINDOWS\SYSTEM32\dhcpcsvc6.DLL
0x00007fffeda00000 - 0x00007fffeda1d000 	C:\WINDOWS\SYSTEM32\dhcpcsvc.DLL
0x00007ffff4180000 - 0x00007ffff424b000 	C:\WINDOWS\SYSTEM32\DNSAPI.dll
0x00007fffee440000 - 0x00007fffee44b000 	C:\WINDOWS\SYSTEM32\WINNSI.DLL
0x00007fffd9950000 - 0x00007fffd9978000 	C:\Program Files\JetBrains\IntelliJ IDEA Community Edition 2019.2.2\jbr\bin\sunec.dll
0x00007fffe8e20000 - 0x00007fffe8e2a000 	C:\Windows\System32\rasadhlp.dll
0x00007fffe8ef0000 - 0x00007fffe8f6f000 	C:\WINDOWS\System32\fwpuclnt.dll
0x00007ffff25e0000 - 0x00007ffff2670000 	C:\WINDOWS\system32\apphelp.dll

dbghelp: loaded successfully - version: 4.0.5 - missing functions: none
symbol engine: initialized successfully - sym options: 0x614 - pdb path: .;C:\Program Files\JetBrains\IntelliJ IDEA Community Edition 2019.2.2\jbr\bin;C:\WINDOWS\SYSTEM32;C:\WINDOWS\WinSxS\amd64_microsoft.windows.common-controls_6595b64144ccf1df_6.0.19041.1110_none_60b5254171f9507e;C:\Program Files\JetBrains\IntelliJ IDEA Community Edition 2019.2.2\jbr\bin\server;C:\Users\uygar\.gradle\native\fdc75f09e3144964f2cf3f50f0aa648679c211496f362492102eb8c894070792\windows-amd64;C:\Users\uygar\.gradle\native\12488b8bf47d2d4c9fbf2f6322a914ad602e24e48041cd04a747c6da556b65c4\windows-amd64

VM Arguments:
jvm_args: --add-opens=java.base/java.util=ALL-UNNAMED --add-opens=java.base/java.lang=ALL-UNNAMED --add-opens=java.base/java.lang.invoke=ALL-UNNAMED --add-opens=java.prefs/java.util.prefs=ALL-UNNAMED -Xmx3G -Dfile.encoding=windows-1254 -Duser.country=TR -Duser.language=tr -Duser.variant 
java_command: org.gradle.launcher.daemon.bootstrap.GradleDaemon 6.8.1
java_class_path (initial): C:\Users\uygar\.gradle\wrapper\dists\gradle-6.8.1-all\923to48kq3drqywuppfjkcokx\gradle-6.8.1\lib\gradle-launcher-6.8.1.jar
Launcher Type: SUN_STANDARD

[Global flags]
     intx CICompilerCount                          = 4                                         {product} {ergonomic}
     uint ConcGCThreads                            = 3                                         {product} {ergonomic}
     uint G1ConcRefinementThreads                  = 10                                        {product} {ergonomic}
   size_t G1HeapRegionSize                         = 1048576                                   {product} {ergonomic}
    uintx GCDrainStackTargetSize                   = 64                                        {product} {ergonomic}
   size_t InitialHeapSize                          = 266338304                                 {product} {ergonomic}
   size_t MarkStackSize                            = 4194304                                   {product} {ergonomic}
   size_t MaxHeapSize                              = 3221225472                                {product} {command line}
   size_t MaxNewSize                               = 1932525568                                {product} {ergonomic}
   size_t MinHeapDeltaBytes                        = 1048576                                   {product} {ergonomic}
    uintx NonNMethodCodeHeapSize                   = 5835340                                {pd product} {ergonomic}
    uintx NonProfiledCodeHeapSize                  = 122911450                              {pd product} {ergonomic}
    uintx ProfiledCodeHeapSize                     = 122911450                              {pd product} {ergonomic}
    uintx ReservedCodeCacheSize                    = 251658240                              {pd product} {ergonomic}
     bool SegmentedCodeCache                       = true                                      {product} {ergonomic}
     bool UseCompressedClassPointers               = true                                 {lp64_product} {ergonomic}
     bool UseCompressedOops                        = true                                 {lp64_product} {ergonomic}
     bool UseG1GC                                  = true                                      {product} {ergonomic}
     bool UseLargePagesIndividualAllocation        = false                                  {pd product} {ergonomic}

Logging:
Log output configuration:
 #0: stdout all=warning uptime,level,tags
 #1: stderr all=off uptime,level,tags

Environment Variables:
PATH=C:\Program Files (x86)\Common Files\Oracle\Java\javapath;C:\Windows\system32;C:\Windows;C:\Windows\System32\Wbem;C:\Windows\System32\WindowsPowerShell\v1.0\;C:\Windows\System32\OpenSSH\;C:\Program Files (x86)\NVIDIA Corporation\PhysX\Common;C:\Program Files\Intel\WiFi\bin\;C:\Program Files\Common Files\Intel\WirelessCommon\;C:\Program Files (x86)\Intel\Intel(R) Management Engine Components\DAL;C:\Program Files\Intel\Intel(R) Management Engine Components\DAL;C:\jdk-13\bin\java;C:\Program Files\dotnet\;C:\Program Files\Git\cmd;C:\Program Files\Git\mingw64\bin;C:\Program Files\Git\usr\bin;C:\WINDOWS\system32;C:\WINDOWS;C:\WINDOWS\System32\Wbem;C:\WINDOWS\System32\WindowsPowerShell\v1.0\;C:\WINDOWS\System32\OpenSSH\;C:\Program Files\PuTTY\;C:\Program Files\nodejs\;C:\Python\Python37-32\Scripts\;C:\Python\Python37-32\;C:\Users\uygar\AppData\Local\Microsoft\WindowsApps;C:\Users\uygar\AppData\Local\Programs\Microsoft VS Code\bin;C:\PyCharm Community Edition 2019.2.3\bin;C:\Users\uygar\AppData\Local\atom\bin;C:\Users\uygar\AppData\Local\GitHubDesktop\bin;C:\Users\uygar\AppData\Local\Microsoft\WindowsApps;C:\Users\uygar\AppData\Roaming\npm
USERNAME=uygar
OS=Windows_NT
PROCESSOR_IDENTIFIER=Intel64 Family 6 Model 158 Stepping 10, GenuineIntel



---------------  S Y S T E M  ---------------

OS: Windows 10 , 64 bit Build 19041 (10.0.19041.1645)

CPU:total 12 (initial active 12) (6 cores per cpu, 2 threads per core) family 6 model 158 stepping 10, cmov, cx8, fxsr, mmx, sse, sse2, sse3, ssse3, sse4.1, sse4.2, popcnt, avx, avx2, aes, clmul, erms, 3dnowpref, lzcnt, ht, tsc, tscinvbit, bmi1, bmi2, adx, fma

Memory: 4k page, system-wide physical 16241M (594M free)
TotalPageFile size 46639M (AvailPageFile size 26M)
current process WorkingSet (physical memory assigned to process): 517M, peak: 539M
current process commit charge ("private bytes"): 575M, peak: 603M

vm_info: OpenJDK 64-Bit Server VM (11.0.3+12-b304.56) for windows-amd64 JRE (11.0.3+12-b304.56), built on Sep  3 2019 10:54:25 by "" with MS VC++ 14.0 (VS2015)

END.
